2023-04-10 23:21:35.025 [info] 로그 수준: Info
2023-04-10 23:21:35.025 [info] "git"에서 찾은 git 유효성을 검사하는 중
2023-04-10 23:21:35.025 [info] "2.20.1"에서 git "git"을(를) 사용하는 중
2023-04-10 23:21:35.049 [info] > git rev-parse --show-toplevel [181ms]
2023-04-10 23:21:35.363 [info] > git rev-parse --git-dir --git-common-dir [127ms]
2023-04-10 23:21:35.635 [info] Open repository: /home/pi/Adafruit_Python_DHT
2023-04-10 23:21:36.295 [info] > git rev-parse --show-toplevel [496ms]
2023-04-10 23:21:36.531 [info] > git rev-parse --show-toplevel [149ms]
2023-04-10 23:21:36.619 [info] > git config --get commit.template [360ms]
2023-04-10 23:21:36.701 [info] > git rev-parse --show-toplevel [86ms]
2023-04-10 23:21:36.849 [info] > git rev-parse --show-toplevel [75ms]
2023-04-10 23:21:37.081 [info] > git rev-parse --show-toplevel [181ms]
2023-04-10 23:21:37.147 [info] > git for-each-ref --format=%(refname)%00%(upstream:short)%00%(objectname)%00%(upstream:track)%00%(upstream:remotename)%00%(upstream:remoteref) refs/heads/master refs/remotes/master [310ms]
2023-04-10 23:21:37.383 [info] > git check-ignore -v -z --stdin [316ms]
2023-04-10 23:21:37.396 [info] > git status -z -uall [196ms]
2023-04-10 23:21:37.436 [info] > git rev-parse --show-toplevel [309ms]
2023-04-10 23:21:37.672 [info] > git rev-parse --show-toplevel [155ms]
2023-04-10 23:21:37.855 [info] > git rev-parse --show-toplevel [96ms]
2023-04-10 23:21:37.875 [info] > git config --get commit.template [215ms]
2023-04-10 23:21:38.057 [info] > git for-each-ref --format=%(refname)%00%(upstream:short)%00%(objectname)%00%(upstream:track)%00%(upstream:remotename)%00%(upstream:remoteref) refs/heads/master refs/remotes/master [57ms]
2023-04-10 23:21:38.165 [info] > git status -z -uall [37ms]
2023-04-10 23:21:39.249 [info] > git show --textconv :Adafruit_DHT/dht11.py [98ms]
2023-04-10 23:21:39.375 [info] > git ls-files --stage -- /home/pi/Adafruit_Python_DHT/Adafruit_DHT/dht11.py [131ms]
2023-04-10 23:23:06.146 [info] > git check-ignore -v -z --stdin [16ms]
2023-04-10 23:23:23.355 [info] > git for-each-ref --format=%(refname)%00%(upstream:short)%00%(objectname)%00%(upstream:track)%00%(upstream:remotename)%00%(upstream:remoteref) refs/heads/master refs/remotes/master [16ms]
2023-04-10 23:23:23.357 [info] > git config --get commit.template [57ms]
2023-04-10 23:23:23.428 [info] > git status -z -uall [31ms]
