2023-09-26 03:56:55.889 [info] 로그 수준: Info
2023-09-26 03:56:55.889 [info] "git"에서 찾은 git 유효성을 검사하는 중
2023-09-26 03:56:55.889 [info] "2.20.1"에서 git "git"을(를) 사용하는 중
2023-09-26 03:56:55.889 [info] > git rev-parse --show-toplevel [181ms]
2023-09-26 03:56:55.889 [info] fatal: detected dubious ownership in repository at '/home/pi'
To add an exception for this directory, call:

	git config --global --add safe.directory /home/pi
2023-09-26 03:56:55.889 [info] > git rev-parse --show-toplevel [70ms]
2023-09-26 03:56:55.889 [info] fatal: detected dubious ownership in repository at '/home/pi'
To add an exception for this directory, call:

	git config --global --add safe.directory /home/pi
2023-09-26 03:57:00.844 [info] > git rev-parse --show-toplevel [23ms]
2023-09-26 03:57:00.845 [info] fatal: detected dubious ownership in repository at '/home/pi'
To add an exception for this directory, call:

	git config --global --add safe.directory /home/pi
2023-09-26 03:57:06.996 [info] > git rev-parse --show-toplevel [182ms]
2023-09-26 03:57:06.997 [info] fatal: detected dubious ownership in repository at '/home/pi'
To add an exception for this directory, call:

	git config --global --add safe.directory /home/pi
2023-09-26 03:57:13.904 [info] > git rev-parse --show-toplevel [85ms]
2023-09-26 03:57:13.904 [info] fatal: detected dubious ownership in repository at '/home/pi'
To add an exception for this directory, call:

	git config --global --add safe.directory /home/pi
