실험 'pythonaa'이(가) 활성 상태입니다.
실험 'pythonPromptNewToolsExt'이(가) 활성 상태입니다.
실험 'pythonSurveyNotification'이(가) 활성 상태입니다.
LSP Notebooks experiment is enabled
LSP Notebooks interactive window support is enabled
Python 인터프리터 경로: ~/miniconda3/bin/python
Pylance 언어 서버를 시작하는 중입니다.
> conda info --json
> conda info --json
[ERROR 2023-3-10 23:18:49.811]: `conda run` is not supported for conda version 3.16.0
> /bin/python -I ~/.vscode/extensions/ms-python.python-2023.4.1/pythonFiles/get_output_via_markers.py ~/.vscode/extensions/ms-python.python-2023.4.1/pythonFiles/interpreterInfo.py
[ERROR 2023-3-10 23:18:50.806]: Support for Python 2.7 has been dropped by the Python extension so certain features may not work, upgrade to using Python 3.
> /bin/python ~/.vscode/extensions/ms-python.python-2023.4.1/pythonFiles/get_output_via_markers.py ~/.vscode/extensions/ms-python.python-2023.4.1/pythonFiles/interpreterInfo.py
> /bin/python3 -I ~/.vscode/extensions/ms-python.python-2023.4.1/pythonFiles/get_output_via_markers.py ~/.vscode/extensions/ms-python.python-2023.4.1/pythonFiles/interpreterInfo.py
> /usr/bin/python -I ~/.vscode/extensions/ms-python.python-2023.4.1/pythonFiles/get_output_via_markers.py ~/.vscode/extensions/ms-python.python-2023.4.1/pythonFiles/interpreterInfo.py
[ERROR 2023-3-10 23:18:51.316]: Support for Python 2.7 has been dropped by the Python extension so certain features may not work, upgrade to using Python 3.
> /usr/bin/python ~/.vscode/extensions/ms-python.python-2023.4.1/pythonFiles/get_output_via_markers.py ~/.vscode/extensions/ms-python.python-2023.4.1/pythonFiles/interpreterInfo.py
> /usr/bin/python3 -I ~/.vscode/extensions/ms-python.python-2023.4.1/pythonFiles/get_output_via_markers.py ~/.vscode/extensions/ms-python.python-2023.4.1/pythonFiles/interpreterInfo.py
> /usr/include/python3.7 -I ~/.vscode/extensions/ms-python.python-2023.4.1/pythonFiles/get_output_via_markers.py ~/.vscode/extensions/ms-python.python-2023.4.1/pythonFiles/interpreterInfo.py
[ERROR 2023-3-10 23:18:51.669]: [Error: Command failed: /usr/include/python3.7 -I /home/pi/.vscode/extensions/ms-python.python-2023.4.1/pythonFiles/get_output_via_markers.py /home/pi/.vscode/extensions/ms-python.python-2023.4.1/pythonFiles/interpreterInfo.py
/bin/sh: 1: /usr/include/python3.7: Permission denied

	at ChildProcess.exithandler (node:child_process:408:12)
	at ChildProcess.emit (node:events:526:28)
	at maybeClose (node:internal/child_process:1092:16)
	at Socket.<anonymous> (node:internal/child_process:451:11)
	at Socket.emit (node:events:526:28)
	at Pipe.<anonymous> (node:net:687:12)] {
  killed: false,
  code: 126,
  signal: null,
  cmd: '/usr/include/python3.7 -I /home/pi/.vscode/extensions/ms-python.python-2023.4.1/pythonFiles/get_output_via_markers.py /home/pi/.vscode/extensions/ms-python.python-2023.4.1/pythonFiles/interpreterInfo.py'
}
> . ~/miniconda3/bin/activate base && echo 'e8b39361-0157-4923-80e1-22d70d46dee6' && python ~/.vscode/extensions/ms-python.python-2023.4.1/pythonFiles/printEnvVariables.py
> ~/miniconda3/bin/python -I ~/.vscode/extensions/ms-python.python-2023.4.1/pythonFiles/get_output_via_markers.py ~/.vscode/extensions/ms-python.python-2023.4.1/pythonFiles/interpreterInfo.py
[ERROR 2023-3-10 23:18:52.497]: getActivatedEnvironmentVariables [Error: Command failed: . /home/pi/miniconda3/bin/activate base && echo 'e8b39361-0157-4923-80e1-22d70d46dee6' && python /home/pi/.vscode/extensions/ms-python.python-2023.4.1/pythonFiles/printEnvVariables.py
Error: could not find environment: base

	at ChildProcess.exithandler (node:child_process:408:12)
	at ChildProcess.emit (node:events:526:28)
	at maybeClose (node:internal/child_process:1092:16)
	at Socket.<anonymous> (node:internal/child_process:451:11)
	at Socket.emit (node:events:526:28)
	at Pipe.<anonymous> (node:net:687:12)] {
  killed: false,
  code: 1,
  signal: null,
  cmd: ". /home/pi/miniconda3/bin/activate base && echo 'e8b39361-0157-4923-80e1-22d70d46dee6' && python /home/pi/.vscode/extensions/ms-python.python-2023.4.1/pythonFiles/printEnvVariables.py"
}
> /usr/include/python3.7 -I ~/.vscode/extensions/ms-python.python-2023.4.1/pythonFiles/get_output_via_markers.py ~/.vscode/extensions/ms-python.python-2023.4.1/pythonFiles/interpreterInfo.py
[ERROR 2023-3-10 23:18:53.718]: [Error: Command failed: /usr/include/python3.7 -I /home/pi/.vscode/extensions/ms-python.python-2023.4.1/pythonFiles/get_output_via_markers.py /home/pi/.vscode/extensions/ms-python.python-2023.4.1/pythonFiles/interpreterInfo.py
/bin/sh: 1: /usr/include/python3.7: Permission denied

	at ChildProcess.exithandler (node:child_process:408:12)
	at ChildProcess.emit (node:events:526:28)
	at maybeClose (node:internal/child_process:1092:16)
	at Socket.<anonymous> (node:internal/child_process:451:11)
	at Socket.emit (node:events:526:28)
	at Pipe.<anonymous> (node:net:687:12)] {
  killed: false,
  code: 126,
  signal: null,
  cmd: '/usr/include/python3.7 -I /home/pi/.vscode/extensions/ms-python.python-2023.4.1/pythonFiles/get_output_via_markers.py /home/pi/.vscode/extensions/ms-python.python-2023.4.1/pythonFiles/interpreterInfo.py'
}
> conda info --json
Send text to terminal: source /home/pi/miniconda3/bin/activate base
Send text to terminal: /home/pi/miniconda3/bin/python /home/pi/Adafruit_Python_DHT/Adafruit_DHT/dht11.py
