Visual Studio Code (1.76.0, undefined, desktop)
Jupyter Extension Version: 2023.2.1200692131.
Python Extension Version: 2023.4.1.
Workspace folder /home/pi/Adafruit_Python_DHT
사용자가 실험 그룹 'jupyterEnhancedDataViewer'에 속함
사용자가 실험 그룹 'jupyterTestcf'에 속함
info 23:18:49.555: LSP Notebooks experiment is enabled
error 23:18:52.507: Failed to get activated conda env variables from Python for /home/pi/miniconda3/bin/python
                 in 2712ms
error 23:18:52.517: Unable to determine site packages path for python /home/pi/miniconda3/bin/python (Conda)
info 23:18:52.568: Process Execution: > ~/miniconda3/bin/python -m pip list
> ~/miniconda3/bin/python -m pip list
info 23:18:52.769: Process Execution: > ~/miniconda3/bin/python -c "import pip;print('6af208d0-cb9c-427f-b937-ff563e17efdf')"
> ~/miniconda3/bin/python -c "import pip;print('6af208d0-cb9c-427f-b937-ff563e17efdf')"
error 23:18:52.928: interpreterPackages getPackageInformation, Class name = Zd, completed in 3134ms, has a falsy return value, Arg 1: {"interpreter":{"id":"/home/pi/miniconda3/bin/python","sysPrefix":"/home/pi/miniconda3","envPath":{"$mid":1,"fsPath":"/home/pi/miniconda3","path":"/home/pi/miniconda3","scheme":"file"},"displayPath":{"$mid":1,"fsPath":"/home/pi/miniconda3","path":"/home/pi/miniconda3","scheme":"file"},"envName":"base","uri":{"$mid":1,"fsPath":"/home/pi/miniconda3/bin/python","external":"file:///home/pi/miniconda3/bin/python","path":"/home/pi/miniconda3/bin/python","scheme":"file"},"displayName":"base","envType":"Conda","version":{"major":3,"minor":4,"patch":3,"raw":"3.4.3 |Continuum Analytics, Inc.| (default, Aug 21 2015, 00:53:08) \n[GCC 4.6.3]"}}} [Sl [Error]: Module 'pip' not installed.
	at Cl.execModule (/home/pi/.vscode/extensions/ms-toolsai.jupyter-2023.2.1200692131/out/extension.node.js:2:1783549)
	at async Zd.getPackageInformation (/home/pi/.vscode/extensions/ms-toolsai.jupyter-2023.2.1200692131/out/extension.node.js:17:40189)] {
  category: 'notinstalled',
  moduleName: 'pip'
}
info 23:20:23.986: Shutting down notebooks for 1b44a83e-faed-4426-84a5-d7752c270ad2
info 23:20:23.987: Disposing HostJupyterExecution dc1614ba-2727-4c1e-8a41-58eb199bbf1c
info 23:20:23.988: Disposing HostJupyterExecution dc1614ba-2727-4c1e-8a41-58eb199bbf1c
