#
# A fatal error has been detected by the Java Runtime Environment:
#
#  SIGSEGV (0xb) at pc=0xf3caedd8, pid=3531, tid=0xafaff440
#
# JRE version: Java(TM) SE Runtime Environment (8.0_191-b12) (build 1.8.0_191-b12)
# Java VM: Java HotSpot(TM) Server VM (25.191-b12 mixed mode linux-arm )
# Problematic frame:
# v  ~BufferBlob::jni_fast_GetLongField
#
# Failed to write core dump. Core dumps have been disabled. To enable core dumping, try "ulimit -c unlimited" before starting Java again
#
# If you would like to submit a bug report, please visit:
#   http://bugreport.java.com/bugreport/crash.jsp
# The crash happened outside the Java Virtual Machine in native code.
# See problematic frame for where to report the bug.
#

---------------  T H R E A D  ---------------

Current thread (0xaffe9400):  JavaThread "AWT-XAWT" daemon [_thread_in_native, id=3551, stack(0xafab0000,0xafb00000)]

siginfo: si_signo: 11 (SIGSEGV), si_code: 1 (SEGV_MAPERR), si_addr: 0x00000000

Registers:
  r0  = 0xaffe953c
  r1  = 0x00000000
  r2  = 0x00000042
  r3  = 0x00000000
  r4  = 0xaffe953c
  r5  = 0xb3625690
  r6  = 0xafdffee8
  r7  = 0x00000000
  r8  = 0xafafeabc
  r9  = 0xb0cad798
  r10 = 0xaffe9400
  fp  = 0xafafeaa4
  r12 = 0x0000043a
  sp  = 0xafafe9b8
  lr  = 0xafddf71c
  pc  = 0xf3caedd8
  cpsr = 0x60000010

Top of Stack: (sp=0xafafe9b8)
0xafafe9b8:   affe953c 00000000 00000042 f759a550
0xafafe9c8:   afafeabc affe9400 afafeaa4 f5eea318
0xafafe9d8:   f3ca4ebc b3625690 00000000 00000000
0xafafe9e8:   afafeabc f6bdc5bc f3ca4ebc afdd7124
0xafafe9f8:   00000000 f6bd3dcc f3ca4ebc afdd7134
0xafafea08:   00000000 f3c74a14 00000000 00000000
0xafafea18:   afafea48 b099c730 a7c57938 b09993f0
0xafafea28:   00000000 afafea44 afafea6c f3c6b200 

Instructions: (pc=0xf3caedd8)
0xf3caedb8:   00000000 00000000 e59f3044 e92d000f
0xf3caedc8:   e593c000 e31c0001 1a000009 e20c3001
0xf3caedd8:   e7911003 e0811122 e1c100d0 e59f3020
0xf3caede8:   e0202000 e7933002 e153000c 028dd010 

Register to memory mapping:

  r0  = 0xaffe953c
0xaffe953c is an unknown value

  r1  = 0x00000000
0x00000000 is an unknown value

  r2  = 0x00000042
0x00000042 is an unknown value

  r3  = 0x00000000
0x00000000 is an unknown value

  r4  = 0xaffe953c
0xaffe953c is an unknown value

  r5  = 0xb3625690
0xb3625690 is an unknown value

  r6  = 0xafdffee8
0xafdffee8: <offset 0x51ee8> in /home/pi/Programs/arduino-1.8.19/java/lib/arm/libawt_xawt.so at 0xafdae000

  r7  = 0x00000000
0x00000000 is an unknown value

  r8  = 0xafafeabc
0xafafeabc is pointing into the stack for thread: 0xaffe9400

  r9  = 0xb0cad798
{method} {0xb0cad798} 'XFilterEvent' '(JJ)Z' in 'sun/awt/X11/XlibWrapper'

  r10 = 0xaffe9400
0xaffe9400 is a thread

  fp  = 0xafafeaa4
0xafafeaa4 is pointing into the stack for thread: 0xaffe9400

  r12 = 0x0000043a
0x0000043a is an unknown value

  sp  = 0xafafe9b8
0xafafe9b8 is pointing into the stack for thread: 0xaffe9400

  lr  = 0xafddf71c
0xafddf71c: <offset 0x3171c> in /home/pi/Programs/arduino-1.8.19/java/lib/arm/libawt_xawt.so at 0xafdae000

  pc  = 0xf3caedd8
0xf3caedd8 is at code_begin+24 in 
[CodeBlob (0xf3caed88)]
Framesize: 0
BufferBlob (0xf3caed88) used for jni_fast_GetLongField



Stack: [0xafab0000,0xafb00000],  sp=0xafafe9b8,  free space=314k
Native frames: (J=compiled Java code, j=interpreted, Vv=VM code, C=native code)
v  ~BufferBlob::jni_fast_GetLongField

Java frames: (J=compiled Java code, j=interpreted, Vv=VM code)
j  sun.awt.X11.XlibWrapper.XFilterEvent(JJ)Z+0
j  sun.awt.X11.XToolkit.run(Z)V+300
j  sun.awt.X11.XToolkit.run()V+5
j  java.lang.Thread.run()V+11
v  ~StubRoutines::call_stub

---------------  P R O C E S S  ---------------

Java Threads: ( => current thread )
  0xb3183000 JavaThread "SIGHUP handler" daemon [_thread_new, id=3748, stack(0x00000000,0x00000000)]
  0xb3614400 JavaThread "Timer-1" [_thread_blocked, id=3603, stack(0xa8760000,0xa87b0000)]
  0xf5d08800 JavaThread "DestroyJavaVM" [_thread_blocked, id=3534, stack(0xf600e000,0xf605e000)]
  0xa8ec4000 JavaThread "TimerQueue" daemon [_thread_blocked, id=3583, stack(0xa8a60000,0xa8ab0000)]
  0xa8e2e400 JavaThread "AWT-EventQueue-0" [_thread_blocked, id=3581, stack(0xa9e00000,0xa9e50000)]
  0xa8e2d800 JavaThread "AWT-Shutdown" [_thread_blocked, id=3580, stack(0xa9e50000,0xa9ea0000)]
  0xa912c400 JavaThread "Batik CleanerThread" daemon [_thread_blocked, id=3578, stack(0xaa110000,0xaa160000)]
  0xa9dea400 JavaThread "JmDNS(192-168-219-103.local.).State.Timer" [_thread_blocked, id=3574, stack(0xaa160000,0xaa1b0000)]
  0xa9de8c00 JavaThread "JmDNS(192-168-219-103.local.).Timer" daemon [_thread_blocked, id=3573, stack(0xaa1b0000,0xaa200000)]
  0xa9de6800 JavaThread "SocketListener(192-168-219-103.local.)" daemon [_thread_in_native, id=3572, stack(0xaa324000,0xaa374000)]
  0xa9de3400 JavaThread "JmDNS(fe80-0-0-0-94ea-b6f0-4b93-3517-wlan0.local.).State.Timer" [_thread_blocked, id=3570, stack(0xac599000,0xac5e9000)]
  0xa9de2800 JavaThread "JmDNS(fe80-0-0-0-94ea-b6f0-4b93-3517-wlan0.local.).Timer" daemon [_thread_blocked, id=3569, stack(0xac5e9000,0xac639000)]
  0xa9de0c00 JavaThread "SocketListener(fe80-0-0-0-94ea-b6f0-4b93-3517-wlan0.local.)" daemon [_thread_in_native, id=3568, stack(0xac639000,0xac689000)]
  0xa9dbac00 JavaThread "Multihomed mDNS.Timer" daemon [_thread_blocked, id=3567, stack(0xacc07000,0xacc57000)]
  0xb3601000 JavaThread "cc.arduino.packages.discoverers.serial.SerialDiscovery" [_thread_blocked, id=3566, stack(0xac6c6000,0xac716000)]
=>0xaffe9400 JavaThread "AWT-XAWT" daemon [_thread_in_native, id=3551, stack(0xafab0000,0xafb00000)]
  0xaffdf400 JavaThread "Java2D Disposer" daemon [_thread_blocked, id=3550, stack(0xafd37000,0xafd87000)]
  0xb05b8800 JavaThread "Service Thread" daemon [_thread_blocked, id=3546, stack(0xb0609000,0xb0659000)]
  0xb05ae400 JavaThread "C2 CompilerThread1" daemon [_thread_blocked, id=3545, stack(0xb0280000,0xb0300000)]
  0xb05ac800 JavaThread "C2 CompilerThread0" daemon [_thread_blocked, id=3544, stack(0xb0480000,0xb0500000)]
  0xb05ab000 JavaThread "Signal Dispatcher" daemon [_thread_in_vm, id=3543, stack(0xb322f000,0xb327f000)]
  0xb0588400 JavaThread "Finalizer" daemon [_thread_blocked, id=3542, stack(0xf5cb0000,0xf5d00000)]
  0xb0586400 JavaThread "Reference Handler" daemon [_thread_blocked, id=3541, stack(0xf5e84000,0xf5ed4000)]

Other Threads:
  0xb0580c00 VMThread [stack: 0xb065a000,0xb06da000] [id=3540]
  0xb05bb800 WatcherThread [stack: 0xb01ff000,0xb027f000] [id=3547]

VM state:not at safepoint (normal execution)

VM Mutex/Monitor currently owned by a thread:  ([mutex/lock_event])
[0xf5d07058] Threads_lock - owner thread: 0xb05ab000

Heap:
 PSYoungGen      total 161280K, used 76716K [0xde4c0000, 0xeac40000, 0xf3a00000)
  eden space 119808K, 44% used [0xde4c0000,0xe1951768,0xe59c0000)
  from space 41472K, 55% used [0xe83c0000,0xe9a199c0,0xeac40000)
  to   space 42240K, 0% used [0xe59c0000,0xe59c0000,0xe8300000)
 ParOldGen       total 186624K, used 134286K [0xb3a00000, 0xbf040000, 0xde4c0000)
  object space 186624K, 71% used [0xb3a00000,0xbbd23998,0xbf040000)
 Metaspace       used 22067K, capacity 22611K, committed 22656K, reserved 22832K

Card table byte_map: [0xb37ff000,0xb3a00000] byte_map_base: 0xb3262000

Marking Bits: (ParMarkBitMap*) 0xf7599af0
 Begin Bits: [0xb1100000, 0xb2100000)
 End Bits:   [0xb2100000, 0xb3100000)

Polling page: 0xf7bd1000

CodeCache: size=32768Kb used=1494Kb max_used=1530Kb free=31273Kb
 bounds [0xf3c66000, 0xf3dee000, 0xf5c66000]
 total_blobs=944 nmethods=662 adapters=234
 compilation: enabled

Compilation events (10 events):
Event: 141.655 Thread 0xb05ac800  805             java.util.Objects::requireNonNull (14 bytes)
Event: 141.656 Thread 0xb05ac800 nmethod 805 0xf3d45fc8 code [0xf3d460a0, 0xf3d460fc]
Event: 170.212 Thread 0xb05ae400  806             javax.jmdns.impl.DNSOutgoing$MessageOutputStream::writeUTF (207 bytes)
Event: 170.255 Thread 0xb05ae400 nmethod 806 0xf3d4fac8 code [0xf3d4fbf0, 0xf3d50624]
Event: 190.197 Thread 0xb05ac800  807             java.util.concurrent.ConcurrentHashMap$Traverser::advance (188 bytes)
Event: 190.203 Thread 0xb05ac800 nmethod 807 0xf3dd0d08 code [0xf3dd0df0, 0xf3dd0fec]
Event: 200.179 Thread 0xb05ae400  808 %           java.util.Arrays::equals @ 30 (54 bytes)
Event: 200.194 Thread 0xb05ae400 nmethod 808% 0xf3de4d88 code [0xf3de4e70, 0xf3de50cc]
Event: 200.202 Thread 0xb05ac800  809             java.util.Arrays::equals (54 bytes)
Event: 200.213 Thread 0xb05ac800 nmethod 809 0xf3de2cc8 code [0xf3de2da0, 0xf3de2f4c]

GC Heap History (10 events):
Event: 20.857 GC heap before
{Heap before GC invocations=8 (full 1):
 PSYoungGen      total 83456K, used 82775K [0xde4c0000, 0xe5d00000, 0xf3a00000)
  eden space 56064K, 99% used [0xde4c0000,0xe1b7cbd0,0xe1b80000)
  from space 27392K, 97% used [0xe4080000,0xe5a99030,0xe5b40000)
  to   space 33536K, 0% used [0xe1b80000,0xe1b80000,0xe3c40000)
 ParOldGen       total 89600K, used 42033K [0xb3a00000, 0xb9180000, 0xde4c0000)
  object space 89600K, 46% used [0xb3a00000,0xb630c740,0xb9180000)
 Metaspace       used 18813K, capacity 19263K, committed 19352K, reserved 19760K
Event: 20.988 GC heap after
Heap after GC invocations=8 (full 1):
 PSYoungGen      total 89600K, used 33530K [0xde4c0000, 0xe8fc0000, 0xf3a00000)
  eden space 56064K, 0% used [0xde4c0000,0xde4c0000,0xe1b80000)
  from space 33536K, 99% used [0xe1b80000,0xe3c3e908,0xe3c40000)
  to   space 41728K, 0% used [0xe6700000,0xe6700000,0xe8fc0000)
 ParOldGen       total 89600K, used 44069K [0xb3a00000, 0xb9180000, 0xde4c0000)
  object space 89600K, 49% used [0xb3a00000,0xb6509770,0xb9180000)
 Metaspace       used 18813K, capacity 19263K, committed 19352K, reserved 19760K
}
Event: 21.752 GC heap before
{Heap before GC invocations=9 (full 1):
 PSYoungGen      total 89600K, used 41620K [0xde4c0000, 0xe8fc0000, 0xf3a00000)
  eden space 56064K, 14% used [0xde4c0000,0xdeca6ab8,0xe1b80000)
  from space 33536K, 99% used [0xe1b80000,0xe3c3e908,0xe3c40000)
  to   space 41728K, 0% used [0xe6700000,0xe6700000,0xe8fc0000)
 ParOldGen       total 89600K, used 44069K [0xb3a00000, 0xb9180000, 0xde4c0000)
  object space 89600K, 49% used [0xb3a00000,0xb6509770,0xb9180000)
 Metaspace       used 18987K, capacity 19396K, committed 19456K, reserved 19760K
Event: 21.858 GC heap after
Heap after GC invocations=9 (full 1):
 PSYoungGen      total 129536K, used 31968K [0xde4c0000, 0xe9c40000, 0xf3a00000)
  eden space 87808K, 0% used [0xde4c0000,0xde4c0000,0xe3a80000)
  from space 41728K, 76% used [0xe6700000,0xe8638288,0xe8fc0000)
  to   space 45568K, 0% used [0xe3a80000,0xe3a80000,0xe6700000)
 ParOldGen       total 89600K, used 44073K [0xb3a00000, 0xb9180000, 0xde4c0000)
  object space 89600K, 49% used [0xb3a00000,0xb650a770,0xb9180000)
 Metaspace       used 18987K, capacity 19396K, committed 19456K, reserved 19760K
}
Event: 21.858 GC heap before
{Heap before GC invocations=10 (full 2):
 PSYoungGen      total 129536K, used 31968K [0xde4c0000, 0xe9c40000, 0xf3a00000)
  eden space 87808K, 0% used [0xde4c0000,0xde4c0000,0xe3a80000)
  from space 41728K, 76% used [0xe6700000,0xe8638288,0xe8fc0000)
  to   space 45568K, 0% used [0xe3a80000,0xe3a80000,0xe6700000)
 ParOldGen       total 89600K, used 44073K [0xb3a00000, 0xb9180000, 0xde4c0000)
  object space 89600K, 49% used [0xb3a00000,0xb650a770,0xb9180000)
 Metaspace       used 18987K, capacity 19396K, committed 19456K, reserved 19760K
Event: 22.349 GC heap after
Heap after GC invocations=10 (full 2):
 PSYoungGen      total 129536K, used 0K [0xde4c0000, 0xe9c40000, 0xf3a00000)
  eden space 87808K, 0% used [0xde4c0000,0xde4c0000,0xe3a80000)
  from space 41728K, 0% used [0xe6700000,0xe6700000,0xe8fc0000)
  to   space 45568K, 0% used [0xe3a80000,0xe3a80000,0xe6700000)
 ParOldGen       total 122368K, used 70082K [0xb3a00000, 0xbb180000, 0xde4c0000)
  object space 122368K, 57% used [0xb3a00000,0xb7e70988,0xbb180000)
 Metaspace       used 18987K, capacity 19396K, committed 19456K, reserved 19760K
}
Event: 86.275 GC heap before
{Heap before GC invocations=11 (full 2):
 PSYoungGen      total 129536K, used 79124K [0xde4c0000, 0xe9c40000, 0xf3a00000)
  eden space 87808K, 90% used [0xde4c0000,0xe3205228,0xe3a80000)
  from space 41728K, 0% used [0xe6700000,0xe6700000,0xe8fc0000)
  to   space 45568K, 0% used [0xe3a80000,0xe3a80000,0xe6700000)
 ParOldGen       total 122368K, used 70082K [0xb3a00000, 0xbb180000, 0xde4c0000)
  object space 122368K, 57% used [0xb3a00000,0xb7e70988,0xbb180000)
 Metaspace       used 21459K, capacity 21978K, committed 22016K, reserved 22832K
Event: 86.313 GC heap after
Heap after GC invocations=11 (full 2):
 PSYoungGen      total 133376K, used 20180K [0xde4c0000, 0xeae00000, 0xf3a00000)
  eden space 87808K, 0% used [0xde4c0000,0xde4c0000,0xe3a80000)
  from space 45568K, 44% used [0xe3a80000,0xe4e35178,0xe6700000)
  to   space 43264K, 0% used [0xe83c0000,0xe83c0000,0xeae00000)
 ParOldGen       total 122368K, used 70086K [0xb3a00000, 0xbb180000, 0xde4c0000)
  object space 122368K, 57% used [0xb3a00000,0xb7e71988,0xbb180000)
 Metaspace       used 21459K, capacity 21978K, committed 22016K, reserved 22832K
}
Event: 88.370 GC heap before
{Heap before GC invocations=12 (full 2):
 PSYoungGen      total 133376K, used 107988K [0xde4c0000, 0xeae00000, 0xf3a00000)
  eden space 87808K, 100% used [0xde4c0000,0xe3a80000,0xe3a80000)
  from space 45568K, 44% used [0xe3a80000,0xe4e35178,0xe6700000)
  to   space 43264K, 0% used [0xe83c0000,0xe83c0000,0xeae00000)
 ParOldGen       total 186624K, used 134278K [0xb3a00000, 0xbf040000, 0xde4c0000)
  object space 186624K, 71% used [0xb3a00000,0xbbd21998,0xbf040000)
 Metaspace       used 21464K, capacity 21978K, committed 22016K, reserved 22832K
Event: 88.479 GC heap after
Heap after GC invocations=12 (full 2):
 PSYoungGen      total 161280K, used 22886K [0xde4c0000, 0xeac40000, 0xf3a00000)
  eden space 119808K, 0% used [0xde4c0000,0xde4c0000,0xe59c0000)
  from space 41472K, 55% used [0xe83c0000,0xe9a199c0,0xeac40000)
  to   space 42240K, 0% used [0xe59c0000,0xe59c0000,0xe8300000)
 ParOldGen       total 186624K, used 134286K [0xb3a00000, 0xbf040000, 0xde4c0000)
  object space 186624K, 71% used [0xb3a00000,0xbbd23998,0xbf040000)
 Metaspace       used 21464K, capacity 21978K, committed 22016K, reserved 22832K
}

Deoptimization events (10 events):
Event: 87.991 Thread 0xa8e03800 Uncommon trap: reason=unstable_if action=reinterpret pc=0xf3d4d908 method=com.fasterxml.jackson.core.sym.ByteQuadsCanonicalizer.findName(II)Ljava/lang/String; @ 36
Event: 87.991 Thread 0xa8e03800 Uncommon trap: reason=unstable_if action=reinterpret pc=0xf3d49b94 method=com.fasterxml.jackson.core.sym.ByteQuadsCanonicalizer.findName(II)Ljava/lang/String; @ 36
Event: 87.992 Thread 0xa8e03800 Uncommon trap: reason=unstable_if action=reinterpret pc=0xf3d4aeb4 method=com.fasterxml.jackson.core.sym.ByteQuadsCanonicalizer.findName(II)Ljava/lang/String; @ 36
Event: 89.289 Thread 0xa8e03800 Uncommon trap: reason=unstable_if action=reinterpret pc=0xf3cc38d8 method=jdk.internal.org.objectweb.asm.Type.getArgumentsAndReturnSizes(Ljava/lang/String;)I @ 47
Event: 89.311 Thread 0xa8e03800 Uncommon trap: reason=class_check action=maybe_recompile pc=0xf3d13bac method=java.util.stream.ReferencePipeline$2$1.accept(Ljava/lang/Object;)V @ 21
Event: 89.386 Thread 0xb3618000 Uncommon trap: reason=unstable_if action=reinterpret pc=0xf3db4a2c method=java.util.Properties$LineReader.readLine()I @ 180
Event: 89.394 Thread 0xb3618000 Uncommon trap: reason=class_check action=maybe_recompile pc=0xf3d2fa84 method=java.lang.AbstractStringBuilder.append(Ljava/lang/CharSequence;)Ljava/lang/AbstractStringBuilder; @ 10
Event: 89.511 Thread 0xa8e2e400 Uncommon trap: reason=unstable_if action=reinterpret pc=0xf3d1370c method=sun.reflect.UnsafeObjectFieldAccessorImpl.set(Ljava/lang/Object;Ljava/lang/Object;)V @ 18
Event: 89.680 Thread 0xa8e2e400 Uncommon trap: reason=class_check action=maybe_recompile pc=0xf3d6a138 method=java.io.DataInputStream.readInt()I @ 4
Event: 89.681 Thread 0xa8e2e400 Uncommon trap: reason=unstable_if action=reinterpret pc=0xf3d9f3c4 method=java.io.DataInputStream.readUTF(Ljava/io/DataInput;)Ljava/lang/String; @ 112

Classes redefined (0 events):
No events

Internal exceptions (10 events):
Event: 89.240 Thread 0xa8e03800 Exception <a 'sun/nio/fs/UnixException'> (0xe0f013e8) thrown at [/HUDSON/workspace/8-2-build-glinux-arm-vfp-hflt/jdk8u191/11896/hotspot/src/share/vm/prims/jni.cpp, line 709]
Event: 89.241 Thread 0xa8e03800 Exception <a 'sun/nio/fs/UnixException'> (0xe0f0c0f8) thrown at [/HUDSON/workspace/8-2-build-glinux-arm-vfp-hflt/jdk8u191/11896/hotspot/src/share/vm/prims/jni.cpp, line 709]
Event: 89.242 Thread 0xa8e03800 Exception <a 'sun/nio/fs/UnixException'> (0xe0f172e8) thrown at [/HUDSON/workspace/8-2-build-glinux-arm-vfp-hflt/jdk8u191/11896/hotspot/src/share/vm/prims/jni.cpp, line 709]
Event: 89.243 Thread 0xa8e03800 Exception <a 'sun/nio/fs/UnixException'> (0xe0f22490) thrown at [/HUDSON/workspace/8-2-build-glinux-arm-vfp-hflt/jdk8u191/11896/hotspot/src/share/vm/prims/jni.cpp, line 709]
Event: 89.245 Thread 0xa8e03800 Exception <a 'sun/nio/fs/UnixException'> (0xe0f2d300) thrown at [/HUDSON/workspace/8-2-build-glinux-arm-vfp-hflt/jdk8u191/11896/hotspot/src/share/vm/prims/jni.cpp, line 709]
Event: 89.246 Thread 0xa8e03800 Exception <a 'sun/nio/fs/UnixException'> (0xe0f38928) thrown at [/HUDSON/workspace/8-2-build-glinux-arm-vfp-hflt/jdk8u191/11896/hotspot/src/share/vm/prims/jni.cpp, line 709]
Event: 89.254 Thread 0xa8e03800 Exception <a 'sun/nio/fs/UnixException'> (0xe0f43b10) thrown at [/HUDSON/workspace/8-2-build-glinux-arm-vfp-hflt/jdk8u191/11896/hotspot/src/share/vm/prims/jni.cpp, line 709]
Event: 89.257 Thread 0xa8e03800 Exception <a 'sun/nio/fs/UnixException'> (0xe0f4f128) thrown at [/HUDSON/workspace/8-2-build-glinux-arm-vfp-hflt/jdk8u191/11896/hotspot/src/share/vm/prims/jni.cpp, line 709]
Event: 89.258 Thread 0xa8e03800 Exception <a 'sun/nio/fs/UnixException'> (0xe0f59fc8) thrown at [/HUDSON/workspace/8-2-build-glinux-arm-vfp-hflt/jdk8u191/11896/hotspot/src/share/vm/prims/jni.cpp, line 709]
Event: 89.511 Thread 0xa8e2e400 Implicit null exception at 0xf3d135a8 to 0xf3d136f8

Events (10 events):
Event: 92.329 Thread 0xafc0f800 Thread exited: 0xafc0f800
Event: 94.807 Executing VM operation: RevokeBias
Event: 94.807 Executing VM operation: RevokeBias done
Event: 94.807 Thread 0xb3618000 Thread exited: 0xb3618000
Event: 141.656 Thread 0xb05ac800 flushing nmethod 0xf3d49208
Event: 141.656 Thread 0xb05ac800 flushing nmethod 0xf3d4a648
Event: 141.656 Thread 0xb05ac800 flushing nmethod 0xf3d4b608
Event: 200.707 loading class sun/awt/X11/XDestroyWindowEvent
Event: 200.708 loading class sun/awt/X11/XDestroyWindowEvent done
Event: 200.717 loading class sun/misc/Signal$1


Dynamic libraries:
00008000-00009000 r-xp 00000000 b3:02 655080                             /home/pi/Programs/arduino-1.8.19/java/bin/java
00010000-00011000 rw-p 00000000 b3:02 655080                             /home/pi/Programs/arduino-1.8.19/java/bin/java
00d89000-00e40000 rw-p 00000000 00:00 0                                  [heap]
a7700000-a7757000 rw-p 00000000 00:00 0 
a7757000-a7800000 ---p 00000000 00:00 0 
a7900000-a79d7000 rw-p 00000000 00:00 0 
a79d7000-a7a00000 ---p 00000000 00:00 0 
a7aff000-a7bdf000 rw-p 00000000 00:00 0 
a7bdf000-a7bff000 ---p 00000000 00:00 0 
a7bff000-a7cff000 rw-p 00000000 00:00 0 
a7cff000-a7d00000 ---p 00000000 00:00 0 
a7d00000-a8500000 rw-p 00000000 00:00 0 
a8500000-a8529000 rw-p 00000000 00:00 0 
a8529000-a8600000 ---p 00000000 00:00 0 
a8621000-a8721000 rw-p 00000000 00:00 0 
a8721000-a8751000 r-xp 00000000 b3:02 655199                             /home/pi/Programs/arduino-1.8.19/java/lib/arm/libsunec.so
a8751000-a8758000 ---p 00030000 b3:02 655199                             /home/pi/Programs/arduino-1.8.19/java/lib/arm/libsunec.so
a8758000-a875b000 rw-p 0002f000 b3:02 655199                             /home/pi/Programs/arduino-1.8.19/java/lib/arm/libsunec.so
a875b000-a8760000 rw-p 00000000 00:00 0 
a8760000-a8763000 ---p 00000000 00:00 0 
a8763000-a87b0000 rw-p 00000000 00:00 0 
a87b0000-a87b3000 ---p 00000000 00:00 0 
a87b3000-a88fa000 rw-p 00000000 00:00 0 
a88fa000-a8900000 ---p 00000000 00:00 0 
a8938000-a8a60000 rw-s 00000000 00:01 163888                             /SYSV00000000 (deleted)
a8a60000-a8a63000 ---p 00000000 00:00 0 
a8a63000-a8ab0000 rw-p 00000000 00:00 0 
a8ab0000-a8ab3000 ---p 00000000 00:00 0 
a8ab3000-a8be0000 rw-p 00000000 00:00 0 
a8be0000-a8d00000 rw-p 00000000 00:00 0 
a8d00000-a8dfd000 rw-p 00000000 00:00 0 
a8dfd000-a8e00000 ---p 00000000 00:00 0 
a8e00000-a8eec000 rw-p 00000000 00:00 0 
a8eec000-a8f00000 ---p 00000000 00:00 0 
a8f00000-a8ff7000 rw-p 00000000 00:00 0 
a8ff7000-a9000000 ---p 00000000 00:00 0 
a9000000-a9100000 rw-p 00000000 00:00 0 
a9100000-a91f4000 rw-p 00000000 00:00 0 
a91f4000-a9200000 ---p 00000000 00:00 0 
a9200000-a92e0000 rw-p 00000000 00:00 0 
a92e0000-a9400000 rw-p 00000000 00:00 0 
a9400000-a9500000 rw-p 00000000 00:00 0 
a9500000-a95fc000 rw-p 00000000 00:00 0 
a95fc000-a9600000 ---p 00000000 00:00 0 
a9600000-a9700000 rw-p 00000000 00:00 0 
a9700000-a97fd000 rw-p 00000000 00:00 0 
a97fd000-a9800000 ---p 00000000 00:00 0 
a9800000-a9900000 rw-p 00000000 00:00 0 
a9900000-a99ff000 rw-p 00000000 00:00 0 
a99ff000-a9a00000 ---p 00000000 00:00 0 
a9a00000-a9aff000 rw-p 00000000 00:00 0 
a9aff000-a9b00000 ---p 00000000 00:00 0 
a9b00000-a9be0000 rw-p 00000000 00:00 0 
a9be0000-a9d00000 rw-p 00000000 00:00 0 
a9d00000-a9dfd000 rw-p 00000000 00:00 0 
a9dfd000-a9e00000 ---p 00000000 00:00 0 
a9e00000-a9e03000 ---p 00000000 00:00 0 
a9e03000-a9e50000 rw-p 00000000 00:00 0 
a9e50000-a9e53000 ---p 00000000 00:00 0 
a9e53000-a9ea0000 rw-p 00000000 00:00 0 
a9ea0000-a9ec2000 r-xp 00000000 b3:02 655193                             /home/pi/Programs/arduino-1.8.19/java/lib/arm/libdcpr.so
a9ec2000-a9ec9000 ---p 00022000 b3:02 655193                             /home/pi/Programs/arduino-1.8.19/java/lib/arm/libdcpr.so
a9ec9000-a9ecc000 rw-p 00021000 b3:02 655193                             /home/pi/Programs/arduino-1.8.19/java/lib/arm/libdcpr.so
a9ecc000-a9fac000 rw-p 00000000 00:00 0 
a9fac000-aa0cc000 rw-p 00000000 00:00 0 
aa0d3000-aa108000 r-xp 00000000 b3:02 521416                             /home/pi/Programs/arduino-1.8.19/lib/libastylej.so
aa108000-aa10f000 ---p 00035000 b3:02 521416                             /home/pi/Programs/arduino-1.8.19/lib/libastylej.so
aa10f000-aa110000 rw-p 00034000 b3:02 521416                             /home/pi/Programs/arduino-1.8.19/lib/libastylej.so
aa110000-aa113000 ---p 00000000 00:00 0 
aa113000-aa160000 rw-p 00000000 00:00 0 
aa160000-aa163000 ---p 00000000 00:00 0 
aa163000-aa1b0000 rw-p 00000000 00:00 0 
aa1b0000-aa1b3000 ---p 00000000 00:00 0 
aa1b3000-aa200000 rw-p 00000000 00:00 0 
aa200000-aa2ff000 rw-p 00000000 00:00 0 
aa2ff000-aa300000 ---p 00000000 00:00 0 
aa324000-aa327000 ---p 00000000 00:00 0 
aa327000-aa374000 rw-p 00000000 00:00 0 
aa374000-aa3cb000 r-xp 00000000 b3:02 655198                             /home/pi/Programs/arduino-1.8.19/java/lib/arm/libt2k.so
aa3cb000-aa3d2000 ---p 00057000 b3:02 655198                             /home/pi/Programs/arduino-1.8.19/java/lib/arm/libt2k.so
aa3d2000-aa3d6000 rw-p 00056000 b3:02 655198                             /home/pi/Programs/arduino-1.8.19/java/lib/arm/libt2k.so
aa3d6000-aa3db000 rw-p 00000000 00:00 0 
aa3db000-aa758000 r--p 00000000 b3:02 259099                             /usr/share/fonts/truetype/unfonts-core/UnDotum.ttf
aa758000-aa759000 ---p 00000000 00:00 0 
aa759000-aaf59000 rw-p 00000000 00:00 0 
aaf59000-ab087000 r-xp 00000000 b3:02 7800                               /usr/lib/arm-linux-gnueabihf/libstdc++.so.6.0.25
ab087000-ab097000 ---p 0012e000 b3:02 7800                               /usr/lib/arm-linux-gnueabihf/libstdc++.so.6.0.25
ab097000-ab09c000 r--p 0012e000 b3:02 7800                               /usr/lib/arm-linux-gnueabihf/libstdc++.so.6.0.25
ab09c000-ab09e000 rw-p 00133000 b3:02 7800                               /usr/lib/arm-linux-gnueabihf/libstdc++.so.6.0.25
ab09e000-ab0a0000 rw-p 00000000 00:00 0 
ab0a0000-ab0b8000 r-xp 00000000 b3:02 7724                               /usr/lib/arm-linux-gnueabihf/libproxy.so.1.0.0
ab0b8000-ab0c7000 ---p 00018000 b3:02 7724                               /usr/lib/arm-linux-gnueabihf/libproxy.so.1.0.0
ab0c7000-ab0c8000 r--p 00017000 b3:02 7724                               /usr/lib/arm-linux-gnueabihf/libproxy.so.1.0.0
ab0c8000-ab0c9000 rw-p 00018000 b3:02 7724                               /usr/lib/arm-linux-gnueabihf/libproxy.so.1.0.0
ab0de000-ab105000 r-xp 00000000 b3:02 8366                               /usr/lib/arm-linux-gnueabihf/gio/modules/libgvfsdbus.so
ab105000-ab115000 ---p 00027000 b3:02 8366                               /usr/lib/arm-linux-gnueabihf/gio/modules/libgvfsdbus.so
ab115000-ab116000 r--p 00027000 b3:02 8366                               /usr/lib/arm-linux-gnueabihf/gio/modules/libgvfsdbus.so
ab116000-ab117000 rw-p 00028000 b3:02 8366                               /usr/lib/arm-linux-gnueabihf/gio/modules/libgvfsdbus.so
ab117000-ab118000 ---p 00000000 00:00 0 
ab118000-ab918000 rw-p 00000000 00:00 0 
ab918000-ab919000 ---p 00000000 00:00 0 
ab919000-ac119000 rw-p 00000000 00:00 0 
ac119000-ac13b000 r--p 00000000 b3:02 61920                              /usr/share/locale/ko/LC_MESSAGES/glib20.mo
ac13b000-ac164000 r-xp 00000000 b3:02 8732                               /usr/lib/arm-linux-gnueabihf/gvfs/libgvfscommon.so
ac164000-ac173000 ---p 00029000 b3:02 8732                               /usr/lib/arm-linux-gnueabihf/gvfs/libgvfscommon.so
ac173000-ac176000 r--p 00028000 b3:02 8732                               /usr/lib/arm-linux-gnueabihf/gvfs/libgvfscommon.so
ac176000-ac177000 rw-p 0002b000 b3:02 8732                               /usr/lib/arm-linux-gnueabihf/gvfs/libgvfscommon.so
ac177000-ac18a000 r-xp 00000000 b3:02 8365                               /usr/lib/arm-linux-gnueabihf/gio/modules/libgioremote-volume-monitor.so
ac18a000-ac199000 ---p 00013000 b3:02 8365                               /usr/lib/arm-linux-gnueabihf/gio/modules/libgioremote-volume-monitor.so
ac199000-ac19b000 r--p 00012000 b3:02 8365                               /usr/lib/arm-linux-gnueabihf/gio/modules/libgioremote-volume-monitor.so
ac19b000-ac19c000 rw-p 00014000 b3:02 8365                               /usr/lib/arm-linux-gnueabihf/gio/modules/libgioremote-volume-monitor.so
ac19c000-ac1a6000 r-xp 00000000 b3:02 8361                               /usr/lib/arm-linux-gnueabihf/gio/modules/libdconfsettings.so
ac1a6000-ac1b6000 ---p 0000a000 b3:02 8361                               /usr/lib/arm-linux-gnueabihf/gio/modules/libdconfsettings.so
ac1b6000-ac1b7000 r--p 0000a000 b3:02 8361                               /usr/lib/arm-linux-gnueabihf/gio/modules/libdconfsettings.so
ac1b7000-ac1b8000 rw-p 0000b000 b3:02 8361                               /usr/lib/arm-linux-gnueabihf/gio/modules/libdconfsettings.so
ac1b8000-ac1d1000 r-xp 00000000 b3:02 7454                               /usr/lib/arm-linux-gnueabihf/libgpg-error.so.0.26.1
ac1d1000-ac1e0000 ---p 00019000 b3:02 7454                               /usr/lib/arm-linux-gnueabihf/libgpg-error.so.0.26.1
ac1e0000-ac1e1000 r--p 00018000 b3:02 7454                               /usr/lib/arm-linux-gnueabihf/libgpg-error.so.0.26.1
ac1e1000-ac1e2000 rw-p 00019000 b3:02 7454                               /usr/lib/arm-linux-gnueabihf/libgpg-error.so.0.26.1
ac1e2000-ac2a8000 r-xp 00000000 b3:02 7425                               /usr/lib/arm-linux-gnueabihf/libgcrypt.so.20.2.4
ac2a8000-ac2b7000 ---p 000c6000 b3:02 7425                               /usr/lib/arm-linux-gnueabihf/libgcrypt.so.20.2.4
ac2b7000-ac2b8000 r--p 000c5000 b3:02 7425                               /usr/lib/arm-linux-gnueabihf/libgcrypt.so.20.2.4
ac2b8000-ac2bc000 rw-p 000c6000 b3:02 7425                               /usr/lib/arm-linux-gnueabihf/libgcrypt.so.20.2.4
ac2bc000-ac2d7000 r-xp 00000000 b3:02 7578                               /usr/lib/arm-linux-gnueabihf/liblz4.so.1.8.3
ac2d7000-ac2e6000 ---p 0001b000 b3:02 7578                               /usr/lib/arm-linux-gnueabihf/liblz4.so.1.8.3
ac2e6000-ac2e7000 r--p 0001a000 b3:02 7578                               /usr/lib/arm-linux-gnueabihf/liblz4.so.1.8.3
ac2e7000-ac2e8000 rw-p 0001b000 b3:02 7578                               /usr/lib/arm-linux-gnueabihf/liblz4.so.1.8.3
ac2e8000-ac308000 r-xp 00000000 b3:02 7579                               /usr/lib/arm-linux-gnueabihf/liblzma.so.5.2.4
ac308000-ac317000 ---p 00020000 b3:02 7579                               /usr/lib/arm-linux-gnueabihf/liblzma.so.5.2.4
ac317000-ac318000 r--p 0001f000 b3:02 7579                               /usr/lib/arm-linux-gnueabihf/liblzma.so.5.2.4
ac318000-ac319000 rw-p 00020000 b3:02 7579                               /usr/lib/arm-linux-gnueabihf/liblzma.so.5.2.4
ac319000-ac3a4000 r-xp 00000000 b3:02 84312                              /usr/lib/arm-linux-gnueabihf/libsystemd.so.0.25.0
ac3a4000-ac3b3000 ---p 0008b000 b3:02 84312                              /usr/lib/arm-linux-gnueabihf/libsystemd.so.0.25.0
ac3b3000-ac3b5000 r--p 0008a000 b3:02 84312                              /usr/lib/arm-linux-gnueabihf/libsystemd.so.0.25.0
ac3b5000-ac3b6000 rw-p 0008c000 b3:02 84312                              /usr/lib/arm-linux-gnueabihf/libsystemd.so.0.25.0
ac3b6000-ac3f6000 r-xp 00000000 b3:02 2652                               /usr/lib/arm-linux-gnueabihf/libdbus-1.so.3.19.17
ac3f6000-ac405000 ---p 00040000 b3:02 2652                               /usr/lib/arm-linux-gnueabihf/libdbus-1.so.3.19.17
ac405000-ac406000 r--p 0003f000 b3:02 2652                               /usr/lib/arm-linux-gnueabihf/libdbus-1.so.3.19.17
ac406000-ac407000 rw-p 00040000 b3:02 2652                               /usr/lib/arm-linux-gnueabihf/libdbus-1.so.3.19.17
ac407000-ac417000 r-xp 00000000 b3:02 22370                              /usr/lib/arm-linux-gnueabihf/libfcitx-utils.so.0.1
ac417000-ac426000 ---p 00010000 b3:02 22370                              /usr/lib/arm-linux-gnueabihf/libfcitx-utils.so.0.1
ac426000-ac427000 r--p 0000f000 b3:02 22370                              /usr/lib/arm-linux-gnueabihf/libfcitx-utils.so.0.1
ac427000-ac428000 rw-p 00010000 b3:02 22370                              /usr/lib/arm-linux-gnueabihf/libfcitx-utils.so.0.1
ac428000-ac432000 r-xp 00000000 b3:02 28726                              /usr/lib/arm-linux-gnueabihf/libfcitx-gclient.so.0.2
ac432000-ac442000 ---p 0000a000 b3:02 28726                              /usr/lib/arm-linux-gnueabihf/libfcitx-gclient.so.0.2
ac442000-ac443000 r--p 0000a000 b3:02 28726                              /usr/lib/arm-linux-gnueabihf/libfcitx-gclient.so.0.2
ac443000-ac444000 rw-p 0000b000 b3:02 28726                              /usr/lib/arm-linux-gnueabihf/libfcitx-gclient.so.0.2
ac444000-ac47c000 r-xp 00000000 b3:02 7904                               /usr/lib/arm-linux-gnueabihf/libxkbcommon.so.0.0.0
ac47c000-ac48b000 ---p 00038000 b3:02 7904                               /usr/lib/arm-linux-gnueabihf/libxkbcommon.so.0.0.0
ac48b000-ac48c000 r--p 00037000 b3:02 7904                               /usr/lib/arm-linux-gnueabihf/libxkbcommon.so.0.0.0
ac48c000-ac48d000 rw-p 00038000 b3:02 7904                               /usr/lib/arm-linux-gnueabihf/libxkbcommon.so.0.0.0
ac4a2000-ac4a8000 r-xp 00000000 b3:02 58327                              /usr/lib/arm-linux-gnueabihf/gtk-2.0/2.10.0/immodules/im-fcitx.so
ac4a8000-ac4b7000 ---p 00006000 b3:02 58327                              /usr/lib/arm-linux-gnueabihf/gtk-2.0/2.10.0/immodules/im-fcitx.so
ac4b7000-ac4b8000 r--p 00005000 b3:02 58327                              /usr/lib/arm-linux-gnueabihf/gtk-2.0/2.10.0/immodules/im-fcitx.so
ac4b8000-ac4b9000 rw-p 00006000 b3:02 58327                              /usr/lib/arm-linux-gnueabihf/gtk-2.0/2.10.0/immodules/im-fcitx.so
ac4b9000-ac506000 r--p 00000000 b3:02 28070                              /usr/share/fonts/truetype/liberation2/LiberationMono-Regular.ttf
ac506000-ac52b000 r--p 00000000 b3:02 28094                              /usr/share/fonts/truetype/piboto/PibotoLt-Regular.ttf
ac536000-ac549000 r--s 00345000 b3:02 655107                             /home/pi/Programs/arduino-1.8.19/java/lib/resources.jar
ac549000-ac54c000 ---p 00000000 00:00 0 
ac54c000-ac599000 rw-p 00000000 00:00 0 
ac599000-ac59c000 ---p 00000000 00:00 0 
ac59c000-ac5e9000 rw-p 00000000 00:00 0 
ac5e9000-ac5ec000 ---p 00000000 00:00 0 
ac5ec000-ac639000 rw-p 00000000 00:00 0 
ac639000-ac63c000 ---p 00000000 00:00 0 
ac63c000-ac689000 rw-p 00000000 00:00 0 
ac689000-ac68d000 r-xp 00000000 b3:02 3573                               /usr/lib/arm-linux-gnueabihf/libnss_dns-2.28.so
ac68d000-ac69c000 ---p 00004000 b3:02 3573                               /usr/lib/arm-linux-gnueabihf/libnss_dns-2.28.so
ac69c000-ac69d000 r--p 00003000 b3:02 3573                               /usr/lib/arm-linux-gnueabihf/libnss_dns-2.28.so
ac69d000-ac69e000 rw-p 00004000 b3:02 3573                               /usr/lib/arm-linux-gnueabihf/libnss_dns-2.28.so
ac69e000-ac6a0000 r-xp 00000000 b3:02 7650                               /usr/lib/arm-linux-gnueabihf/libnss_mdns4_minimal.so.2
ac6a0000-ac6af000 ---p 00002000 b3:02 7650                               /usr/lib/arm-linux-gnueabihf/libnss_mdns4_minimal.so.2
ac6af000-ac6b0000 r--p 00001000 b3:02 7650                               /usr/lib/arm-linux-gnueabihf/libnss_mdns4_minimal.so.2
ac6b0000-ac6b1000 rw-p 00002000 b3:02 7650                               /usr/lib/arm-linux-gnueabihf/libnss_mdns4_minimal.so.2
ac6b3000-ac6b5000 r-xp 00000000 b3:02 8364                               /usr/lib/arm-linux-gnueabihf/gio/modules/libgiolibproxy.so
ac6b5000-ac6c4000 ---p 00002000 b3:02 8364                               /usr/lib/arm-linux-gnueabihf/gio/modules/libgiolibproxy.so
ac6c4000-ac6c5000 r--p 00001000 b3:02 8364                               /usr/lib/arm-linux-gnueabihf/gio/modules/libgiolibproxy.so
ac6c5000-ac6c6000 rw-p 00002000 b3:02 8364                               /usr/lib/arm-linux-gnueabihf/gio/modules/libgiolibproxy.so
ac6c6000-ac6c9000 ---p 00000000 00:00 0 
ac6c9000-ac716000 rw-p 00000000 00:00 0 
ac71a000-ac725000 r--p 00000000 b3:02 28766                              /usr/share/glib-2.0/schemas/gschemas.compiled
ac725000-ac728000 ---p 00000000 00:00 0 
ac728000-ac775000 rw-p 00000000 00:00 0 
ac777000-ac77f000 rw-s 00000000 00:01 163902                             /SYSV00000000 (deleted)
ac77f000-ac782000 r-xp 00000000 b3:02 8362                               /usr/lib/arm-linux-gnueabihf/gio/modules/libgiognomeproxy.so
ac782000-ac791000 ---p 00003000 b3:02 8362                               /usr/lib/arm-linux-gnueabihf/gio/modules/libgiognomeproxy.so
ac791000-ac792000 r--p 00002000 b3:02 8362                               /usr/lib/arm-linux-gnueabihf/gio/modules/libgiognomeproxy.so
ac792000-ac793000 rw-p 00003000 b3:02 8362                               /usr/lib/arm-linux-gnueabihf/gio/modules/libgiognomeproxy.so
ac79b000-ac79f000 r-xp 00000000 b3:02 8346                               /usr/lib/arm-linux-gnueabihf/gdk-pixbuf-2.0/2.10.0/loaders/libpixbufloader-png.so
ac79f000-ac7ae000 ---p 00004000 b3:02 8346                               /usr/lib/arm-linux-gnueabihf/gdk-pixbuf-2.0/2.10.0/loaders/libpixbufloader-png.so
ac7ae000-ac7af000 r--p 00003000 b3:02 8346                               /usr/lib/arm-linux-gnueabihf/gdk-pixbuf-2.0/2.10.0/loaders/libpixbufloader-png.so
ac7af000-ac7b0000 rw-p 00004000 b3:02 8346                               /usr/lib/arm-linux-gnueabihf/gdk-pixbuf-2.0/2.10.0/loaders/libpixbufloader-png.so
ac7b0000-ac7b3000 ---p 00000000 00:00 0 
ac7b3000-ac900000 rw-p 00000000 00:00 0 
ac900000-acb00000 rw-p 00000000 00:00 0 
acb00000-acbfb000 rw-p 00000000 00:00 0 
acbfb000-acc00000 ---p 00000000 00:00 0 
acc02000-acc07000 r--s 0003f000 b3:02 655101                             /home/pi/Programs/arduino-1.8.19/java/lib/ext/sunjce_provider.jar
acc07000-acc0a000 ---p 00000000 00:00 0 
acc0a000-acc57000 rw-p 00000000 00:00 0 
acc57000-acc65000 r-xp 00000000 b3:02 655192                             /home/pi/Programs/arduino-1.8.19/java/lib/arm/libnio.so
acc65000-acc6c000 ---p 0000e000 b3:02 655192                             /home/pi/Programs/arduino-1.8.19/java/lib/arm/libnio.so
acc6c000-acc6d000 rw-p 0000d000 b3:02 655192                             /home/pi/Programs/arduino-1.8.19/java/lib/arm/libnio.so
acc6d000-acc7f000 r--s 00000000 b3:02 77740                              /var/cache/fontconfig/a824395e-01e1-48b1-9933-7226469f1ddb-le32d8.cache-7
acc7f000-ae880000 rw-p 00000000 00:00 0 
ae880000-ae893000 r-xp 00000000 b3:02 655165                             /home/pi/Programs/arduino-1.8.19/java/lib/arm/libnet.so
ae893000-ae89b000 ---p 00013000 b3:02 655165                             /home/pi/Programs/arduino-1.8.19/java/lib/arm/libnet.so
ae89b000-ae89c000 rw-p 00013000 b3:02 655165                             /home/pi/Programs/arduino-1.8.19/java/lib/arm/libnet.so
ae89c000-ae8e9000 r-xp 00000000 b3:02 655171                             /home/pi/Programs/arduino-1.8.19/java/lib/arm/libfontmanager.so
ae8e9000-ae8f0000 ---p 0004d000 b3:02 655171                             /home/pi/Programs/arduino-1.8.19/java/lib/arm/libfontmanager.so
ae8f0000-ae8f3000 rw-p 0004c000 b3:02 655171                             /home/pi/Programs/arduino-1.8.19/java/lib/arm/libfontmanager.so
ae8f3000-ae8f8000 rw-p 00000000 00:00 0 
ae8f8000-ae90a000 r-xp 00000000 b3:02 8675                               /usr/lib/arm-linux-gnueabihf/gtk-2.0/2.10.0/engines/libpixflat.so
ae90a000-ae919000 ---p 00012000 b3:02 8675                               /usr/lib/arm-linux-gnueabihf/gtk-2.0/2.10.0/engines/libpixflat.so
ae919000-ae91a000 r--p 00011000 b3:02 8675                               /usr/lib/arm-linux-gnueabihf/gtk-2.0/2.10.0/engines/libpixflat.so
ae91a000-ae91b000 rw-p 00012000 b3:02 8675                               /usr/lib/arm-linux-gnueabihf/gtk-2.0/2.10.0/engines/libpixflat.so
ae91b000-ae923000 r-xp 00000000 b3:02 8676                               /usr/lib/arm-linux-gnueabihf/gtk-2.0/2.10.0/engines/libpixmap.so
ae923000-ae932000 ---p 00008000 b3:02 8676                               /usr/lib/arm-linux-gnueabihf/gtk-2.0/2.10.0/engines/libpixmap.so
ae932000-ae933000 r--p 00007000 b3:02 8676                               /usr/lib/arm-linux-gnueabihf/gtk-2.0/2.10.0/engines/libpixmap.so
ae933000-ae934000 rw-p 00008000 b3:02 8676                               /usr/lib/arm-linux-gnueabihf/gtk-2.0/2.10.0/engines/libpixmap.so
ae934000-ae95c000 r--p 00000000 b3:02 61926                              /usr/share/locale/ko/LC_MESSAGES/gtk20-properties.mo
ae95c000-ae95d000 r-xp 00000000 b3:02 7494                               /usr/lib/arm-linux-gnueabihf/libgthread-2.0.so.0.5800.3
ae95d000-ae96c000 ---p 00001000 b3:02 7494                               /usr/lib/arm-linux-gnueabihf/libgthread-2.0.so.0.5800.3
ae96c000-ae96d000 r--p 00000000 b3:02 7494                               /usr/lib/arm-linux-gnueabihf/libgthread-2.0.so.0.5800.3
ae96d000-ae96e000 rw-p 00001000 b3:02 7494                               /usr/lib/arm-linux-gnueabihf/libgthread-2.0.so.0.5800.3
ae96e000-aea6e000 rw-p 00000000 00:00 0 
aea6e000-aea72000 r-xp 00000000 b3:02 7331                               /usr/lib/arm-linux-gnueabihf/libdatrie.so.1.3.5
aea72000-aea82000 ---p 00004000 b3:02 7331                               /usr/lib/arm-linux-gnueabihf/libdatrie.so.1.3.5
aea82000-aea83000 r--p 00004000 b3:02 7331                               /usr/lib/arm-linux-gnueabihf/libdatrie.so.1.3.5
aea83000-aea84000 rw-p 00005000 b3:02 7331                               /usr/lib/arm-linux-gnueabihf/libdatrie.so.1.3.5
aea84000-aeaa3000 r-xp 00000000 b3:02 7458                               /usr/lib/arm-linux-gnueabihf/libgraphite2.so.3.2.1
aeaa3000-aeab3000 ---p 0001f000 b3:02 7458                               /usr/lib/arm-linux-gnueabihf/libgraphite2.so.3.2.1
aeab3000-aeab4000 r--p 0001f000 b3:02 7458                               /usr/lib/arm-linux-gnueabihf/libgraphite2.so.3.2.1
aeab4000-aeab5000 rw-p 00020000 b3:02 7458                               /usr/lib/arm-linux-gnueabihf/libgraphite2.so.3.2.1
aeab5000-aeaf9000 r-xp 00000000 b3:02 7280                               /usr/lib/arm-linux-gnueabihf/libblkid.so.1.1.0
aeaf9000-aeb09000 ---p 00044000 b3:02 7280                               /usr/lib/arm-linux-gnueabihf/libblkid.so.1.1.0
aeb09000-aeb0c000 r--p 00044000 b3:02 7280                               /usr/lib/arm-linux-gnueabihf/libblkid.so.1.1.0
aeb0c000-aeb0d000 rw-p 00047000 b3:02 7280                               /usr/lib/arm-linux-gnueabihf/libblkid.so.1.1.0
aeb0d000-aeb13000 r-xp 00000000 b3:02 7844                               /usr/lib/arm-linux-gnueabihf/libuuid.so.1.3.0
aeb13000-aeb22000 ---p 00006000 b3:02 7844                               /usr/lib/arm-linux-gnueabihf/libuuid.so.1.3.0
aeb22000-aeb23000 r--p 00005000 b3:02 7844                               /usr/lib/arm-linux-gnueabihf/libuuid.so.1.3.0
aeb23000-aeb24000 rw-p 00006000 b3:02 7844                               /usr/lib/arm-linux-gnueabihf/libuuid.so.1.3.0
aeb24000-aeb53000 r-xp 00000000 b3:02 7373                               /usr/lib/arm-linux-gnueabihf/libexpat.so.1.6.8
aeb53000-aeb62000 ---p 0002f000 b3:02 7373                               /usr/lib/arm-linux-gnueabihf/libexpat.so.1.6.8
aeb62000-aeb64000 r--p 0002e000 b3:02 7373                               /usr/lib/arm-linux-gnueabihf/libexpat.so.1.6.8
aeb64000-aeb65000 rw-p 00030000 b3:02 7373                               /usr/lib/arm-linux-gnueabihf/libexpat.so.1.6.8
aeb65000-aebcb000 r-xp 00000000 b3:02 7692                               /usr/lib/arm-linux-gnueabihf/libpcre.so.3.13.3
aebcb000-aebda000 ---p 00066000 b3:02 7692                               /usr/lib/arm-linux-gnueabihf/libpcre.so.3.13.3
aebda000-aebdb000 r--p 00065000 b3:02 7692                               /usr/lib/arm-linux-gnueabihf/libpcre.so.3.13.3
aebdb000-aebdc000 rw-p 00066000 b3:02 7692                               /usr/lib/arm-linux-gnueabihf/libpcre.so.3.13.3
aebdc000-aebe2000 r-xp 00000000 b3:02 7382                               /usr/lib/arm-linux-gnueabihf/libffi.so.6.0.4
aebe2000-aebf2000 ---p 00006000 b3:02 7382                               /usr/lib/arm-linux-gnueabihf/libffi.so.6.0.4
aebf2000-aebf3000 r--p 00006000 b3:02 7382                               /usr/lib/arm-linux-gnueabihf/libffi.so.6.0.4
aebf3000-aebf4000 rw-p 00007000 b3:02 7382                               /usr/lib/arm-linux-gnueabihf/libffi.so.6.0.4
aebf4000-aec0d000 r-xp 00000000 b3:02 7416                               /usr/lib/arm-linux-gnueabihf/libfribidi.so.0.4.0
aec0d000-aec1c000 ---p 00019000 b3:02 7416                               /usr/lib/arm-linux-gnueabihf/libfribidi.so.0.4.0
aec1c000-aec1d000 r--p 00018000 b3:02 7416                               /usr/lib/arm-linux-gnueabihf/libfribidi.so.0.4.0
aec1d000-aec1e000 rw-p 00019000 b3:02 7416                               /usr/lib/arm-linux-gnueabihf/libfribidi.so.0.4.0
aec1e000-aec25000 r-xp 00000000 b3:02 7813                               /usr/lib/arm-linux-gnueabihf/libthai.so.0.3.1
aec25000-aec34000 ---p 00007000 b3:02 7813                               /usr/lib/arm-linux-gnueabihf/libthai.so.0.3.1
aec34000-aec35000 r--p 00006000 b3:02 7813                               /usr/lib/arm-linux-gnueabihf/libthai.so.0.3.1
aec35000-aec36000 rw-p 00007000 b3:02 7813                               /usr/lib/arm-linux-gnueabihf/libthai.so.0.3.1
aec36000-aed21000 r-xp 00000000 b3:02 7504                               /usr/lib/arm-linux-gnueabihf/libharfbuzz.so.0.20301.0
aed21000-aed30000 ---p 000eb000 b3:02 7504                               /usr/lib/arm-linux-gnueabihf/libharfbuzz.so.0.20301.0
aed30000-aed31000 r--p 000ea000 b3:02 7504                               /usr/lib/arm-linux-gnueabihf/libharfbuzz.so.0.20301.0
aed31000-aed32000 rw-p 000eb000 b3:02 7504                               /usr/lib/arm-linux-gnueabihf/libharfbuzz.so.0.20301.0
aed32000-aed34000 rw-p 00000000 00:00 0 
aed34000-aed45000 r-xp 00000000 b3:02 3582                               /usr/lib/arm-linux-gnueabihf/libresolv-2.28.so
aed45000-aed54000 ---p 00011000 b3:02 3582                               /usr/lib/arm-linux-gnueabihf/libresolv-2.28.so
aed54000-aed55000 r--p 00010000 b3:02 3582                               /usr/lib/arm-linux-gnueabihf/libresolv-2.28.so
aed55000-aed56000 rw-p 00011000 b3:02 3582                               /usr/lib/arm-linux-gnueabihf/libresolv-2.28.so
aed56000-aed58000 rw-p 00000000 00:00 0 
aed58000-aed78000 r-xp 00000000 b3:02 7764                               /usr/lib/arm-linux-gnueabihf/libselinux.so.1
aed78000-aed87000 ---p 00020000 b3:02 7764                               /usr/lib/arm-linux-gnueabihf/libselinux.so.1
aed87000-aed88000 r--p 0001f000 b3:02 7764                               /usr/lib/arm-linux-gnueabihf/libselinux.so.1
aed88000-aed89000 rw-p 00020000 b3:02 7764                               /usr/lib/arm-linux-gnueabihf/libselinux.so.1
aed89000-aed8a000 rw-p 00000000 00:00 0 
aed8a000-aedd8000 r-xp 00000000 b3:02 7598                               /usr/lib/arm-linux-gnueabihf/libmount.so.1.1.0
aedd8000-aede8000 ---p 0004e000 b3:02 7598                               /usr/lib/arm-linux-gnueabihf/libmount.so.1.1.0
aede8000-aedea000 r--p 0004e000 b3:02 7598                               /usr/lib/arm-linux-gnueabihf/libmount.so.1.1.0
aedea000-aedeb000 rw-p 00050000 b3:02 7598                               /usr/lib/arm-linux-gnueabihf/libmount.so.1.1.0
aedeb000-aee02000 r-xp 00000000 b3:02 7914                               /usr/lib/arm-linux-gnueabihf/libz.so.1.2.11
aee02000-aee11000 ---p 00017000 b3:02 7914                               /usr/lib/arm-linux-gnueabihf/libz.so.1.2.11
aee11000-aee12000 r--p 00016000 b3:02 7914                               /usr/lib/arm-linux-gnueabihf/libz.so.1.2.11
aee12000-aee13000 rw-p 00017000 b3:02 7914                               /usr/lib/arm-linux-gnueabihf/libz.so.1.2.11
aee13000-aee1d000 r-xp 00000000 b3:02 7893                               /usr/lib/arm-linux-gnueabihf/libxcb-render.so.0.0.0
aee1d000-aee2c000 ---p 0000a000 b3:02 7893                               /usr/lib/arm-linux-gnueabihf/libxcb-render.so.0.0.0
aee2c000-aee2d000 r--p 00009000 b3:02 7893                               /usr/lib/arm-linux-gnueabihf/libxcb-render.so.0.0.0
aee2d000-aee2e000 rw-p 0000a000 b3:02 7893                               /usr/lib/arm-linux-gnueabihf/libxcb-render.so.0.0.0
aee2e000-aee30000 r-xp 00000000 b3:02 7895                               /usr/lib/arm-linux-gnueabihf/libxcb-shm.so.0.0.0
aee30000-aee3f000 ---p 00002000 b3:02 7895                               /usr/lib/arm-linux-gnueabihf/libxcb-shm.so.0.0.0
aee3f000-aee40000 r--p 00001000 b3:02 7895                               /usr/lib/arm-linux-gnueabihf/libxcb-shm.so.0.0.0
aee40000-aee41000 rw-p 00002000 b3:02 7895                               /usr/lib/arm-linux-gnueabihf/libxcb-shm.so.0.0.0
aee41000-aee6c000 r-xp 00000000 b3:02 7711                               /usr/lib/arm-linux-gnueabihf/libpng16.so.16.36.0
aee6c000-aee7b000 ---p 0002b000 b3:02 7711                               /usr/lib/arm-linux-gnueabihf/libpng16.so.16.36.0
aee7b000-aee7c000 r--p 0002a000 b3:02 7711                               /usr/lib/arm-linux-gnueabihf/libpng16.so.16.36.0
aee7c000-aee7d000 rw-p 0002b000 b3:02 7711                               /usr/lib/arm-linux-gnueabihf/libpng16.so.16.36.0
aee7d000-aef41000 r-xp 00000000 b3:02 7701                               /usr/lib/arm-linux-gnueabihf/libpixman-1.so.0.36.0
aef41000-aef51000 ---p 000c4000 b3:02 7701                               /usr/lib/arm-linux-gnueabihf/libpixman-1.so.0.36.0
aef51000-aef57000 r--p 000c4000 b3:02 7701                               /usr/lib/arm-linux-gnueabihf/libpixman-1.so.0.36.0
aef57000-aef58000 rw-p 000ca000 b3:02 7701                               /usr/lib/arm-linux-gnueabihf/libpixman-1.so.0.36.0
aef58000-aef60000 r-xp 00000000 b3:02 7217                               /usr/lib/arm-linux-gnueabihf/libXrandr.so.2.2.0
aef60000-aef6f000 ---p 00008000 b3:02 7217                               /usr/lib/arm-linux-gnueabihf/libXrandr.so.2.2.0
aef6f000-aef70000 r--p 00007000 b3:02 7217                               /usr/lib/arm-linux-gnueabihf/libXrandr.so.2.2.0
aef70000-aef71000 rw-p 00008000 b3:02 7217                               /usr/lib/arm-linux-gnueabihf/libXrandr.so.2.2.0
aef71000-aef73000 r-xp 00000000 b3:02 7213                               /usr/lib/arm-linux-gnueabihf/libXinerama.so.1.0.0
aef73000-aef82000 ---p 00002000 b3:02 7213                               /usr/lib/arm-linux-gnueabihf/libXinerama.so.1.0.0
aef82000-aef83000 r--p 00001000 b3:02 7213                               /usr/lib/arm-linux-gnueabihf/libXinerama.so.1.0.0
aef83000-aef84000 rw-p 00002000 b3:02 7213                               /usr/lib/arm-linux-gnueabihf/libXinerama.so.1.0.0
aef84000-af013000 r-xp 00000000 b3:02 7415                               /usr/lib/arm-linux-gnueabihf/libfreetype.so.6.16.1
af013000-af022000 ---p 0008f000 b3:02 7415                               /usr/lib/arm-linux-gnueabihf/libfreetype.so.6.16.1
af022000-af026000 r--p 0008e000 b3:02 7415                               /usr/lib/arm-linux-gnueabihf/libfreetype.so.6.16.1
af026000-af027000 rw-p 00092000 b3:02 7415                               /usr/lib/arm-linux-gnueabihf/libfreetype.so.6.16.1
af027000-af05d000 r-xp 00000000 b3:02 7408                               /usr/lib/arm-linux-gnueabihf/libfontconfig.so.1.12.0
af05d000-af06d000 ---p 00036000 b3:02 7408                               /usr/lib/arm-linux-gnueabihf/libfontconfig.so.1.12.0
af06d000-af06e000 r--p 00036000 b3:02 7408                               /usr/lib/arm-linux-gnueabihf/libfontconfig.so.1.12.0
af06e000-af06f000 rw-p 00037000 b3:02 7408                               /usr/lib/arm-linux-gnueabihf/libfontconfig.so.1.12.0
af06f000-af16e000 r-xp 00000000 b3:02 7444                               /usr/lib/arm-linux-gnueabihf/libglib-2.0.so.0.5800.3
af16e000-af17d000 ---p 000ff000 b3:02 7444                               /usr/lib/arm-linux-gnueabihf/libglib-2.0.so.0.5800.3
af17d000-af17e000 r--p 000fe000 b3:02 7444                               /usr/lib/arm-linux-gnueabihf/libglib-2.0.so.0.5800.3
af17e000-af17f000 rw-p 000ff000 b3:02 7444                               /usr/lib/arm-linux-gnueabihf/libglib-2.0.so.0.5800.3
af17f000-af1cb000 r-xp 00000000 b3:02 7452                               /usr/lib/arm-linux-gnueabihf/libgobject-2.0.so.0.5800.3
af1cb000-af1da000 ---p 0004c000 b3:02 7452                               /usr/lib/arm-linux-gnueabihf/libgobject-2.0.so.0.5800.3
af1da000-af1db000 r--p 0004b000 b3:02 7452                               /usr/lib/arm-linux-gnueabihf/libgobject-2.0.so.0.5800.3
af1db000-af1dc000 rw-p 0004c000 b3:02 7452                               /usr/lib/arm-linux-gnueabihf/libgobject-2.0.so.0.5800.3
af1dc000-af217000 r-xp 00000000 b3:02 7682                               /usr/lib/arm-linux-gnueabihf/libpango-1.0.so.0.4200.3
af217000-af226000 ---p 0003b000 b3:02 7682                               /usr/lib/arm-linux-gnueabihf/libpango-1.0.so.0.4200.3
af226000-af228000 r--p 0003a000 b3:02 7682                               /usr/lib/arm-linux-gnueabihf/libpango-1.0.so.0.4200.3
af228000-af229000 rw-p 0003c000 b3:02 7682                               /usr/lib/arm-linux-gnueabihf/libpango-1.0.so.0.4200.3
af229000-af239000 r-xp 00000000 b3:02 7684                               /usr/lib/arm-linux-gnueabihf/libpangoft2-1.0.so.0.4200.3
af239000-af249000 ---p 00010000 b3:02 7684                               /usr/lib/arm-linux-gnueabihf/libpangoft2-1.0.so.0.4200.3
af249000-af24a000 r--p 00010000 b3:02 7684                               /usr/lib/arm-linux-gnueabihf/libpangoft2-1.0.so.0.4200.3
af24a000-af24b000 rw-p 00011000 b3:02 7684                               /usr/lib/arm-linux-gnueabihf/libpangoft2-1.0.so.0.4200.3
af24b000-af3b1000 r-xp 00000000 b3:02 7441                               /usr/lib/arm-linux-gnueabihf/libgio-2.0.so.0.5800.3
af3b1000-af3c1000 ---p 00166000 b3:02 7441                               /usr/lib/arm-linux-gnueabihf/libgio-2.0.so.0.5800.3
af3c1000-af3c5000 r--p 00166000 b3:02 7441                               /usr/lib/arm-linux-gnueabihf/libgio-2.0.so.0.5800.3
af3c5000-af3c6000 rw-p 0016a000 b3:02 7441                               /usr/lib/arm-linux-gnueabihf/libgio-2.0.so.0.5800.3
af3c6000-af3c7000 rw-p 00000000 00:00 0 
af3c7000-af3e8000 r-xp 00000000 b3:02 7432                               /usr/lib/arm-linux-gnueabihf/libgdk_pixbuf-2.0.so.0.3800.1
af3e8000-af3f7000 ---p 00021000 b3:02 7432                               /usr/lib/arm-linux-gnueabihf/libgdk_pixbuf-2.0.so.0.3800.1
af3f7000-af3f8000 r--p 00020000 b3:02 7432                               /usr/lib/arm-linux-gnueabihf/libgdk_pixbuf-2.0.so.0.3800.1
af3f8000-af3f9000 rw-p 00021000 b3:02 7432                               /usr/lib/arm-linux-gnueabihf/libgdk_pixbuf-2.0.so.0.3800.1
af3f9000-af4e0000 r-xp 00000000 b3:02 7302                               /usr/lib/arm-linux-gnueabihf/libcairo.so.2.11600.0
af4e0000-af4ef000 ---p 000e7000 b3:02 7302                               /usr/lib/arm-linux-gnueabihf/libcairo.so.2.11600.0
af4ef000-af4f1000 r--p 000e6000 b3:02 7302                               /usr/lib/arm-linux-gnueabihf/libcairo.so.2.11600.0
af4f1000-af4f2000 rw-p 000e8000 b3:02 7302                               /usr/lib/arm-linux-gnueabihf/libcairo.so.2.11600.0
af4f2000-af50e000 r-xp 00000000 b3:02 7249                               /usr/lib/arm-linux-gnueabihf/libatk-1.0.so.0.23009.1
af50e000-af51d000 ---p 0001c000 b3:02 7249                               /usr/lib/arm-linux-gnueabihf/libatk-1.0.so.0.23009.1
af51d000-af51f000 r--p 0001b000 b3:02 7249                               /usr/lib/arm-linux-gnueabihf/libatk-1.0.so.0.23009.1
af51f000-af520000 rw-p 0001d000 b3:02 7249                               /usr/lib/arm-linux-gnueabihf/libatk-1.0.so.0.23009.1
af520000-af522000 r-xp 00000000 b3:02 7206                               /usr/lib/arm-linux-gnueabihf/libXdamage.so.1.1.0
af522000-af531000 ---p 00002000 b3:02 7206                               /usr/lib/arm-linux-gnueabihf/libXdamage.so.1.1.0
af531000-af532000 r--p 00001000 b3:02 7206                               /usr/lib/arm-linux-gnueabihf/libXdamage.so.1.1.0
af532000-af533000 rw-p 00002000 b3:02 7206                               /usr/lib/arm-linux-gnueabihf/libXdamage.so.1.1.0
af533000-af535000 r-xp 00000000 b3:02 7204                               /usr/lib/arm-linux-gnueabihf/libXcomposite.so.1.0.0
af535000-af544000 ---p 00002000 b3:02 7204                               /usr/lib/arm-linux-gnueabihf/libXcomposite.so.1.0.0
af544000-af545000 r--p 00001000 b3:02 7204                               /usr/lib/arm-linux-gnueabihf/libXcomposite.so.1.0.0
af545000-af546000 rw-p 00002000 b3:02 7204                               /usr/lib/arm-linux-gnueabihf/libXcomposite.so.1.0.0
af546000-af8e9000 r-xp 00000000 b3:02 7496                               /usr/lib/arm-linux-gnueabihf/libgtk-x11-2.0.so.0.2400.32
af8e9000-af8f8000 ---p 003a3000 b3:02 7496                               /usr/lib/arm-linux-gnueabihf/libgtk-x11-2.0.so.0.2400.32
af8f8000-af8fc000 r--p 003a2000 b3:02 7496                               /usr/lib/arm-linux-gnueabihf/libgtk-x11-2.0.so.0.2400.32
af8fc000-af8ff000 rw-p 003a6000 b3:02 7496                               /usr/lib/arm-linux-gnueabihf/libgtk-x11-2.0.so.0.2400.32
af8ff000-af900000 rw-p 00000000 00:00 0 
af900000-afa00000 rw-p 00000000 00:00 0 
afa01000-afa03000 r--s 00009000 b3:02 528072                             /home/pi/Programs/arduino-1.8.19/tools/WiFi101/tool/WiFi101.jar
afa03000-afa0d000 r--s 00000000 b3:02 77734                              /var/cache/fontconfig/64572e6d-ac5e-4377-8739-dc3df6e1c540-le32d8.cache-7
afa0d000-afa9e000 r-xp 00000000 b3:02 7431                               /usr/lib/arm-linux-gnueabihf/libgdk-x11-2.0.so.0.2400.32
afa9e000-afaad000 ---p 00091000 b3:02 7431                               /usr/lib/arm-linux-gnueabihf/libgdk-x11-2.0.so.0.2400.32
afaad000-afaaf000 r--p 00090000 b3:02 7431                               /usr/lib/arm-linux-gnueabihf/libgdk-x11-2.0.so.0.2400.32
afaaf000-afab0000 rw-p 00092000 b3:02 7431                               /usr/lib/arm-linux-gnueabihf/libgdk-x11-2.0.so.0.2400.32
afab0000-afab3000 ---p 00000000 00:00 0 
afab3000-afc00000 rw-p 00000000 00:00 0 
afc00000-afcfa000 rw-p 00000000 00:00 0 
afcfa000-afd00000 ---p 00000000 00:00 0 
afd01000-afd08000 r--s 00000000 b3:02 22425                              /var/cache/fontconfig/9dcb0c9b-8cff-427c-b8f2-00c041ce707b-le32d8.cache-7
afd08000-afd12000 r-xp 00000000 b3:02 7683                               /usr/lib/arm-linux-gnueabihf/libpangocairo-1.0.so.0.4200.3
afd12000-afd21000 ---p 0000a000 b3:02 7683                               /usr/lib/arm-linux-gnueabihf/libpangocairo-1.0.so.0.4200.3
afd21000-afd22000 r--p 00009000 b3:02 7683                               /usr/lib/arm-linux-gnueabihf/libpangocairo-1.0.so.0.4200.3
afd22000-afd23000 rw-p 0000a000 b3:02 7683                               /usr/lib/arm-linux-gnueabihf/libpangocairo-1.0.so.0.4200.3
afd23000-afd25000 r-xp 00000000 b3:02 7447                               /usr/lib/arm-linux-gnueabihf/libgmodule-2.0.so.0.5800.3
afd25000-afd35000 ---p 00002000 b3:02 7447                               /usr/lib/arm-linux-gnueabihf/libgmodule-2.0.so.0.5800.3
afd35000-afd36000 r--p 00002000 b3:02 7447                               /usr/lib/arm-linux-gnueabihf/libgmodule-2.0.so.0.5800.3
afd36000-afd37000 rw-p 00003000 b3:02 7447                               /usr/lib/arm-linux-gnueabihf/libgmodule-2.0.so.0.5800.3
afd37000-afd3a000 ---p 00000000 00:00 0 
afd3a000-afd87000 rw-p 00000000 00:00 0 
afd87000-afdae000 r--p 00000000 b3:02 15194                              /usr/share/locale/ko/LC_MESSAGES/libc.mo
afdae000-afdf6000 r-xp 00000000 b3:02 655196                             /home/pi/Programs/arduino-1.8.19/java/lib/arm/libawt_xawt.so
afdf6000-afdfd000 ---p 00048000 b3:02 655196                             /home/pi/Programs/arduino-1.8.19/java/lib/arm/libawt_xawt.so
afdfd000-afe00000 rw-p 00047000 b3:02 655196                             /home/pi/Programs/arduino-1.8.19/java/lib/arm/libawt_xawt.so
afe00000-afefb000 rw-p 00000000 00:00 0 
afefb000-aff00000 ---p 00000000 00:00 0 
aff00000-afffc000 rw-p 00000000 00:00 0 
afffc000-b0000000 ---p 00000000 00:00 0 
b0000000-b00fe000 rw-p 00000000 00:00 0 
b00fe000-b0100000 ---p 00000000 00:00 0 
b0101000-b0106000 r--s 000a0000 b3:02 655153                             /home/pi/Programs/arduino-1.8.19/java/lib/jsse.jar
b0106000-b0113000 r-xp 00000000 b3:02 7212                               /usr/lib/arm-linux-gnueabihf/libXi.so.6.1.0
b0113000-b0122000 ---p 0000d000 b3:02 7212                               /usr/lib/arm-linux-gnueabihf/libXi.so.6.1.0
b0122000-b0123000 r--p 0000c000 b3:02 7212                               /usr/lib/arm-linux-gnueabihf/libXi.so.6.1.0
b0123000-b0124000 rw-p 0000d000 b3:02 7212                               /usr/lib/arm-linux-gnueabihf/libXi.so.6.1.0
b0124000-b0128000 r-xp 00000000 b3:02 7221                               /usr/lib/arm-linux-gnueabihf/libXtst.so.6.1.0
b0128000-b0137000 ---p 00004000 b3:02 7221                               /usr/lib/arm-linux-gnueabihf/libXtst.so.6.1.0
b0137000-b0138000 r--p 00003000 b3:02 7221                               /usr/lib/arm-linux-gnueabihf/libXtst.so.6.1.0
b0138000-b0139000 rw-p 00004000 b3:02 7221                               /usr/lib/arm-linux-gnueabihf/libXtst.so.6.1.0
b0139000-b013f000 r--s 00000000 b3:02 77731                              /var/cache/fontconfig/56301149-9c8c-44be-8668-7707feabc310-le32d8.cache-7
b013f000-b014e000 r--p 00000000 b3:02 61927                              /usr/share/locale/ko/LC_MESSAGES/gtk20.mo
b014e000-b01cc000 r-xp 00000000 b3:02 655166                             /home/pi/Programs/arduino-1.8.19/java/lib/arm/libawt.so
b01cc000-b01d3000 ---p 0007e000 b3:02 655166                             /home/pi/Programs/arduino-1.8.19/java/lib/arm/libawt.so
b01d3000-b01da000 rw-p 0007d000 b3:02 655166                             /home/pi/Programs/arduino-1.8.19/java/lib/arm/libawt.so
b01da000-b01fe000 rw-p 00000000 00:00 0 
b01fe000-b01ff000 ---p 00000000 00:00 0 
b01ff000-b027f000 rw-p 00000000 00:00 0 
b027f000-b0280000 ---p 00000000 00:00 0 
b0280000-b0283000 ---p 00000000 00:00 0 
b0283000-b0300000 rw-p 00000000 00:00 0 
b0300000-b0321000 rw-p 00000000 00:00 0 
b0321000-b0400000 ---p 00000000 00:00 0 
b0401000-b0404000 r--s 0001a000 b3:02 655149                             /home/pi/Programs/arduino-1.8.19/java/lib/jce.jar
b0404000-b0409000 r--s 00000000 b3:02 77729                              /var/cache/fontconfig/30142bf1-b759-40f4-ba14-fd6ec376f0fb-le32d8.cache-7
b0409000-b040d000 r--s 00000000 b3:02 6586                               /var/cache/fontconfig/c60f6592-a052-4888-a8f5-3a89a4cd6fdd-le32d8.cache-7
b040d000-b0429000 r--s 00393000 b3:02 655102                             /home/pi/Programs/arduino-1.8.19/java/lib/ext/cldrdata.jar
b0429000-b0433000 r--s 00116000 b3:02 655105                             /home/pi/Programs/arduino-1.8.19/java/lib/ext/localedata.jar
b0433000-b043f000 r--s 0008f000 b3:02 521402                             /home/pi/Programs/arduino-1.8.19/lib/xmlgraphics-commons-2.0.jar
b043f000-b047f000 r--s 00285000 b3:02 521529                             /home/pi/Programs/arduino-1.8.19/lib/bcprov-jdk15on-152.jar
b047f000-b0480000 ---p 00000000 00:00 0 
b0480000-b0483000 ---p 00000000 00:00 0 
b0483000-b0500000 rw-p 00000000 00:00 0 
b0500000-b05fa000 rw-p 00000000 00:00 0 
b05fa000-b0600000 ---p 00000000 00:00 0 
b0601000-b0604000 r--s 00000000 b3:02 76506                              /var/cache/fontconfig/5897b25d-3a9d-4254-ab2a-3250f2e7caad-le32d8.cache-7
b0604000-b0609000 r--s 00010000 b3:02 521484                             /home/pi/Programs/arduino-1.8.19/lib/xml-apis-ext-1.3.04.jar
b0609000-b060c000 ---p 00000000 00:00 0 
b060c000-b0659000 rw-p 00000000 00:00 0 
b0659000-b065a000 ---p 00000000 00:00 0 
b065a000-b06da000 rw-p 00000000 00:00 0 
b06da000-b08b4000 r--s 03d6c000 b3:02 655106                             /home/pi/Programs/arduino-1.8.19/java/lib/rt.jar
b08b4000-b0cfa000 rw-p 00000000 00:00 0 
b0cfa000-b0d00000 ---p 00000000 00:00 0 
b0d00000-b3100000 rw-p 00000000 00:00 0 
b3100000-b31d1000 rw-p 00000000 00:00 0 
b31d1000-b3200000 ---p 00000000 00:00 0 
b3200000-b3202000 r--s 00000000 b3:02 77747                              /var/cache/fontconfig/e8d49c13-31d9-4dfc-994d-97549d38ab12-le32d8.cache-7
b3202000-b320a000 r--s 00028000 b3:02 521485                             /home/pi/Programs/arduino-1.8.19/lib/xml-apis-1.3.04.jar
b320a000-b321f000 r-xp 00000000 b3:02 521429                             /home/pi/Programs/arduino-1.8.19/lib/liblistSerialsj.so
b321f000-b322e000 ---p 00015000 b3:02 521429                             /home/pi/Programs/arduino-1.8.19/lib/liblistSerialsj.so
b322e000-b322f000 rw-p 00014000 b3:02 521429                             /home/pi/Programs/arduino-1.8.19/lib/liblistSerialsj.so
b322f000-b3232000 ---p 00000000 00:00 0 
b3232000-b327f000 rw-p 00000000 00:00 0 
b327f000-b3280000 ---p 00000000 00:00 0 
b3280000-b3300000 rw-p 00000000 00:00 0 
b3300000-b33f9000 rw-p 00000000 00:00 0 
b33f9000-b3400000 ---p 00000000 00:00 0 
b3400000-b34fc000 rw-p 00000000 00:00 0 
b34fc000-b3500000 ---p 00000000 00:00 0 
b3501000-b3504000 ---p 00000000 00:00 0 
b3504000-b351a000 rw-p 00000000 00:00 0 
b351a000-b3530000 r--s 001b0000 b3:02 521410                             /home/pi/Programs/arduino-1.8.19/lib/jna-platform-4.2.2.jar
b3530000-b357f000 rw-p 00000000 00:00 0 
b357f000-b3580000 ---p 00000000 00:00 0 
b3580000-b3600000 rw-p 00000000 00:00 0 
b3600000-b36fe000 rw-p 00000000 00:00 0 
b36fe000-b3700000 ---p 00000000 00:00 0 
b3701000-b3702000 r--s 00000000 b3:02 77735                              /var/cache/fontconfig/72cb9ce3-4c43-43e7-ad72-5c7312d43255-le32d8.cache-7
b3702000-b3704000 r--s 00009000 b3:02 521425                             /home/pi/Programs/arduino-1.8.19/lib/slf4j-api-1.7.22.jar
b3704000-b3710000 r--s 00110000 b3:02 521427                             /home/pi/Programs/arduino-1.8.19/lib/rsyntaxtextarea-3.0.3-SNAPSHOT.jar
b3710000-b3723000 r--s 00135000 b3:02 521418                             /home/pi/Programs/arduino-1.8.19/lib/jackson-databind-2.9.5.jar
b3723000-b377e000 rw-p 00000000 00:00 0 
b377e000-b377f000 ---p 00000000 00:00 0 
b377f000-b385b000 rw-p 00000000 00:00 0 
b385b000-b3954000 ---p 00000000 00:00 0 
b3954000-b39b9000 rw-p 00000000 00:00 0 
b39b9000-b39ff000 ---p 00000000 00:00 0 
b39ff000-bf040000 rw-p 00000000 00:00 0 
bf040000-de4c0000 ---p 00000000 00:00 0 
de4c0000-eac40000 rw-p 00000000 00:00 0 
eac40000-f3a00000 ---p 00000000 00:00 0 
f3a00000-f3a01000 r--s 00000000 b3:02 77736                              /var/cache/fontconfig/7ad5ac21-b50d-439a-bfd4-2f2bf15188d9-le32d8.cache-7
f3a01000-f3a08000 r--s 00062000 b3:02 521483                             /home/pi/Programs/arduino-1.8.19/lib/pde.jar
f3a08000-f3a0b000 r--s 0004f000 b3:02 521527                             /home/pi/Programs/arduino-1.8.19/lib/jtouchbar-1.0.0.jar
f3a0b000-f3a0f000 r--s 0003b000 b3:02 521488                             /home/pi/Programs/arduino-1.8.19/lib/jsch-0.1.50.jar
f3a0f000-f3a10000 ---p 00000000 00:00 0 
f3a10000-f3aec000 rw-p 00000000 00:00 0 
f3aec000-f3be6000 ---p 00000000 00:00 0 
f3be6000-f3bed000 rw-p 00000000 00:00 0 
f3bed000-f3c66000 ---p 00000000 00:00 0 
f3c66000-f3dee000 rwxp 00000000 00:00 0 
f3dee000-f5c66000 ---p 00000000 00:00 0 
f5c66000-f5c67000 r--s 00002000 b3:02 521479                             /home/pi/Programs/arduino-1.8.19/lib/slf4j-simple-1.7.22.jar
f5c67000-f5c68000 r--s 00027000 b3:02 521421                             /home/pi/Programs/arduino-1.8.19/lib/jssc-2.8.0-arduino4.jar
f5c68000-f5c6c000 r--s 00112000 b3:02 521414                             /home/pi/Programs/arduino-1.8.19/lib/jna-4.2.2.jar
f5c6c000-f5c70000 r--s 00031000 b3:02 521478                             /home/pi/Programs/arduino-1.8.19/lib/jmdns-3.5.5.jar
f5c70000-f5c72000 r--s 00009000 b3:02 521411                             /home/pi/Programs/arduino-1.8.19/lib/java-semver-0.8.0.jar
f5c72000-f5c76000 r--s 0004b000 b3:02 521424                             /home/pi/Programs/arduino-1.8.19/lib/jackson-core-2.9.5.jar
f5c76000-f5c79000 r--s 0000e000 b3:02 521487                             /home/pi/Programs/arduino-1.8.19/lib/jackson-annotations-2.9.5.jar
f5c79000-f5c7f000 r--s 0003f000 b3:02 521357                             /home/pi/Programs/arduino-1.8.19/lib/commons-net-3.3.jar
f5c7f000-f5c81000 r--s 00008000 b3:02 521530                             /home/pi/Programs/arduino-1.8.19/lib/commons-logging-1.0.4.jar
f5c81000-f5c89000 r--s 00073000 b3:02 521492                             /home/pi/Programs/arduino-1.8.19/lib/commons-lang3-3.8.1.jar
f5c89000-f5c8d000 r--s 00031000 b3:02 521352                             /home/pi/Programs/arduino-1.8.19/lib/commons-io-2.6.jar
f5c8d000-f5c93000 r--s 00045000 b3:02 521494                             /home/pi/Programs/arduino-1.8.19/lib/commons-httpclient-3.1.jar
f5c93000-f5c95000 r--s 0000b000 b3:02 521475                             /home/pi/Programs/arduino-1.8.19/lib/commons-exec-1.1.jar
f5c95000-f5c9c000 r--s 00053000 b3:02 521417                             /home/pi/Programs/arduino-1.8.19/lib/commons-compress-1.8.jar
f5c9c000-f5ca3000 r--s 00039000 b3:02 521419                             /home/pi/Programs/arduino-1.8.19/lib/commons-codec-1.7.jar
f5ca3000-f5caa000 r--s 0003c000 b3:02 521482                             /home/pi/Programs/arduino-1.8.19/lib/bcpg-jdk15on-152.jar
f5caa000-f5cad000 r--s 00018000 b3:02 521412                             /home/pi/Programs/arduino-1.8.19/lib/batik-util-1.8.jar
f5cad000-f5cb0000 r--s 00014000 b3:02 521413                             /home/pi/Programs/arduino-1.8.19/lib/batik-transcoder-1.8.jar
f5cb0000-f5cb3000 ---p 00000000 00:00 0 
f5cb3000-f5d00000 rw-p 00000000 00:00 0 
f5d00000-f5dfd000 rw-p 00000000 00:00 0 
f5dfd000-f5e00000 ---p 00000000 00:00 0 
f5e00000-f5e01000 r--s 00006000 b3:02 521534                             /home/pi/Programs/arduino-1.8.19/lib/batik-xml-1.8.jar
f5e01000-f5e06000 r--s 00031000 b3:02 521355                             /home/pi/Programs/arduino-1.8.19/lib/batik-svg-dom-1.8.jar
f5e06000-f5e08000 r--s 00003000 b3:02 521476                             /home/pi/Programs/arduino-1.8.19/lib/batik-script-1.8.jar
f5e08000-f5e0b000 r--s 0000b000 b3:02 521428                             /home/pi/Programs/arduino-1.8.19/lib/batik-parser-1.8.jar
f5e0b000-f5e0f000 r--s 00020000 b3:02 521423                             /home/pi/Programs/arduino-1.8.19/lib/batik-gvt-1.8.jar
f5e0f000-f5e10000 r--s 00002000 b3:02 521481                             /home/pi/Programs/arduino-1.8.19/lib/batik-ext-1.8.jar
f5e10000-f5e14000 r--s 0001f000 b3:02 521422                             /home/pi/Programs/arduino-1.8.19/lib/batik-dom-1.8.jar
f5e14000-f5e20000 r--s 00076000 b3:02 521356                             /home/pi/Programs/arduino-1.8.19/lib/batik-bridge-1.8.jar
f5e20000-f5e38000 r-xp 00000000 b3:02 655186                             /home/pi/Programs/arduino-1.8.19/java/lib/arm/libzip.so
f5e38000-f5e3f000 ---p 00018000 b3:02 655186                             /home/pi/Programs/arduino-1.8.19/java/lib/arm/libzip.so
f5e3f000-f5e40000 rw-p 00017000 b3:02 655186                             /home/pi/Programs/arduino-1.8.19/java/lib/arm/libzip.so
f5e40000-f5e49000 r-xp 00000000 b3:02 3574                               /usr/lib/arm-linux-gnueabihf/libnss_files-2.28.so
f5e49000-f5e59000 ---p 00009000 b3:02 3574                               /usr/lib/arm-linux-gnueabihf/libnss_files-2.28.so
f5e59000-f5e5a000 r--p 00009000 b3:02 3574                               /usr/lib/arm-linux-gnueabihf/libnss_files-2.28.so
f5e5a000-f5e5b000 rw-p 0000a000 b3:02 3574                               /usr/lib/arm-linux-gnueabihf/libnss_files-2.28.so
f5e5b000-f5e61000 rw-p 00000000 00:00 0 
f5e61000-f5e68000 r--s 00038000 b3:02 521533                             /home/pi/Programs/arduino-1.8.19/lib/batik-css-1.8.jar
f5e68000-f5e6f000 r--s 00043000 b3:02 521528                             /home/pi/Programs/arduino-1.8.19/lib/batik-awt-util-1.8.jar
f5e6f000-f5e7b000 r--s 00051000 b3:02 521526                             /home/pi/Programs/arduino-1.8.19/lib/batik-anim-1.8.jar
f5e7b000-f5e84000 r--s 00072000 b3:02 521490                             /home/pi/Programs/arduino-1.8.19/lib/batik-squiggle-1.8.jar
f5e84000-f5e87000 ---p 00000000 00:00 0 
f5e87000-f5ed4000 rw-p 00000000 00:00 0 
f5ed4000-f5ef7000 r-xp 00000000 b3:02 655182                             /home/pi/Programs/arduino-1.8.19/java/lib/arm/libjava.so
f5ef7000-f5eff000 ---p 00023000 b3:02 655182                             /home/pi/Programs/arduino-1.8.19/java/lib/arm/libjava.so
f5eff000-f5f00000 rw-p 00023000 b3:02 655182                             /home/pi/Programs/arduino-1.8.19/java/lib/arm/libjava.so
f5f00000-f5f8b000 rw-p 00000000 00:00 0 
f5f8b000-f6000000 ---p 00000000 00:00 0 
f6000000-f6003000 r--s 00018000 b3:02 521420                             /home/pi/Programs/arduino-1.8.19/lib/batik-codec-1.8.jar
f6003000-f6005000 r--s 00003000 b3:02 521535                             /home/pi/Programs/arduino-1.8.19/lib/batik-svgpp-1.8.jar
f6005000-f6007000 r--s 0000a000 b3:02 521536                             /home/pi/Programs/arduino-1.8.19/lib/batik-rasterizer-1.8.jar
f6007000-f600d000 r--s 0018f000 b3:02 521354                             /home/pi/Programs/arduino-1.8.19/lib/arduino-core.jar
f600d000-f600e000 ---p 00000000 00:00 0 
f600e000-f6011000 ---p 00000000 00:00 0 
f6011000-f605e000 rw-p 00000000 00:00 0 
f605e000-f6193000 r--p 00000000 b3:02 2810                               /usr/lib/locale/locale-archive
f6193000-f6194000 ---p 00000000 00:00 0 
f6194000-f6994000 rw-p 00000000 00:00 0 
f6998000-f69ba000 r--s 00000000 b3:02 6566                               /usr/share/mime/mime.cache
f69ba000-f69bb000 r--s 00000000 b3:02 1037361                            /home/pi/.local/share/mime/mime.cache
f69bf000-f69c0000 r--p 00000000 b3:02 259112                             /home/pi/.config/dconf/user
f69c0000-f69c1000 r--s 00000000 00:29 65                                 /run/user/1000/dconf/user
f69c1000-f69c3000 r--s 00009000 b3:02 655098                             /home/pi/Programs/arduino-1.8.19/java/lib/ext/sunec.jar
f69c3000-f69c7000 r--s 0003a000 b3:02 655104                             /home/pi/Programs/arduino-1.8.19/java/lib/ext/sunpkcs11.jar
f69c7000-f6a27000 rw-s 00000000 00:01 163880                             /SYSV00000000 (deleted)
f6a27000-f6a2e000 r--p 00000000 b3:02 61915                              /usr/share/locale/ko/LC_MESSAGES/gdk-pixbuf.mo
f6a2e000-f6a33000 r--s 002f9000 b3:02 655162                             /home/pi/Programs/arduino-1.8.19/java/lib/charsets.jar
f6a33000-f6a4b000 rw-p 00000000 00:00 0 
f6a4b000-f6a53000 rw-s 00000000 b3:02 132848                             /tmp/hsperfdata_pi/3531
f6a53000-f6a5c000 r-xp 00000000 b3:02 655167                             /home/pi/Programs/arduino-1.8.19/java/lib/arm/libverify.so
f6a5c000-f6a64000 ---p 00009000 b3:02 655167                             /home/pi/Programs/arduino-1.8.19/java/lib/arm/libverify.so
f6a64000-f6a65000 rw-p 00009000 b3:02 655167                             /home/pi/Programs/arduino-1.8.19/java/lib/arm/libverify.so
f6a65000-f6a70000 r-xp 00000000 b3:02 4000                               /usr/lib/arm-linux-gnueabihf/gconv/libKSC.so
f6a70000-f6a7f000 ---p 0000b000 b3:02 4000                               /usr/lib/arm-linux-gnueabihf/gconv/libKSC.so
f6a7f000-f6a80000 r--p 0000a000 b3:02 4000                               /usr/lib/arm-linux-gnueabihf/gconv/libKSC.so
f6a80000-f6a81000 rw-p 0000b000 b3:02 4000                               /usr/lib/arm-linux-gnueabihf/gconv/libKSC.so
f6a81000-f6a85000 r-xp 00000000 b3:02 7209                               /usr/lib/arm-linux-gnueabihf/libXfixes.so.3.1.0
f6a85000-f6a94000 ---p 00004000 b3:02 7209                               /usr/lib/arm-linux-gnueabihf/libXfixes.so.3.1.0
f6a94000-f6a95000 r--p 00003000 b3:02 7209                               /usr/lib/arm-linux-gnueabihf/libXfixes.so.3.1.0
f6a95000-f6a96000 rw-p 00004000 b3:02 7209                               /usr/lib/arm-linux-gnueabihf/libXfixes.so.3.1.0
f6a96000-f6a9e000 r-xp 00000000 b3:02 7218                               /usr/lib/arm-linux-gnueabihf/libXrender.so.1.3.0
f6a9e000-f6aad000 ---p 00008000 b3:02 7218                               /usr/lib/arm-linux-gnueabihf/libXrender.so.1.3.0
f6aad000-f6aae000 r--p 00007000 b3:02 7218                               /usr/lib/arm-linux-gnueabihf/libXrender.so.1.3.0
f6aae000-f6aaf000 rw-p 00008000 b3:02 7218                               /usr/lib/arm-linux-gnueabihf/libXrender.so.1.3.0
f6aaf000-f6ab7000 r-xp 00000000 b3:02 7205                               /usr/lib/arm-linux-gnueabihf/libXcursor.so.1.0.2
f6ab7000-f6ac6000 ---p 00008000 b3:02 7205                               /usr/lib/arm-linux-gnueabihf/libXcursor.so.1.0.2
f6ac6000-f6ac7000 r--p 00007000 b3:02 7205                               /usr/lib/arm-linux-gnueabihf/libXcursor.so.1.0.2
f6ac7000-f6ac8000 rw-p 00008000 b3:02 7205                               /usr/lib/arm-linux-gnueabihf/libXcursor.so.1.0.2
f6ac8000-f6ace000 r-xp 00000000 b3:02 3583                               /usr/lib/arm-linux-gnueabihf/librt-2.28.so
f6ace000-f6add000 ---p 00006000 b3:02 3583                               /usr/lib/arm-linux-gnueabihf/librt-2.28.so
f6add000-f6ade000 r--p 00005000 b3:02 3583                               /usr/lib/arm-linux-gnueabihf/librt-2.28.so
f6ade000-f6adf000 rw-p 00006000 b3:02 3583                               /usr/lib/arm-linux-gnueabihf/librt-2.28.so
f6adf000-f6af6000 r-xp 00000000 b3:02 7293                               /usr/lib/arm-linux-gnueabihf/libbsd.so.0.9.1
f6af6000-f6b05000 ---p 00017000 b3:02 7293                               /usr/lib/arm-linux-gnueabihf/libbsd.so.0.9.1
f6b05000-f6b06000 r--p 00016000 b3:02 7293                               /usr/lib/arm-linux-gnueabihf/libbsd.so.0.9.1
f6b06000-f6b07000 rw-p 00017000 b3:02 7293                               /usr/lib/arm-linux-gnueabihf/libbsd.so.0.9.1
f6b07000-f6b0b000 r-xp 00000000 b3:02 7207                               /usr/lib/arm-linux-gnueabihf/libXdmcp.so.6.0.0
f6b0b000-f6b1a000 ---p 00004000 b3:02 7207                               /usr/lib/arm-linux-gnueabihf/libXdmcp.so.6.0.0
f6b1a000-f6b1b000 r--p 00003000 b3:02 7207                               /usr/lib/arm-linux-gnueabihf/libXdmcp.so.6.0.0
f6b1b000-f6b1c000 rw-p 00004000 b3:02 7207                               /usr/lib/arm-linux-gnueabihf/libXdmcp.so.6.0.0
f6b1c000-f6b1e000 r-xp 00000000 b3:02 7202                               /usr/lib/arm-linux-gnueabihf/libXau.so.6.0.0
f6b1e000-f6b2d000 ---p 00002000 b3:02 7202                               /usr/lib/arm-linux-gnueabihf/libXau.so.6.0.0
f6b2d000-f6b2e000 r--p 00001000 b3:02 7202                               /usr/lib/arm-linux-gnueabihf/libXau.so.6.0.0
f6b2e000-f6b2f000 rw-p 00002000 b3:02 7202                               /usr/lib/arm-linux-gnueabihf/libXau.so.6.0.0
f6b2f000-f6b4d000 r-xp 00000000 b3:02 7902                               /usr/lib/arm-linux-gnueabihf/libxcb.so.1.1.0
f6b4d000-f6b5c000 ---p 0001e000 b3:02 7902                               /usr/lib/arm-linux-gnueabihf/libxcb.so.1.1.0
f6b5c000-f6b5d000 r--p 0001d000 b3:02 7902                               /usr/lib/arm-linux-gnueabihf/libxcb.so.1.1.0
f6b5d000-f6b5e000 rw-p 0001e000 b3:02 7902                               /usr/lib/arm-linux-gnueabihf/libxcb.so.1.1.0
f6b5e000-f6b6c000 r-xp 00000000 b3:02 7208                               /usr/lib/arm-linux-gnueabihf/libXext.so.6.4.0
f6b6c000-f6b7b000 ---p 0000e000 b3:02 7208                               /usr/lib/arm-linux-gnueabihf/libXext.so.6.4.0
f6b7b000-f6b7c000 r--p 0000d000 b3:02 7208                               /usr/lib/arm-linux-gnueabihf/libXext.so.6.4.0
f6b7c000-f6b7d000 rw-p 0000e000 b3:02 7208                               /usr/lib/arm-linux-gnueabihf/libXext.so.6.4.0
f6b7d000-f6c8b000 r-xp 00000000 b3:02 14786                              /usr/lib/arm-linux-gnueabihf/libX11.so.6.3.0
f6c8b000-f6c9b000 ---p 0010e000 b3:02 14786                              /usr/lib/arm-linux-gnueabihf/libX11.so.6.3.0
f6c9b000-f6c9c000 r--p 0010e000 b3:02 14786                              /usr/lib/arm-linux-gnueabihf/libX11.so.6.3.0
f6c9c000-f6c9f000 rw-p 0010f000 b3:02 14786                              /usr/lib/arm-linux-gnueabihf/libX11.so.6.3.0
f6c9f000-f6cef000 r-xp 00000000 b3:02 655181                             /home/pi/Programs/arduino-1.8.19/java/lib/arm/libsplashscreen.so
f6cef000-f6cf6000 ---p 00050000 b3:02 655181                             /home/pi/Programs/arduino-1.8.19/java/lib/arm/libsplashscreen.so
f6cf6000-f6cf7000 rw-p 0004f000 b3:02 655181                             /home/pi/Programs/arduino-1.8.19/java/lib/arm/libsplashscreen.so
f6cf7000-f6cfa000 rw-p 00000000 00:00 0 
f6cfa000-f6d6b000 r-xp 00000000 b3:02 3568                               /usr/lib/arm-linux-gnueabihf/libm-2.28.so
f6d6b000-f6d7a000 ---p 00071000 b3:02 3568                               /usr/lib/arm-linux-gnueabihf/libm-2.28.so
f6d7a000-f6d7b000 r--p 00070000 b3:02 3568                               /usr/lib/arm-linux-gnueabihf/libm-2.28.so
f6d7b000-f6d7c000 rw-p 00071000 b3:02 3568                               /usr/lib/arm-linux-gnueabihf/libm-2.28.so
f6d7c000-f752a000 r-xp 00000000 b3:02 655206                             /home/pi/Programs/arduino-1.8.19/java/lib/arm/server/libjvm.so
f752a000-f7531000 ---p 007ae000 b3:02 655206                             /home/pi/Programs/arduino-1.8.19/java/lib/arm/server/libjvm.so
f7531000-f7587000 rw-p 007ad000 b3:02 655206                             /home/pi/Programs/arduino-1.8.19/java/lib/arm/server/libjvm.so
f7587000-f79b0000 rw-p 00000000 00:00 0 
f79b0000-f79cc000 r-xp 00000000 b3:02 7422                               /usr/lib/arm-linux-gnueabihf/libgcc_s.so.1
f79cc000-f79db000 ---p 0001c000 b3:02 7422                               /usr/lib/arm-linux-gnueabihf/libgcc_s.so.1
f79db000-f79dc000 r--p 0001b000 b3:02 7422                               /usr/lib/arm-linux-gnueabihf/libgcc_s.so.1
f79dc000-f79dd000 rw-p 0001c000 b3:02 7422                               /usr/lib/arm-linux-gnueabihf/libgcc_s.so.1
f79dd000-f7b15000 r-xp 00000000 b3:02 3565                               /usr/lib/arm-linux-gnueabihf/libc-2.28.so
f7b15000-f7b24000 ---p 00138000 b3:02 3565                               /usr/lib/arm-linux-gnueabihf/libc-2.28.so
f7b24000-f7b26000 r--p 00137000 b3:02 3565                               /usr/lib/arm-linux-gnueabihf/libc-2.28.so
f7b26000-f7b27000 rw-p 00139000 b3:02 3565                               /usr/lib/arm-linux-gnueabihf/libc-2.28.so
f7b27000-f7b2a000 rw-p 00000000 00:00 0 
f7b2a000-f7b2c000 r-xp 00000000 b3:02 3567                               /usr/lib/arm-linux-gnueabihf/libdl-2.28.so
f7b2c000-f7b3b000 ---p 00002000 b3:02 3567                               /usr/lib/arm-linux-gnueabihf/libdl-2.28.so
f7b3b000-f7b3c000 r--p 00001000 b3:02 3567                               /usr/lib/arm-linux-gnueabihf/libdl-2.28.so
f7b3c000-f7b3d000 rw-p 00002000 b3:02 3567                               /usr/lib/arm-linux-gnueabihf/libdl-2.28.so
f7b3d000-f7b52000 r-xp 00000000 b3:02 655173                             /home/pi/Programs/arduino-1.8.19/java/lib/arm/jli/libjli.so
f7b52000-f7b59000 ---p 00015000 b3:02 655173                             /home/pi/Programs/arduino-1.8.19/java/lib/arm/jli/libjli.so
f7b59000-f7b5a000 rw-p 00014000 b3:02 655173                             /home/pi/Programs/arduino-1.8.19/java/lib/arm/jli/libjli.so
f7b5a000-f7b71000 r-xp 00000000 b3:02 3581                               /usr/lib/arm-linux-gnueabihf/libpthread-2.28.so
f7b71000-f7b80000 ---p 00017000 b3:02 3581                               /usr/lib/arm-linux-gnueabihf/libpthread-2.28.so
f7b80000-f7b81000 r--p 00016000 b3:02 3581                               /usr/lib/arm-linux-gnueabihf/libpthread-2.28.so
f7b81000-f7b82000 rw-p 00017000 b3:02 3581                               /usr/lib/arm-linux-gnueabihf/libpthread-2.28.so
f7b82000-f7b84000 rw-p 00000000 00:00 0 
f7b84000-f7b85000 r--s 00001000 b3:02 521426                             /home/pi/Programs/arduino-1.8.19/lib/batik-1.8.jar
f7b85000-f7b88000 r-xp 00000000 b3:02 3671                               /usr/lib/arm-linux-gnueabihf/gconv/EUC-KR.so
f7b88000-f7b97000 ---p 00003000 b3:02 3671                               /usr/lib/arm-linux-gnueabihf/gconv/EUC-KR.so
f7b97000-f7b98000 r--p 00002000 b3:02 3671                               /usr/lib/arm-linux-gnueabihf/gconv/EUC-KR.so
f7b98000-f7b99000 rw-p 00003000 b3:02 3671                               /usr/lib/arm-linux-gnueabihf/gconv/EUC-KR.so
f7b99000-f7b9d000 r-xp 00000000 b3:02 7241                               /usr/lib/arm-linux-gnueabihf/libarmmem-v7l.so
f7b9d000-f7bac000 ---p 00004000 b3:02 7241                               /usr/lib/arm-linux-gnueabihf/libarmmem-v7l.so
f7bac000-f7bad000 r--p 00003000 b3:02 7241                               /usr/lib/arm-linux-gnueabihf/libarmmem-v7l.so
f7bad000-f7bae000 rw-p 00004000 b3:02 7241                               /usr/lib/arm-linux-gnueabihf/libarmmem-v7l.so
f7bae000-f7bce000 r-xp 00000000 b3:02 3559                               /usr/lib/arm-linux-gnueabihf/ld-2.28.so
f7bce000-f7bd1000 r--s 00004000 b3:02 521491                             /home/pi/Programs/arduino-1.8.19/lib/apple.jar
f7bd1000-f7bd2000 r--p 00000000 00:00 0 
f7bd2000-f7bd9000 r--s 00000000 b3:02 3966                               /usr/lib/arm-linux-gnueabihf/gconv/gconv-modules.cache
f7bd9000-f7bdd000 rw-p 00000000 00:00 0 
f7bdd000-f7bde000 r-xp 00000000 00:00 0                                  [sigpage]
f7bde000-f7bdf000 r--p 00020000 b3:02 3559                               /usr/lib/arm-linux-gnueabihf/ld-2.28.so
f7bdf000-f7be0000 rw-p 00021000 b3:02 3559                               /usr/lib/arm-linux-gnueabihf/ld-2.28.so
ffd3d000-ffd5f000 rw-p 00000000 00:00 0                                  [stack]
ffff0000-ffff1000 r-xp 00000000 00:00 0                                  [vectors]

VM Arguments:
jvm_args: -DAPP_DIR=/home/pi/Programs/arduino-1.8.19 
java_command: processing.app.Base
java_class_path (initial): :/home/pi/Programs/arduino-1.8.19/java/lib/rt.jar:/home/pi/Programs/arduino-1.8.19/java/lib/tools.jar:/home/pi/Programs/arduino-1.8.19/lib/apple.jar:/home/pi/Programs/arduino-1.8.19/lib/arduino-core.jar:/home/pi/Programs/arduino-1.8.19/lib/batik-1.8.jar:/home/pi/Programs/arduino-1.8.19/lib/batik-anim-1.8.jar:/home/pi/Programs/arduino-1.8.19/lib/batik-awt-util-1.8.jar:/home/pi/Programs/arduino-1.8.19/lib/batik-bridge-1.8.jar:/home/pi/Programs/arduino-1.8.19/lib/batik-codec-1.8.jar:/home/pi/Programs/arduino-1.8.19/lib/batik-css-1.8.jar:/home/pi/Programs/arduino-1.8.19/lib/batik-dom-1.8.jar:/home/pi/Programs/arduino-1.8.19/lib/batik-ext-1.8.jar:/home/pi/Programs/arduino-1.8.19/lib/batik-gvt-1.8.jar:/home/pi/Programs/arduino-1.8.19/lib/batik-parser-1.8.jar:/home/pi/Programs/arduino-1.8.19/lib/batik-rasterizer-1.8.jar:/home/pi/Programs/arduino-1.8.19/lib/batik-script-1.8.jar:/home/pi/Programs/arduino-1.8.19/lib/batik-squiggle-1.8.jar:/home/pi/Programs/arduino-1.8.19/lib/batik-svg-dom-1.8.jar:/home/pi/Programs/arduino-1.8.19/lib/batik-svgpp-1.8.jar:/home/pi/Programs/arduino-1.8.19/lib/batik-transcoder-1.8.jar:/home/pi/Programs/arduino-1.8.19/lib/batik-util-1.8.jar:/home/pi/Programs/arduino-1.8.19/lib/batik-xml-1.8.jar:/home/pi/Programs/arduino-1.8.19/lib/bcpg-jdk15on-152.jar:/home/pi/Programs/arduino-1.8.19/lib/bcprov-jdk15on-152.jar:/home/pi/Programs/arduino-1.8.19/lib/commons-codec-1.7.jar:/home/pi/Programs/arduino-1.8.19/lib/commons-compress-1.8.jar:/home/pi/Programs/arduino-1.8.19/lib/commons-exec-1.1.jar:/home/pi/Programs/arduino-1.8.19/lib/commons-httpclient-3.1.jar:/home/pi/Programs/arduino-1.8.19/lib/commons-io-2.6.jar:/home/pi/Programs/arduino-1.8.19/lib/commons-lang3-3.8.1.jar:/home/pi/Programs/arduino-1.8.19/lib/commons-logging-1.0.4.jar:/home/pi/Programs/arduino-1.8.19/lib/commons-net-3.3.jar:/home/pi/Programs/arduino-1.8.19/lib/jackson-annotations-2.9.5.jar:/home/pi/Programs/arduino-1.8.19/lib/jackson-core-2.9.5.jar:/home/pi/Progr
Launcher Type: SUN_STANDARD

Environment Variables:
JAVA_TOOL_OPTIONS=
PATH=/home/pi/Programs/arduino-1.8.19/java/bin:/usr/local/sbin:/usr/local/bin:/usr/sbin:/usr/bin:/sbin:/bin:/usr/local/games:/usr/games
LD_LIBRARY_PATH=/home/pi/Programs/arduino-1.8.19/lib
SHELL=/bin/bash
DISPLAY=:0.0

Signal Handlers:
SIGSEGV: [libjvm.so+0x71f4a4], sa_mask[0]=11111111011111111101111111111110, sa_flags=SA_RESTART|SA_SIGINFO
SIGBUS: [libjvm.so+0x71f4a4], sa_mask[0]=11111111011111111101111111111110, sa_flags=SA_RESTART|SA_SIGINFO
SIGFPE: [libjvm.so+0x5ae8e4], sa_mask[0]=11111111011111111101111111111110, sa_flags=SA_RESTART|SA_SIGINFO
SIGPIPE: SIG_IGN, sa_mask[0]=00000000000010000000000000000000, sa_flags=SA_RESTART
SIGXFSZ: [libjvm.so+0x5ae8e4], sa_mask[0]=11111111011111111101111111111110, sa_flags=SA_RESTART|SA_SIGINFO
SIGILL: [libjvm.so+0x5ae8e4], sa_mask[0]=11111111011111111101111111111110, sa_flags=SA_RESTART|SA_SIGINFO
SIGUSR1: SIG_DFL, sa_mask[0]=00000000000000000000000000000000, sa_flags=none
SIGUSR2: [libjvm.so+0x5aea48], sa_mask[0]=00000000000000000000000000000000, sa_flags=SA_RESTART|SA_SIGINFO
SIGHUP: [libjvm.so+0x5aee7c], sa_mask[0]=11111111011111111101111111111110, sa_flags=SA_RESTART|SA_SIGINFO
SIGINT: [libjvm.so+0x5aee7c], sa_mask[0]=11111111011111111101111111111110, sa_flags=SA_RESTART|SA_SIGINFO
SIGTERM: [libjvm.so+0x5aee7c], sa_mask[0]=11111111011111111101111111111110, sa_flags=SA_RESTART|SA_SIGINFO
SIGQUIT: [libjvm.so+0x5aee7c], sa_mask[0]=11111111011111111101111111111110, sa_flags=SA_RESTART|SA_SIGINFO


---------------  S Y S T E M  ---------------

OS:PRETTY_NAME="Raspbian GNU/Linux 10 (buster)"
NAME="Raspbian GNU/Linux"
VERSION_ID="10"
VERSION="10 (buster)"
VERSION_CODENAME=buster
ID=raspbian
ID_LIKE=debian
HOME_URL="http://www.raspbian.org/"
SUPPORT_URL="http://www.raspbian.org/RaspbianForums"
BUG_REPORT_URL="http://www.raspbian.org/RaspbianBugs"

uname:Linux 6.1.61-v8+ #1696 SMP PREEMPT Thu Nov  2 16:44:46 GMT 2023 aarch64
libc:glibc 2.28 NPTL 2.28 
rlimit: STACK 8192k, CORE 0k, NPROC 28980, NOFILE 1048576, AS infinity
load average:1.34 2.25 2.56

/proc/meminfo:
MemTotal:        7947692 kB
MemFree:         6647724 kB
MemAvailable:    7212840 kB
Buffers:           68976 kB
Cached:           640928 kB
SwapCached:            0 kB
Active:           848772 kB
Inactive:         260312 kB
Active(anon):     458304 kB
Inactive(anon):     9032 kB
Active(file):     390468 kB
Inactive(file):   251280 kB
Unevictable:       48692 kB
Mlocked:              16 kB
SwapTotal:        102396 kB
SwapFree:         102396 kB
Zswap:                 0 kB
Zswapped:              0 kB
Dirty:                 8 kB
Writeback:            36 kB
AnonPages:        447944 kB
Mapped:           105944 kB
Shmem:             68160 kB
KReclaimable:      47004 kB
Slab:              84944 kB
SReclaimable:      47004 kB
SUnreclaim:        37940 kB
KernelStack:        3784 kB
PageTables:         4564 kB
SecPageTables:         0 kB
NFS_Unstable:          0 kB
Bounce:                0 kB
WritebackTmp:          0 kB
CommitLimit:     4076240 kB
Committed_AS:    1149144 kB
VmallocTotal:   259653632 kB
VmallocUsed:       11684 kB
VmallocChunk:          0 kB
Percpu:              752 kB
CmaTotal:         524288 kB
CmaFree:          499852 kB


CPU:total 4 (initial active 4) (ARMv8), vfp, vfp3-32, simd

/proc/cpuinfo:
processor	: 0
BogoMIPS	: 108.00
Features	: fp asimd evtstrm crc32 cpuid
CPU implementer	: 0x41
CPU architecture: 8
CPU variant	: 0x0
CPU part	: 0xd08
CPU revision	: 3

processor	: 1
BogoMIPS	: 108.00
Features	: fp asimd evtstrm crc32 cpuid
CPU implementer	: 0x41
CPU architecture: 8
CPU variant	: 0x0
CPU part	: 0xd08
CPU revision	: 3

processor	: 2
BogoMIPS	: 108.00
Features	: fp asimd evtstrm crc32 cpuid
CPU implementer	: 0x41
CPU architecture: 8
CPU variant	: 0x0
CPU part	: 0xd08
CPU revision	: 3

processor	: 3
BogoMIPS	: 108.00
Features	: fp asimd evtstrm crc32 cpuid
CPU implementer	: 0x41
CPU architecture: 8
CPU variant	: 0x0
CPU part	: 0xd08
CPU revision	: 3

Revision	: d03115
Serial		: 100000008ba0ee18
Model		: Raspberry Pi 4 Model B Rev 1.5


Memory: 4k page, physical 7947692k(6647724k free), swap 102396k(102396k free)

vm_info: Java HotSpot(TM) Server VM (25.191-b12) for linux-arm-vfp-hflt JRE (1.8.0_191-b12), built on Oct  6 2018 08:45:48 by "java_re" with gcc 4.7.2 20120910 (prerelease)

time: Sat Nov  4 14:11:23 2023
elapsed time: 200 seconds (0d 0h 3m 20s)

