Visual Studio Code (1.76.0, undefined, desktop)
Jupyter Extension Version: 2023.2.1200692131.
Python Extension Version: 2023.4.1.
No workspace folder opened.
사용자가 실험 그룹 'jupyterEnhancedDataViewer'에 속함
사용자가 실험 그룹 'jupyterTestcf'에 속함
info 18:04:45.146: LSP Notebooks experiment is enabled
error 18:04:50.750: Failed to get activated conda env variables from Python for /home/pi/miniconda3/bin/python
                 in 4363ms
error 18:04:50.761: Unable to determine site packages path for python /home/pi/miniconda3/bin/python (Conda)
info 18:04:50.814: Process Execution: > ~/miniconda3/bin/python -m pip list
> ~/miniconda3/bin/python -m pip list
info 18:04:51.372: Process Execution: > ~/miniconda3/bin/python -c "import pip;print('6af208d0-cb9c-427f-b937-ff563e17efdf')"
> ~/miniconda3/bin/python -c "import pip;print('6af208d0-cb9c-427f-b937-ff563e17efdf')"
error 18:04:51.582: interpreterPackages getPackageInformation, Class name = Zd, completed in 5196ms, has a falsy return value, Arg 1: {"interpreter":{"id":"/home/pi/miniconda3/bin/python","sysPrefix":"/home/pi/miniconda3","envPath":{"$mid":1,"fsPath":"/home/pi/miniconda3","path":"/home/pi/miniconda3","scheme":"file"},"displayPath":{"$mid":1,"fsPath":"/home/pi/miniconda3","path":"/home/pi/miniconda3","scheme":"file"},"envName":"base","uri":{"$mid":1,"fsPath":"/home/pi/miniconda3/bin/python","external":"file:///home/pi/miniconda3/bin/python","path":"/home/pi/miniconda3/bin/python","scheme":"file"},"displayName":"base","envType":"Conda","version":{"major":3,"minor":4,"patch":3,"raw":"3.4.3 |Continuum Analytics, Inc.| (default, Aug 21 2015, 00:53:08) \n[GCC 4.6.3]"}}} [Sl [Error]: Module 'pip' not installed.
	at Cl.execModule (/home/pi/.vscode/extensions/ms-toolsai.jupyter-2023.2.1200692131/out/extension.node.js:2:1783549)
	at async Zd.getPackageInformation (/home/pi/.vscode/extensions/ms-toolsai.jupyter-2023.2.1200692131/out/extension.node.js:17:40189)] {
  category: 'notinstalled',
  moduleName: 'pip'
}
info 18:05:13.957: Shutting down notebooks for 507eb889-1dc7-4c9d-a47a-a1e0df84f7a6
info 18:05:13.957: Disposing HostJupyterExecution 8855c54a-4896-42fd-ba7d-b808107455dd
info 18:05:13.961: Disposing HostJupyterExecution 8855c54a-4896-42fd-ba7d-b808107455dd
