2023-09-26 05:18:33.218 [info] 로그 수준: Info
2023-09-26 05:18:33.218 [info] "git"에서 찾은 git 유효성을 검사하는 중
2023-09-26 05:18:33.218 [info] "2.20.1"에서 git "git"을(를) 사용하는 중
2023-09-26 05:18:33.218 [info] > git rev-parse --show-toplevel [68ms]
2023-09-26 05:18:33.218 [info] fatal: detected dubious ownership in repository at '/home/pi'
To add an exception for this directory, call:

	git config --global --add safe.directory /home/pi
2023-09-26 05:18:33.218 [info] > git rev-parse --show-toplevel [79ms]
2023-09-26 05:18:33.218 [info] fatal: detected dubious ownership in repository at '/home/pi'
To add an exception for this directory, call:

	git config --global --add safe.directory /home/pi
2023-09-26 05:18:33.218 [info] > git rev-parse --show-toplevel [80ms]
2023-09-26 05:18:33.218 [info] fatal: detected dubious ownership in repository at '/home/pi'
To add an exception for this directory, call:

	git config --global --add safe.directory /home/pi
2023-09-26 05:18:40.640 [info] > git rev-parse --show-toplevel [34ms]
2023-09-26 05:18:40.641 [info] fatal: detected dubious ownership in repository at '/home/pi'
To add an exception for this directory, call:

	git config --global --add safe.directory /home/pi
2023-09-26 05:18:42.823 [info] > git rev-parse --show-toplevel [21ms]
2023-09-26 05:18:42.823 [info] fatal: detected dubious ownership in repository at '/home/pi'
To add an exception for this directory, call:

	git config --global --add safe.directory /home/pi
2023-09-26 05:18:46.414 [info] > git rev-parse --show-toplevel [12ms]
2023-09-26 05:18:46.415 [info] fatal: detected dubious ownership in repository at '/home/pi'
To add an exception for this directory, call:

	git config --global --add safe.directory /home/pi
