2023-11-03 02:28:48.958 [info] Deleted uninstalled extension from disk ms-ceintl.vscode-language-pack-ko /home/pi/.vscode/extensions/ms-ceintl.vscode-language-pack-ko-1.76.2023031509
2023-11-03 02:28:48.961 [info] Deleted uninstalled extension from disk ms-python.vscode-pylance /home/pi/.vscode/extensions/ms-python.vscode-pylance-2023.5.30
2023-11-03 02:28:48.964 [info] Deleted uninstalled extension from disk ms-python.python /home/pi/.vscode/extensions/ms-python.python-2023.4.1
2023-11-03 02:28:48.969 [info] Deleted uninstalled extension from disk ms-toolsai.jupyter /home/pi/.vscode/extensions/ms-toolsai.jupyter-2023.2.1200692131
2023-11-03 02:28:48.973 [info] Deleted uninstalled extension from disk ms-toolsai.jupyter-keymap /home/pi/.vscode/extensions/ms-toolsai.jupyter-keymap-1.1.0
2023-11-03 02:28:48.980 [info] Deleted uninstalled extension from disk ms-toolsai.jupyter-renderers /home/pi/.vscode/extensions/ms-toolsai.jupyter-renderers-1.0.15
2023-11-03 02:28:54.776 [error] Error: 존재하지 않는 파일 '/home/pi/.vscode/extensions/ms-ceintl.vscode-language-pack-ko-1.76.2023031509.-5a77abee.vsctmp'을(를) 확인할 수 없습니다.
    at w.resolve (/usr/share/code/resources/app/out/vs/code/node/sharedProcess/sharedProcessMain.js:39:14125)
    at async W.y (/usr/share/code/resources/app/out/vs/code/node/sharedProcess/sharedProcessMain.js:92:15106)
    at async Promise.all (index 0)
    at async R.z (/usr/share/code/resources/app/out/vs/code/node/sharedProcess/sharedProcessMain.js:64:18769)
    at async R.m (/usr/share/code/resources/app/out/vs/code/node/sharedProcess/sharedProcessMain.js:64:16657)
2023-11-03 02:29:05.558 [info] Getting Manifest... ms-python.python
2023-11-03 02:29:05.644 [info] Getting Manifest... ms-python.vscode-pylance
2023-11-03 02:29:05.655 [info] Getting Manifest... ms-toolsai.jupyter
2023-11-03 02:29:06.635 [info] Installing extension: ms-python.python
2023-11-03 02:29:06.732 [info] Installing extension: ms-python.vscode-pylance
2023-11-03 02:29:06.742 [info] Installing extension: ms-toolsai.jupyter
2023-11-03 02:29:12.974 [info] Getting Manifest... ms-python.python
2023-11-03 02:29:16.939 [info] Waiting for already requested installing extension ms-python.python ms-python.vscode-pylance
2023-11-03 02:29:20.595 [info] Extension installed successfully: ms-toolsai.jupyter
2023-11-03 02:29:42.658 [info] Extension signature is verified: ms-python.vscode-pylance
2023-11-03 02:29:42.717 [info] Extension signature is verified: ms-python.python
2023-11-03 02:30:01.313 [info] Extracted extension to file:///home/pi/.vscode/extensions/ms-python.python-2023.20.0: ms-python.python
2023-11-03 02:30:01.801 [info] Renamed to /home/pi/.vscode/extensions/ms-python.python-2023.20.0
2023-11-03 02:30:01.827 [info] Extracting extension completed. ms-python.python
2023-11-03 02:30:01.880 [info] Extension installed successfully: ms-python.python
2023-11-03 02:30:01.884 [info] Finished waiting for already requested installing extension ms-python.python ms-python.vscode-pylance
2023-11-03 02:30:01.919 [info] Marked extension as uninstalled ms-python.python-2023.16.0
2023-11-03 02:30:09.982 [info] Extracted extension to file:///home/pi/.vscode/extensions/ms-python.vscode-pylance-2023.10.50: ms-python.vscode-pylance
2023-11-03 02:30:10.151 [info] Renamed to /home/pi/.vscode/extensions/ms-python.vscode-pylance-2023.10.50
2023-11-03 02:30:10.171 [info] Extracting extension completed. ms-python.vscode-pylance
2023-11-03 02:30:10.212 [info] Extension installed successfully: ms-python.vscode-pylance
2023-11-03 02:30:10.272 [info] Marked extension as uninstalled ms-python.vscode-pylance-2023.9.20
