2023-04-10 23:24:37.821 [info] Log level: Info
2023-04-10 23:24:37.821 [info] Validating found git in: "git"
2023-04-10 23:24:37.821 [info] Using git "2.20.1" from "git"
2023-04-10 23:24:37.821 [info] > git rev-parse --show-toplevel [44ms]
2023-04-10 23:24:37.822 [info] > git rev-parse --git-dir --git-common-dir [72ms]
2023-04-10 23:24:37.822 [info] Open repository: /home/pi/Adafruit_Python_DHT
2023-04-10 23:24:37.822 [info] > git rev-parse --show-toplevel [57ms]
2023-04-10 23:24:37.822 [info] > git config --get commit.template [55ms]
2023-04-10 23:24:37.822 [info] > git rev-parse --show-toplevel [68ms]
2023-04-10 23:24:37.822 [info] > git for-each-ref --format=%(refname)%00%(upstream:short)%00%(objectname)%00%(upstream:track)%00%(upstream:remotename)%00%(upstream:remoteref) refs/heads/master refs/remotes/master [74ms]
2023-04-10 23:24:37.822 [info] > git status -z -uall [104ms]
2023-04-10 23:24:37.822 [info] > git rev-parse --show-toplevel [215ms]
2023-04-10 23:24:37.822 [info] > git rev-parse --show-toplevel [161ms]
2023-04-10 23:24:37.822 [info] > git rev-parse --show-toplevel [387ms]
2023-04-10 23:24:37.822 [info] > git config --get commit.template [480ms]
2023-04-10 23:24:37.822 [info] > git rev-parse --show-toplevel [130ms]
2023-04-10 23:24:37.822 [info] > git check-ignore -v -z --stdin [73ms]
2023-04-10 23:24:37.822 [info] > git rev-parse --show-toplevel [202ms]
2023-04-10 23:24:37.853 [info] > git for-each-ref --format=%(refname)%00%(upstream:short)%00%(objectname)%00%(upstream:track)%00%(upstream:remotename)%00%(upstream:remoteref) refs/heads/master refs/remotes/master [153ms]
2023-04-10 23:24:37.986 [info] > git status -z -uall [55ms]
2023-04-10 23:24:45.772 [info] > git show --textconv :dht11.py [269ms]
2023-04-10 23:24:45.775 [info] > git ls-files --stage -- /home/pi/Adafruit_Python_DHT/dht11.py [205ms]
2023-04-10 23:24:52.719 [info] > git config --get commit.template [338ms]
2023-04-10 23:24:53.190 [info] > git for-each-ref --format=%(refname)%00%(upstream:short)%00%(objectname)%00%(upstream:track)%00%(upstream:remotename)%00%(upstream:remoteref) refs/heads/master refs/remotes/master [330ms]
2023-04-10 23:24:53.368 [info] > git status -z -uall [56ms]
2023-04-10 23:24:58.122 [info] > git check-ignore -v -z --stdin [4ms]
2023-04-10 23:24:58.452 [info] > git config --get commit.template [5ms]
2023-04-10 23:24:58.504 [info] > git for-each-ref --format=%(refname)%00%(upstream:short)%00%(objectname)%00%(upstream:track)%00%(upstream:remotename)%00%(upstream:remoteref) refs/heads/master refs/remotes/master [10ms]
2023-04-10 23:24:58.547 [info] > git status -z -uall [7ms]
