0 verbose cli /usr/bin/node /usr/bin/npm
1 info using npm@8.19.4
2 info using node@v16.20.2
3 timing npm:load:whichnode Completed in 1ms
4 timing config:load:defaults Completed in 10ms
5 timing config:load:file:/usr/lib/node_modules/npm/npmrc Completed in 4ms
6 timing config:load:builtin Completed in 6ms
7 timing config:load:cli Completed in 17ms
8 timing config:load:env Completed in 2ms
9 timing config:load:file:/home/pi/.node-red/.npmrc Completed in 0ms
10 timing config:load:project Completed in 12ms
11 timing config:load:file:/home/pi/.npmrc Completed in 14ms
12 timing config:load:user Completed in 16ms
13 timing config:load:file:/usr/etc/npmrc Completed in 1ms
14 timing config:load:global Completed in 1ms
15 timing config:load:validate Completed in 1ms
16 timing config:load:credentials Completed in 6ms
17 timing config:load:setEnvs Completed in 4ms
18 timing config:load Completed in 78ms
19 timing npm:load:configload Completed in 78ms
20 timing npm:load:mkdirpcache Completed in 11ms
21 timing npm:load:mkdirplogs Completed in 3ms
22 verbose title npm remove node-red-node-pi-gpio
23 verbose argv "remove" "--no-audit" "--no-update-notifier" "--no-fund" "--save" "node-red-node-pi-gpio"
24 timing npm:load:setTitle Completed in 20ms
25 timing config:load:flatten Completed in 32ms
26 timing npm:load:display Completed in 47ms
27 verbose logfile logs-max:10 dir:/home/pi/.npm/_logs
28 verbose logfile /home/pi/.npm/_logs/2023-11-04T12_22_21_455Z-debug-0.log
29 timing npm:load:logFile Completed in 36ms
30 timing npm:load:timers Completed in 0ms
31 timing npm:load:configScope Completed in 1ms
32 timing npm:load Completed in 203ms
33 timing arborist:ctor Completed in 6ms
34 silly logfile start cleaning logs, removing 16 files
35 timing idealTree:init Completed in 2137ms
36 timing idealTree:userRequests Completed in 15ms
37 silly idealTree buildDeps
38 timing idealTree:#root Completed in 3ms
39 timing idealTree:buildDeps Completed in 9ms
40 timing idealTree:fixDepFlags Completed in 68ms
41 timing idealTree Completed in 2260ms
42 silly logfile done cleaning log files
43 timing arborist:ctor Completed in 1ms
44 timing reify:loadTrees Completed in 3539ms
45 timing reify:diffTrees Completed in 97ms
46 silly reify mark retired [ '/home/pi/.node-red/node_modules/node-red-node-pi-gpio' ]
47 silly reify moves {
47 silly reify   '/home/pi/.node-red/node_modules/node-red-node-pi-gpio': '/home/pi/.node-red/node_modules/.node-red-node-pi-gpio-pCx89YAf'
47 silly reify }
48 timing reify:retireShallow Completed in 24ms
49 timing reify:createSparse Completed in 0ms
50 timing reify:loadBundles Completed in 0ms
51 timing reify:unpack Completed in 1ms
52 timing reify:unretire Completed in 0ms
53 timing build:queue Completed in 1ms
54 timing build:deps Completed in 4ms
55 timing build Completed in 6ms
56 timing reify:build Completed in 7ms
57 timing reify:trash Completed in 38ms
58 timing reify:save Completed in 559ms
59 timing reify Completed in 4531ms
60 silly REMOVE node_modules/node-red-node-pi-gpio
61 timing command:remove Completed in 4561ms
62 verbose exit 0
63 timing npm Completed in 5767ms
64 info ok
