0 verbose cli /usr/bin/node /usr/bin/npm
1 info using npm@8.19.4
2 info using node@v16.20.0
3 timing npm:load:whichnode Completed in 1ms
4 timing config:load:defaults Completed in 6ms
5 timing config:load:file:/usr/lib/node_modules/npm/npmrc Completed in 12ms
6 timing config:load:builtin Completed in 14ms
7 warn config production Use `--omit=dev` instead.
8 timing config:load:cli Completed in 12ms
9 timing config:load:env Completed in 1ms
10 timing config:load:file:/home/pi/.node-red/.npmrc Completed in 0ms
11 timing config:load:project Completed in 11ms
12 timing config:load:file:/home/pi/.npmrc Completed in 10ms
13 timing config:load:user Completed in 11ms
14 timing config:load:file:/usr/etc/npmrc Completed in 1ms
15 timing config:load:global Completed in 3ms
16 timing config:load:validate Completed in 2ms
17 timing config:load:credentials Completed in 6ms
18 timing config:load:setEnvs Completed in 6ms
19 timing config:load Completed in 76ms
20 timing npm:load:configload Completed in 78ms
21 timing npm:load:mkdirpcache Completed in 9ms
22 timing npm:load:mkdirplogs Completed in 4ms
23 verbose title npm install node-red-dashboard@3.4.0
24 verbose argv "install" "--no-audit" "--no-update-notifier" "--no-fund" "--save" "--save-prefix" "~" "--production" "--engine-strict" "node-red-dashboard@3.4.0"
25 timing npm:load:setTitle Completed in 11ms
26 timing config:load:flatten Completed in 21ms
27 timing npm:load:display Completed in 28ms
28 verbose logfile logs-max:10 dir:/home/pi/.npm/_logs
29 verbose logfile /home/pi/.npm/_logs/2023-04-27T14_42_15_991Z-debug-0.log
30 timing npm:load:logFile Completed in 25ms
31 timing npm:load:timers Completed in 0ms
32 timing npm:load:configScope Completed in 0ms
33 timing npm:load Completed in 162ms
34 timing arborist:ctor Completed in 3ms
35 silly logfile done cleaning log files
36 timing idealTree:init Completed in 278ms
37 timing idealTree:userRequests Completed in 10ms
38 silly idealTree buildDeps
39 silly fetch manifest node-red-dashboard@3.4.0
40 timing arborist:ctor Completed in 1ms
41 http fetch GET 200 https://registry.npmjs.org/node-red-dashboard 757ms (cache miss)
42 silly placeDep ROOT node-red-dashboard@3.4.0 OK for: node-red-project@0.0.1 want: 3.4.0
43 silly fetch manifest compression@^1.7.4
44 silly fetch manifest gridstack@^0.6.4
45 silly fetch manifest serve-static@^1.15.0
46 silly fetch manifest socket.io@^4.5.4
47 http fetch GET 200 https://registry.npmjs.org/compression 111ms (cache miss)
48 http fetch GET 200 https://registry.npmjs.org/serve-static 226ms (cache miss)
49 http fetch GET 200 https://registry.npmjs.org/socket.io 256ms (cache miss)
50 http fetch GET 200 https://registry.npmjs.org/gridstack 896ms (cache miss)
51 timing idealTree:#root Completed in 1728ms
52 silly placeDep ROOT compression@1.7.4 OK for: node-red-dashboard@3.4.0 want: ^1.7.4
53 silly placeDep ROOT gridstack@0.6.4 OK for: node-red-dashboard@3.4.0 want: ^0.6.4
54 silly placeDep ROOT serve-static@1.15.0 OK for: node-red-dashboard@3.4.0 want: ^1.15.0
55 silly placeDep ROOT socket.io@4.6.1 OK for: node-red-dashboard@3.4.0 want: ^4.5.4
56 silly fetch manifest accepts@~1.3.5
57 silly fetch manifest bytes@3.0.0
58 silly fetch manifest compressible@~2.0.16
59 silly fetch manifest debug@2.6.9
60 silly fetch manifest on-headers@~1.0.2
61 silly fetch manifest safe-buffer@5.1.2
62 silly fetch manifest vary@~1.1.2
63 silly fetch manifest jquery@^1.8 || 2 || 3
64 silly fetch manifest encodeurl@~1.0.2
65 silly fetch manifest escape-html@~1.0.3
66 silly fetch manifest parseurl@~1.3.3
67 silly fetch manifest send@0.18.0
68 silly fetch manifest accepts@~1.3.4
69 silly fetch manifest base64id@~2.0.0
70 silly fetch manifest engine.io@~6.4.1
71 silly fetch manifest socket.io-adapter@~2.5.2
72 silly fetch manifest socket.io-parser@~4.2.1
73 http fetch GET 200 https://registry.npmjs.org/compressible 717ms (cache miss)
74 http fetch GET 200 https://registry.npmjs.org/on-headers 755ms (cache miss)
75 http fetch GET 200 https://registry.npmjs.org/bytes 798ms (cache miss)
76 http fetch GET 200 https://registry.npmjs.org/accepts 834ms (cache miss)
77 http fetch GET 200 https://registry.npmjs.org/debug 836ms (cache revalidated)
78 http fetch GET 200 https://registry.npmjs.org/socket.io-parser 773ms (cache miss)
79 http fetch GET 200 https://registry.npmjs.org/base64id 838ms (cache miss)
80 http fetch GET 200 https://registry.npmjs.org/escape-html 859ms (cache miss)
81 http fetch GET 200 https://registry.npmjs.org/vary 874ms (cache miss)
82 http fetch GET 200 https://registry.npmjs.org/encodeurl 875ms (cache miss)
83 http fetch GET 200 https://registry.npmjs.org/parseurl 871ms (cache miss)
84 http fetch GET 200 https://registry.npmjs.org/safe-buffer 907ms (cache miss)
85 http fetch GET 200 https://registry.npmjs.org/accepts 899ms (cache miss)
86 http fetch GET 200 https://registry.npmjs.org/socket.io-adapter 897ms (cache miss)
87 http fetch GET 200 https://registry.npmjs.org/send 940ms (cache miss)
88 http fetch GET 200 https://registry.npmjs.org/jquery 958ms (cache miss)
89 http fetch GET 200 https://registry.npmjs.org/engine.io 938ms (cache miss)
90 timing idealTree:node_modules/node-red-dashboard Completed in 1114ms
91 silly placeDep ROOT accepts@1.3.8 OK for: compression@1.7.4 want: ~1.3.5
92 silly placeDep ROOT bytes@3.0.0 OK for: compression@1.7.4 want: 3.0.0
93 silly placeDep ROOT compressible@2.0.18 OK for: compression@1.7.4 want: ~2.0.16
94 silly placeDep node_modules/compression debug@2.6.9 OK for: compression@1.7.4 want: 2.6.9
95 silly placeDep ROOT on-headers@1.0.2 OK for: compression@1.7.4 want: ~1.0.2
96 silly placeDep ROOT safe-buffer@5.1.2 OK for: compression@1.7.4 want: 5.1.2
97 silly placeDep ROOT vary@1.1.2 OK for: compression@1.7.4 want: ~1.1.2
98 silly fetch manifest mime-types@~2.1.34
99 silly fetch manifest negotiator@0.6.3
100 silly fetch manifest mime-db@>= 1.43.0 < 2
101 silly fetch manifest ms@2.0.0
102 http fetch GET 200 https://registry.npmjs.org/ms 142ms (cache revalidated)
103 http fetch GET 200 https://registry.npmjs.org/negotiator 160ms (cache miss)
104 http fetch GET 200 https://registry.npmjs.org/mime-db 166ms (cache miss)
105 http fetch GET 200 https://registry.npmjs.org/mime-types 190ms (cache miss)
106 timing idealTree:node_modules/compression Completed in 296ms
107 silly placeDep ROOT mime-types@2.1.35 OK for: accepts@1.3.8 want: ~2.1.34
108 silly placeDep ROOT negotiator@0.6.3 OK for: accepts@1.3.8 want: 0.6.3
109 silly fetch manifest mime-db@1.52.0
110 timing idealTree:node_modules/accepts Completed in 17ms
111 timing idealTree:node_modules/bytes Completed in 0ms
112 silly placeDep ROOT mime-db@1.52.0 OK for: compressible@2.0.18 want: >= 1.43.0 < 2
113 timing idealTree:node_modules/compressible Completed in 8ms
114 silly placeDep ROOT jquery@3.6.4 OK for: gridstack@0.6.4 want: ^1.8 || 2 || 3
115 timing idealTree:node_modules/gridstack Completed in 13ms
116 timing idealTree:node_modules/jquery Completed in 1ms
117 timing idealTree:node_modules/mime-db Completed in 1ms
118 timing idealTree:node_modules/mime-types Completed in 0ms
119 timing idealTree:node_modules/negotiator Completed in 0ms
120 timing idealTree:node_modules/on-headers Completed in 0ms
121 timing idealTree:node_modules/safe-buffer Completed in 1ms
122 silly placeDep ROOT encodeurl@1.0.2 OK for: serve-static@1.15.0 want: ~1.0.2
123 silly placeDep ROOT escape-html@1.0.3 OK for: serve-static@1.15.0 want: ~1.0.3
124 silly placeDep ROOT parseurl@1.3.3 OK for: serve-static@1.15.0 want: ~1.3.3
125 silly placeDep ROOT send@0.18.0 OK for: serve-static@1.15.0 want: 0.18.0
126 silly fetch manifest depd@2.0.0
127 silly fetch manifest destroy@1.2.0
128 silly fetch manifest etag@~1.8.1
129 silly fetch manifest fresh@0.5.2
130 silly fetch manifest http-errors@2.0.0
131 silly fetch manifest mime@1.6.0
132 silly fetch manifest ms@2.1.3
133 silly fetch manifest on-finished@2.4.1
134 silly fetch manifest range-parser@~1.2.1
135 silly fetch manifest statuses@2.0.1
136 http fetch GET 200 https://registry.npmjs.org/depd 383ms (cache miss)
137 http fetch GET 200 https://registry.npmjs.org/destroy 385ms (cache miss)
138 http fetch GET 200 https://registry.npmjs.org/on-finished 368ms (cache miss)
139 http fetch GET 200 https://registry.npmjs.org/range-parser 369ms (cache miss)
140 http fetch GET 200 https://registry.npmjs.org/fresh 386ms (cache miss)
141 http fetch GET 200 https://registry.npmjs.org/etag 397ms (cache miss)
142 http fetch GET 200 https://registry.npmjs.org/statuses 383ms (cache miss)
143 http fetch GET 200 https://registry.npmjs.org/http-errors 419ms (cache miss)
144 http fetch GET 200 https://registry.npmjs.org/mime 426ms (cache miss)
145 timing idealTree:node_modules/serve-static Completed in 508ms
146 timing idealTree:node_modules/encodeurl Completed in 0ms
147 timing idealTree:node_modules/escape-html Completed in 0ms
148 timing idealTree:node_modules/parseurl Completed in 0ms
149 silly placeDep node_modules/send debug@2.6.9 OK for: send@0.18.0 want: 2.6.9
150 silly placeDep ROOT depd@2.0.0 OK for: send@0.18.0 want: 2.0.0
151 silly placeDep ROOT destroy@1.2.0 OK for: send@0.18.0 want: 1.2.0
152 silly placeDep ROOT etag@1.8.1 OK for: send@0.18.0 want: ~1.8.1
153 silly placeDep ROOT fresh@0.5.2 OK for: send@0.18.0 want: 0.5.2
154 silly placeDep ROOT http-errors@2.0.0 OK for: send@0.18.0 want: 2.0.0
155 silly placeDep ROOT mime@1.6.0 OK for: send@0.18.0 want: 1.6.0
156 silly placeDep node_modules/send ms@2.1.3 OK for: send@0.18.0 want: 2.1.3
157 silly placeDep ROOT on-finished@2.4.1 OK for: send@0.18.0 want: 2.4.1
158 silly placeDep ROOT range-parser@1.2.1 OK for: send@0.18.0 want: ~1.2.1
159 silly placeDep ROOT statuses@2.0.1 OK for: send@0.18.0 want: 2.0.1
160 silly fetch manifest inherits@2.0.4
161 silly fetch manifest setprototypeof@1.2.0
162 silly fetch manifest toidentifier@1.0.1
163 silly fetch manifest ee-first@1.1.1
164 http fetch GET 200 https://registry.npmjs.org/inherits 131ms (cache miss)
165 http fetch GET 200 https://registry.npmjs.org/setprototypeof 139ms (cache miss)
166 http fetch GET 200 https://registry.npmjs.org/toidentifier 135ms (cache miss)
167 http fetch GET 200 https://registry.npmjs.org/ee-first 336ms (cache miss)
168 timing idealTree:node_modules/send Completed in 442ms
169 timing idealTree:node_modules/depd Completed in 0ms
170 timing idealTree:node_modules/destroy Completed in 0ms
171 timing idealTree:node_modules/etag Completed in 0ms
172 timing idealTree:node_modules/fresh Completed in 0ms
173 silly placeDep ROOT inherits@2.0.4 OK for: http-errors@2.0.0 want: 2.0.4
174 silly placeDep ROOT setprototypeof@1.2.0 OK for: http-errors@2.0.0 want: 1.2.0
175 silly placeDep ROOT toidentifier@1.0.1 OK for: http-errors@2.0.0 want: 1.0.1
176 timing idealTree:node_modules/http-errors Completed in 35ms
177 timing idealTree:node_modules/inherits Completed in 0ms
178 timing idealTree:node_modules/mime Completed in 0ms
179 silly placeDep ROOT ee-first@1.1.1 OK for: on-finished@2.4.1 want: 1.1.1
180 timing idealTree:node_modules/on-finished Completed in 10ms
181 timing idealTree:node_modules/ee-first Completed in 0ms
182 timing idealTree:node_modules/range-parser Completed in 0ms
183 timing idealTree:node_modules/setprototypeof Completed in 0ms
184 silly placeDep ROOT base64id@2.0.0 OK for: socket.io@4.6.1 want: ~2.0.0
185 silly placeDep ROOT engine.io@6.4.1 OK for: socket.io@4.6.1 want: ~6.4.1
186 silly placeDep ROOT socket.io-adapter@2.5.2 OK for: socket.io@4.6.1 want: ~2.5.2
187 silly placeDep ROOT socket.io-parser@4.2.2 OK for: socket.io@4.6.1 want: ~4.2.1
188 silly fetch manifest @types/cookie@^0.4.1
189 silly fetch manifest @types/cors@^2.8.12
190 silly fetch manifest @types/node@>=10.0.0
191 silly fetch manifest cookie@~0.4.1
192 silly fetch manifest cors@~2.8.5
193 silly fetch manifest engine.io-parser@~5.0.3
194 silly fetch manifest ws@~8.11.0
195 silly fetch manifest @socket.io/component-emitter@~3.1.0
196 http fetch GET 200 https://registry.npmjs.org/@socket.io%2fcomponent-emitter 402ms (cache miss)
197 http fetch GET 200 https://registry.npmjs.org/cookie 425ms (cache miss)
198 http fetch GET 200 https://registry.npmjs.org/engine.io-parser 442ms (cache miss)
199 http fetch GET 200 https://registry.npmjs.org/cors 455ms (cache miss)
200 http fetch GET 200 https://registry.npmjs.org/ws 459ms (cache miss)
201 http fetch GET 200 https://registry.npmjs.org/@types%2fnode 619ms (cache miss)
202 http fetch GET 200 https://registry.npmjs.org/@types%2fcors 1057ms (cache miss)
203 http fetch GET 200 https://registry.npmjs.org/@types%2fcookie 2481ms (cache miss)
204 timing idealTree:node_modules/socket.io Completed in 2521ms
205 timing idealTree:node_modules/base64id Completed in 0ms
206 silly fetch manifest bufferutil@^4.0.1
207 http fetch GET 200 https://registry.npmjs.org/bufferutil 221ms (cache miss)
208 silly fetch manifest utf-8-validate@^5.0.2
209 http fetch GET 200 https://registry.npmjs.org/utf-8-validate 74ms (cache miss)
210 silly placeDep ROOT @types/cookie@0.4.1 OK for: engine.io@6.4.1 want: ^0.4.1
211 silly placeDep ROOT @types/cors@2.8.13 OK for: engine.io@6.4.1 want: ^2.8.12
212 silly placeDep ROOT @types/node@18.16.1 OK for: engine.io@6.4.1 want: >=10.0.0
213 silly placeDep ROOT cookie@0.4.2 OK for: engine.io@6.4.1 want: ~0.4.1
214 silly placeDep ROOT cors@2.8.5 OK for: engine.io@6.4.1 want: ~2.8.5
215 silly placeDep ROOT engine.io-parser@5.0.6 OK for: engine.io@6.4.1 want: ~5.0.3
216 silly placeDep ROOT ws@8.11.0 OK for: engine.io@6.4.1 want: ~8.11.0
217 silly fetch manifest object-assign@^4
218 http fetch GET 200 https://registry.npmjs.org/object-assign 89ms (cache miss)
219 timing idealTree:node_modules/engine.io Completed in 493ms
220 timing idealTree:node_modules/@types/cookie Completed in 0ms
221 timing idealTree:node_modules/@types/cors Completed in 0ms
222 timing idealTree:node_modules/@types/node Completed in 0ms
223 timing idealTree:node_modules/cookie Completed in 0ms
224 silly placeDep ROOT object-assign@4.1.1 OK for: cors@2.8.5 want: ^4
225 timing idealTree:node_modules/cors Completed in 6ms
226 timing idealTree:node_modules/engine.io-parser Completed in 0ms
227 timing idealTree:node_modules/object-assign Completed in 0ms
228 timing idealTree:node_modules/socket.io-adapter Completed in 0ms
229 silly placeDep ROOT @socket.io/component-emitter@3.1.0 OK for: socket.io-parser@4.2.2 want: ~3.1.0
230 timing idealTree:node_modules/socket.io-parser Completed in 5ms
231 timing idealTree:node_modules/@socket.io/component-emitter Completed in 0ms
232 timing idealTree:node_modules/statuses Completed in 0ms
233 timing idealTree:node_modules/toidentifier Completed in 0ms
234 timing idealTree:node_modules/vary Completed in 0ms
235 timing idealTree:node_modules/ws Completed in 0ms
236 silly placeDep node_modules/compression ms@2.0.0 OK for: debug@2.6.9 want: 2.0.0
237 timing idealTree:node_modules/compression/node_modules/debug Completed in 9ms
238 timing idealTree:node_modules/compression/node_modules/ms Completed in 0ms
239 silly placeDep node_modules/send/node_modules/debug ms@2.0.0 OK for: debug@2.6.9 want: 2.0.0
240 timing idealTree:node_modules/send/node_modules/debug Completed in 5ms
241 timing idealTree:node_modules/send/node_modules/ms Completed in 0ms
242 timing idealTree:node_modules/send/node_modules/debug/node_modules/ms Completed in 0ms
243 timing idealTree:buildDeps Completed in 7249ms
244 timing idealTree:fixDepFlags Completed in 5ms
245 timing idealTree Completed in 7571ms
246 timing reify:loadTrees Completed in 7577ms
247 timing reify:diffTrees Completed in 32ms
248 silly reify moves {}
249 timing reify:retireShallow Completed in 6ms
250 timing reify:createSparse Completed in 79ms
251 timing reify:trashOmits Completed in 0ms
252 timing reify:loadBundles Completed in 0ms
253 silly tarball no local data for @socket.io/component-emitter@https://registry.npmjs.org/@socket.io/component-emitter/-/component-emitter-3.1.0.tgz. Extracting by manifest.
254 silly tarball no local data for object-assign@https://registry.npmjs.org/object-assign/-/object-assign-4.1.1.tgz. Extracting by manifest.
255 silly tarball no local data for engine.io-parser@https://registry.npmjs.org/engine.io-parser/-/engine.io-parser-5.0.6.tgz. Extracting by manifest.
256 silly tarball no local data for cors@https://registry.npmjs.org/cors/-/cors-2.8.5.tgz. Extracting by manifest.
257 silly tarball no local data for cookie@https://registry.npmjs.org/cookie/-/cookie-0.4.2.tgz. Extracting by manifest.
258 silly tarball no local data for @types/node@https://registry.npmjs.org/@types/node/-/node-18.16.1.tgz. Extracting by manifest.
259 silly tarball no local data for ws@https://registry.npmjs.org/ws/-/ws-8.11.0.tgz. Extracting by manifest.
260 silly tarball no local data for @types/cors@https://registry.npmjs.org/@types/cors/-/cors-2.8.13.tgz. Extracting by manifest.
261 silly tarball no local data for @types/cookie@https://registry.npmjs.org/@types/cookie/-/cookie-0.4.1.tgz. Extracting by manifest.
262 silly tarball no local data for socket.io-parser@https://registry.npmjs.org/socket.io-parser/-/socket.io-parser-4.2.2.tgz. Extracting by manifest.
263 silly tarball no local data for socket.io-adapter@https://registry.npmjs.org/socket.io-adapter/-/socket.io-adapter-2.5.2.tgz. Extracting by manifest.
264 silly tarball no local data for engine.io@https://registry.npmjs.org/engine.io/-/engine.io-6.4.1.tgz. Extracting by manifest.
265 silly tarball no local data for base64id@https://registry.npmjs.org/base64id/-/base64id-2.0.0.tgz. Extracting by manifest.
266 silly tarball no local data for ee-first@https://registry.npmjs.org/ee-first/-/ee-first-1.1.1.tgz. Extracting by manifest.
267 silly tarball no local data for toidentifier@https://registry.npmjs.org/toidentifier/-/toidentifier-1.0.1.tgz. Extracting by manifest.
268 silly tarball no local data for setprototypeof@https://registry.npmjs.org/setprototypeof/-/setprototypeof-1.2.0.tgz. Extracting by manifest.
269 silly tarball no local data for inherits@https://registry.npmjs.org/inherits/-/inherits-2.0.4.tgz. Extracting by manifest.
270 silly tarball no local data for statuses@https://registry.npmjs.org/statuses/-/statuses-2.0.1.tgz. Extracting by manifest.
271 silly tarball no local data for range-parser@https://registry.npmjs.org/range-parser/-/range-parser-1.2.1.tgz. Extracting by manifest.
272 silly tarball no local data for on-finished@https://registry.npmjs.org/on-finished/-/on-finished-2.4.1.tgz. Extracting by manifest.
273 silly tarball no local data for mime@https://registry.npmjs.org/mime/-/mime-1.6.0.tgz. Extracting by manifest.
274 silly tarball no local data for http-errors@https://registry.npmjs.org/http-errors/-/http-errors-2.0.0.tgz. Extracting by manifest.
275 silly tarball no local data for fresh@https://registry.npmjs.org/fresh/-/fresh-0.5.2.tgz. Extracting by manifest.
276 silly tarball no local data for etag@https://registry.npmjs.org/etag/-/etag-1.8.1.tgz. Extracting by manifest.
277 silly tarball no local data for depd@https://registry.npmjs.org/depd/-/depd-2.0.0.tgz. Extracting by manifest.
278 silly tarball no local data for send@https://registry.npmjs.org/send/-/send-0.18.0.tgz. Extracting by manifest.
279 silly tarball no local data for parseurl@https://registry.npmjs.org/parseurl/-/parseurl-1.3.3.tgz. Extracting by manifest.
280 silly tarball no local data for destroy@https://registry.npmjs.org/destroy/-/destroy-1.2.0.tgz. Extracting by manifest.
281 silly tarball no local data for escape-html@https://registry.npmjs.org/escape-html/-/escape-html-1.0.3.tgz. Extracting by manifest.
282 silly tarball no local data for encodeurl@https://registry.npmjs.org/encodeurl/-/encodeurl-1.0.2.tgz. Extracting by manifest.
283 silly tarball no local data for jquery@https://registry.npmjs.org/jquery/-/jquery-3.6.4.tgz. Extracting by manifest.
284 silly tarball no local data for negotiator@https://registry.npmjs.org/negotiator/-/negotiator-0.6.3.tgz. Extracting by manifest.
285 silly tarball no local data for mime-db@https://registry.npmjs.org/mime-db/-/mime-db-1.52.0.tgz. Extracting by manifest.
286 silly tarball no local data for mime-types@https://registry.npmjs.org/mime-types/-/mime-types-2.1.35.tgz. Extracting by manifest.
287 silly tarball no local data for vary@https://registry.npmjs.org/vary/-/vary-1.1.2.tgz. Extracting by manifest.
288 silly tarball no local data for safe-buffer@https://registry.npmjs.org/safe-buffer/-/safe-buffer-5.1.2.tgz. Extracting by manifest.
289 silly tarball no local data for on-headers@https://registry.npmjs.org/on-headers/-/on-headers-1.0.2.tgz. Extracting by manifest.
290 silly tarball no local data for compressible@https://registry.npmjs.org/compressible/-/compressible-2.0.18.tgz. Extracting by manifest.
291 silly tarball no local data for bytes@https://registry.npmjs.org/bytes/-/bytes-3.0.0.tgz. Extracting by manifest.
292 silly tarball no local data for accepts@https://registry.npmjs.org/accepts/-/accepts-1.3.8.tgz. Extracting by manifest.
293 silly tarball no local data for socket.io@https://registry.npmjs.org/socket.io/-/socket.io-4.6.1.tgz. Extracting by manifest.
294 silly tarball no local data for serve-static@https://registry.npmjs.org/serve-static/-/serve-static-1.15.0.tgz. Extracting by manifest.
295 silly tarball no local data for gridstack@https://registry.npmjs.org/gridstack/-/gridstack-0.6.4.tgz. Extracting by manifest.
296 silly tarball no local data for compression@https://registry.npmjs.org/compression/-/compression-1.7.4.tgz. Extracting by manifest.
297 silly tarball no local data for node-red-dashboard@https://registry.npmjs.org/node-red-dashboard/-/node-red-dashboard-3.4.0.tgz. Extracting by manifest.
298 silly tarball no local data for ms@https://registry.npmjs.org/ms/-/ms-2.1.3.tgz. Extracting by manifest.
299 silly tarball no local data for debug@https://registry.npmjs.org/debug/-/debug-2.6.9.tgz. Extracting by manifest.
300 silly tarball no local data for ms@https://registry.npmjs.org/ms/-/ms-2.0.0.tgz. Extracting by manifest.
301 silly tarball no local data for ms@https://registry.npmjs.org/ms/-/ms-2.0.0.tgz. Extracting by manifest.
302 silly tarball no local data for debug@https://registry.npmjs.org/debug/-/debug-2.6.9.tgz. Extracting by manifest.
303 http fetch GET 200 https://registry.npmjs.org/destroy/-/destroy-1.2.0.tgz 2563ms (cache miss)
304 timing reifyNode:node_modules/destroy Completed in 3015ms
305 http fetch GET 200 https://registry.npmjs.org/ee-first/-/ee-first-1.1.1.tgz 2745ms (cache miss)
306 timing reifyNode:node_modules/ee-first Completed in 3064ms
307 http fetch GET 200 https://registry.npmjs.org/cors/-/cors-2.8.5.tgz 2859ms (cache miss)
308 timing reifyNode:node_modules/cors Completed in 3104ms
309 http fetch GET 200 https://registry.npmjs.org/setprototypeof/-/setprototypeof-1.2.0.tgz 2782ms (cache miss)
310 timing reifyNode:node_modules/setprototypeof Completed in 3114ms
311 http fetch GET 200 https://registry.npmjs.org/inherits/-/inherits-2.0.4.tgz 2779ms (cache miss)
312 timing reifyNode:node_modules/inherits Completed in 3117ms
313 http fetch GET 200 https://registry.npmjs.org/range-parser/-/range-parser-1.2.1.tgz 2763ms (cache miss)
314 timing reifyNode:node_modules/range-parser Completed in 3119ms
315 http fetch GET 200 https://registry.npmjs.org/on-finished/-/on-finished-2.4.1.tgz 2758ms (cache miss)
316 timing reifyNode:node_modules/on-finished Completed in 3122ms
317 http fetch GET 200 https://registry.npmjs.org/parseurl/-/parseurl-1.3.3.tgz 2702ms (cache miss)
318 timing reifyNode:node_modules/parseurl Completed in 3127ms
319 http fetch GET 200 https://registry.npmjs.org/safe-buffer/-/safe-buffer-5.1.2.tgz 2634ms (cache miss)
320 timing reifyNode:node_modules/safe-buffer Completed in 3132ms
321 http fetch GET 200 https://registry.npmjs.org/fresh/-/fresh-0.5.2.tgz 2759ms (cache miss)
322 timing reifyNode:node_modules/fresh Completed in 3148ms
323 http fetch GET 200 https://registry.npmjs.org/encodeurl/-/encodeurl-1.0.2.tgz 2688ms (cache miss)
324 timing reifyNode:node_modules/encodeurl Completed in 3148ms
325 http fetch GET 200 https://registry.npmjs.org/vary/-/vary-1.1.2.tgz 2663ms (cache miss)
326 timing reifyNode:node_modules/vary Completed in 3151ms
327 http fetch GET 200 https://registry.npmjs.org/object-assign/-/object-assign-4.1.1.tgz 2937ms (cache miss)
328 timing reifyNode:node_modules/object-assign Completed in 3166ms
329 http fetch GET 200 https://registry.npmjs.org/engine.io-parser/-/engine.io-parser-5.0.6.tgz 2930ms (cache miss)
330 http fetch GET 200 https://registry.npmjs.org/@types/cors/-/cors-2.8.13.tgz 2876ms (cache miss)
331 timing reifyNode:node_modules/@types/cors Completed in 3166ms
332 http fetch GET 200 https://registry.npmjs.org/@types/cookie/-/cookie-0.4.1.tgz 2872ms (cache miss)
333 timing reifyNode:node_modules/@types/cookie Completed in 3168ms
334 http fetch GET 200 https://registry.npmjs.org/base64id/-/base64id-2.0.0.tgz 2854ms (cache miss)
335 timing reifyNode:node_modules/base64id Completed in 3170ms
336 http fetch GET 200 https://registry.npmjs.org/http-errors/-/http-errors-2.0.0.tgz 2790ms (cache miss)
337 timing reifyNode:node_modules/http-errors Completed in 3170ms
338 http fetch GET 200 https://registry.npmjs.org/compression/-/compression-1.7.4.tgz 2587ms (cache miss)
339 timing reifyNode:node_modules/compression Completed in 3177ms
340 http fetch GET 200 https://registry.npmjs.org/socket.io-adapter/-/socket.io-adapter-2.5.2.tgz 2883ms (cache miss)
341 timing reifyNode:node_modules/socket.io-adapter Completed in 3191ms
342 http fetch GET 200 https://registry.npmjs.org/@socket.io/component-emitter/-/component-emitter-3.1.0.tgz 2979ms (cache miss)
343 timing reifyNode:node_modules/@socket.io/component-emitter Completed in 3197ms
344 http fetch GET 200 https://registry.npmjs.org/toidentifier/-/toidentifier-1.0.1.tgz 2871ms (cache miss)
345 timing reifyNode:node_modules/toidentifier Completed in 3196ms
346 http fetch GET 200 https://registry.npmjs.org/send/-/send-0.18.0.tgz 2780ms (cache miss)
347 timing reifyNode:node_modules/send Completed in 3200ms
348 http fetch GET 200 https://registry.npmjs.org/escape-html/-/escape-html-1.0.3.tgz 2745ms (cache miss)
349 timing reifyNode:node_modules/escape-html Completed in 3201ms
350 http fetch GET 200 https://registry.npmjs.org/accepts/-/accepts-1.3.8.tgz 2684ms (cache miss)
351 timing reifyNode:node_modules/accepts Completed in 3215ms
352 http fetch GET 200 https://registry.npmjs.org/cookie/-/cookie-0.4.2.tgz 2980ms (cache miss)
353 timing reifyNode:node_modules/cookie Completed in 3233ms
354 http fetch GET 200 https://registry.npmjs.org/mime-types/-/mime-types-2.1.35.tgz 2767ms (cache miss)
355 timing reifyNode:node_modules/mime-types Completed in 3248ms
356 http fetch GET 200 https://registry.npmjs.org/on-headers/-/on-headers-1.0.2.tgz 2746ms (cache miss)
357 timing reifyNode:node_modules/on-headers Completed in 3250ms
358 http fetch GET 200 https://registry.npmjs.org/bytes/-/bytes-3.0.0.tgz 2730ms (cache miss)
359 timing reifyNode:node_modules/bytes Completed in 3252ms
360 http fetch GET 200 https://registry.npmjs.org/ms/-/ms-2.1.3.tgz 2654ms (cache miss)
361 timing reifyNode:node_modules/send/node_modules/ms Completed in 3256ms
362 http fetch GET 200 https://registry.npmjs.org/ms/-/ms-2.0.0.tgz 2646ms (cache miss)
363 timing reifyNode:node_modules/send/node_modules/debug/node_modules/ms Completed in 3259ms
364 http fetch GET 200 https://registry.npmjs.org/serve-static/-/serve-static-1.15.0.tgz 2713ms (cache miss)
365 timing reifyNode:node_modules/serve-static Completed in 3257ms
366 http fetch GET 200 https://registry.npmjs.org/statuses/-/statuses-2.0.1.tgz 2929ms (cache miss)
367 timing reifyNode:node_modules/statuses Completed in 3276ms
368 http fetch GET 200 https://registry.npmjs.org/mime/-/mime-1.6.0.tgz 2906ms (cache miss)
369 timing reifyNode:node_modules/mime Completed in 3277ms
370 http fetch GET 200 https://registry.npmjs.org/etag/-/etag-1.8.1.tgz 2873ms (cache miss)
371 timing reifyNode:node_modules/etag Completed in 3279ms
372 http fetch GET 200 https://registry.npmjs.org/negotiator/-/negotiator-0.6.3.tgz 2810ms (cache miss)
373 timing reifyNode:node_modules/negotiator Completed in 3279ms
374 http fetch GET 200 https://registry.npmjs.org/ms/-/ms-2.0.0.tgz 2667ms (cache miss)
375 timing reifyNode:node_modules/compression/node_modules/ms Completed in 3281ms
376 http fetch GET 200 https://registry.npmjs.org/compressible/-/compressible-2.0.18.tgz 2780ms (cache miss)
377 timing reifyNode:node_modules/compressible Completed in 3294ms
378 http fetch GET 200 https://registry.npmjs.org/depd/-/depd-2.0.0.tgz 2928ms (cache miss)
379 timing reifyNode:node_modules/depd Completed in 3341ms
380 http fetch GET 200 https://registry.npmjs.org/mime-db/-/mime-db-1.52.0.tgz 2943ms (cache miss)
381 timing reifyNode:node_modules/mime-db Completed in 3417ms
382 http fetch GET 200 https://registry.npmjs.org/debug/-/debug-2.6.9.tgz 2824ms (cache miss)
383 timing reifyNode:node_modules/compression/node_modules/debug Completed in 3443ms
384 http fetch GET 200 https://registry.npmjs.org/socket.io-parser/-/socket.io-parser-4.2.2.tgz 3178ms (cache miss)
385 http fetch GET 200 https://registry.npmjs.org/debug/-/debug-2.6.9.tgz 2886ms (cache miss)
386 timing reifyNode:node_modules/send/node_modules/debug Completed in 3495ms
387 timing reifyNode:node_modules/socket.io-parser Completed in 3513ms
388 timing reifyNode:node_modules/engine.io-parser Completed in 3564ms
389 http fetch GET 200 https://registry.npmjs.org/ws/-/ws-8.11.0.tgz 3297ms (cache miss)
390 timing reifyNode:node_modules/ws Completed in 3565ms
391 http fetch GET 200 https://registry.npmjs.org/engine.io/-/engine.io-6.4.1.tgz 3303ms (cache miss)
392 timing reifyNode:node_modules/engine.io Completed in 3641ms
393 http fetch GET 200 https://registry.npmjs.org/gridstack/-/gridstack-0.6.4.tgz 3493ms (cache miss)
394 timing reifyNode:node_modules/gridstack Completed in 4061ms
395 http fetch GET 200 https://registry.npmjs.org/socket.io/-/socket.io-4.6.1.tgz 3566ms (cache miss)
396 timing reifyNode:node_modules/socket.io Completed in 4111ms
397 http fetch GET 200 https://registry.npmjs.org/jquery/-/jquery-3.6.4.tgz 4258ms (cache miss)
398 timing reifyNode:node_modules/jquery Completed in 4728ms
399 http fetch GET 200 https://registry.npmjs.org/@types/node/-/node-18.16.1.tgz 4777ms (cache miss)
400 timing reifyNode:node_modules/@types/node Completed in 5045ms
401 http fetch GET 200 https://registry.npmjs.org/node-red-dashboard/-/node-red-dashboard-3.4.0.tgz 4527ms (cache miss)
402 timing reifyNode:node_modules/node-red-dashboard Completed in 5121ms
403 timing reify:unpack Completed in 5133ms
404 timing reify:unretire Completed in 1ms
405 timing build:queue Completed in 14ms
406 timing build:link:node_modules/mime Completed in 10ms
407 timing build:link Completed in 10ms
408 timing build:deps Completed in 27ms
409 timing build Completed in 28ms
410 timing reify:build Completed in 33ms
411 timing reify:trash Completed in 0ms
412 timing reify:save Completed in 166ms
413 timing reify Completed in 13156ms
414 silly ADD node_modules/@socket.io/component-emitter
415 silly ADD node_modules/object-assign
416 silly ADD node_modules/ws
417 silly ADD node_modules/engine.io-parser
418 silly ADD node_modules/cors
419 silly ADD node_modules/cookie
420 silly ADD node_modules/@types/node
421 silly ADD node_modules/@types/cors
422 silly ADD node_modules/@types/cookie
423 silly ADD node_modules/socket.io-parser
424 silly ADD node_modules/socket.io-adapter
425 silly ADD node_modules/engine.io
426 silly ADD node_modules/base64id
427 silly ADD node_modules/ee-first
428 silly ADD node_modules/toidentifier
429 silly ADD node_modules/setprototypeof
430 silly ADD node_modules/inherits
431 silly ADD node_modules/statuses
432 silly ADD node_modules/range-parser
433 silly ADD node_modules/on-finished
434 silly ADD node_modules/mime
435 silly ADD node_modules/http-errors
436 silly ADD node_modules/fresh
437 silly ADD node_modules/etag
438 silly ADD node_modules/destroy
439 silly ADD node_modules/depd
440 silly ADD node_modules/send
441 silly ADD node_modules/send/node_modules/ms
442 silly ADD node_modules/send/node_modules/debug
443 silly ADD node_modules/send/node_modules/debug/node_modules/ms
444 silly ADD node_modules/parseurl
445 silly ADD node_modules/escape-html
446 silly ADD node_modules/encodeurl
447 silly ADD node_modules/jquery
448 silly ADD node_modules/mime-db
449 silly ADD node_modules/negotiator
450 silly ADD node_modules/mime-types
451 silly ADD node_modules/vary
452 silly ADD node_modules/safe-buffer
453 silly ADD node_modules/on-headers
454 silly ADD node_modules/compressible
455 silly ADD node_modules/bytes
456 silly ADD node_modules/accepts
457 silly ADD node_modules/socket.io
458 silly ADD node_modules/serve-static
459 silly ADD node_modules/gridstack
460 silly ADD node_modules/compression
461 silly ADD node_modules/compression/node_modules/ms
462 silly ADD node_modules/compression/node_modules/debug
463 silly ADD node_modules/node-red-dashboard
464 timing command:install Completed in 13181ms
465 verbose exit 0
466 timing npm Completed in 14143ms
467 info ok
