0 verbose cli /usr/bin/node /usr/bin/npm
1 info using npm@8.19.4
2 info using node@v16.20.2
3 timing npm:load:whichnode Completed in 2ms
4 timing config:load:defaults Completed in 13ms
5 timing config:load:file:/usr/lib/node_modules/npm/npmrc Completed in 11ms
6 timing config:load:builtin Completed in 14ms
7 warn config production Use `--omit=dev` instead.
8 timing config:load:cli Completed in 20ms
9 timing config:load:env Completed in 2ms
10 timing config:load:file:/home/pi/.node-red/.npmrc Completed in 1ms
11 timing config:load:project Completed in 12ms
12 timing config:load:file:/home/pi/.npmrc Completed in 7ms
13 timing config:load:user Completed in 8ms
14 timing config:load:file:/usr/etc/npmrc Completed in 1ms
15 timing config:load:global Completed in 3ms
16 timing config:load:validate Completed in 1ms
17 timing config:load:credentials Completed in 7ms
18 timing config:load:setEnvs Completed in 5ms
19 timing config:load Completed in 95ms
20 timing npm:load:configload Completed in 96ms
21 timing npm:load:mkdirpcache Completed in 5ms
22 timing npm:load:mkdirplogs Completed in 2ms
23 verbose title npm install node-red-node-pi-gpio@2.0.6
24 verbose argv "install" "--no-audit" "--no-update-notifier" "--no-fund" "--save" "--save-prefix" "~" "--production" "--engine-strict" "node-red-node-pi-gpio@2.0.6"
25 timing npm:load:setTitle Completed in 6ms
26 timing config:load:flatten Completed in 14ms
27 timing npm:load:display Completed in 28ms
28 verbose logfile logs-max:10 dir:/home/pi/.npm/_logs
29 verbose logfile /home/pi/.npm/_logs/2023-11-04T12_22_39_733Z-debug-0.log
30 timing npm:load:logFile Completed in 37ms
31 timing npm:load:timers Completed in 0ms
32 timing npm:load:configScope Completed in 1ms
33 timing npm:load Completed in 184ms
34 timing arborist:ctor Completed in 7ms
35 silly logfile start cleaning logs, removing 1 files
36 silly logfile done cleaning log files
37 timing idealTree:init Completed in 2058ms
38 timing idealTree:userRequests Completed in 12ms
39 silly idealTree buildDeps
40 silly fetch manifest node-red-node-pi-gpio@2.0.6
41 timing arborist:ctor Completed in 1ms
42 http fetch GET 200 https://registry.npmjs.org/node-red-node-pi-gpio 2039ms (cache revalidated)
43 silly placeDep ROOT node-red-node-pi-gpio@2.0.6 OK for: node-red-project@0.0.1 want: 2.0.6
44 timing idealTree:#root Completed in 2102ms
45 timing idealTree:node_modules/node-red-node-pi-gpio Completed in 0ms
46 timing idealTree:buildDeps Completed in 2111ms
47 timing idealTree:fixDepFlags Completed in 53ms
48 timing idealTree Completed in 4260ms
49 timing reify:loadTrees Completed in 4263ms
50 timing reify:diffTrees Completed in 40ms
51 silly reify moves {}
52 timing reify:retireShallow Completed in 7ms
53 timing reify:createSparse Completed in 6ms
54 timing reify:trashOmits Completed in 4ms
55 timing reify:loadBundles Completed in 0ms
56 timing reifyNode:node_modules/node-red-node-pi-gpio Completed in 227ms
57 timing reify:unpack Completed in 230ms
58 timing reify:unretire Completed in 1ms
59 timing build:queue Completed in 3ms
60 timing build:deps Completed in 5ms
61 timing build Completed in 8ms
62 timing reify:build Completed in 12ms
63 timing reify:trash Completed in 1ms
64 timing reify:save Completed in 579ms
65 timing reify Completed in 5444ms
66 silly ADD node_modules/node-red-node-pi-gpio
67 timing command:install Completed in 5476ms
68 verbose exit 0
69 timing npm Completed in 6208ms
70 info ok
