2023-04-10 23:17:52.419 [info] 로그 수준: Info
2023-04-10 23:17:52.419 [info] "git"에서 찾은 git 유효성을 검사하는 중
2023-04-10 23:17:52.419 [info] "2.20.1"에서 git "git"을(를) 사용하는 중
2023-04-10 23:17:52.463 [info] > git rev-parse --show-toplevel [32ms]
2023-04-10 23:17:52.820 [info] > git rev-parse --git-dir --git-common-dir [34ms]
2023-04-10 23:17:52.903 [info] Open repository: /home/pi/Adafruit_Python_DHT
2023-04-10 23:17:53.094 [info] > git rev-parse --show-toplevel [133ms]
2023-04-10 23:17:53.188 [info] > git rev-parse --show-toplevel [41ms]
2023-04-10 23:17:53.262 [info] > git config --get commit.template [169ms]
2023-04-10 23:17:53.285 [info] > git rev-parse --show-toplevel [25ms]
2023-04-10 23:17:53.380 [info] > git rev-parse --show-toplevel [51ms]
2023-04-10 23:17:53.421 [info] > git for-each-ref --format=%(refname)%00%(upstream:short)%00%(objectname)%00%(upstream:track)%00%(upstream:remotename)%00%(upstream:remoteref) refs/heads/master refs/remotes/master [50ms]
2023-04-10 23:17:53.480 [info] > git status -z -uall [20ms]
2023-04-10 23:17:53.481 [info] > git rev-parse --show-toplevel [69ms]
2023-04-10 23:17:53.688 [info] > git check-ignore -v -z --stdin [61ms]
2023-04-10 23:17:53.697 [info] > git rev-parse --show-toplevel [187ms]
2023-04-10 23:17:53.749 [info] > git rev-parse --show-toplevel [14ms]
2023-04-10 23:17:53.760 [info] > git config --get commit.template [76ms]
2023-04-10 23:17:53.805 [info] > git for-each-ref --format=%(refname)%00%(upstream:short)%00%(objectname)%00%(upstream:track)%00%(upstream:remotename)%00%(upstream:remoteref) refs/heads/master refs/remotes/master [9ms]
2023-04-10 23:17:54.012 [info] > git status -z -uall [174ms]
2023-04-10 23:18:35.093 [info] > git check-ignore -v -z --stdin [4ms]
2023-04-10 23:18:43.489 [info] > git check-ignore -v -z --stdin [9ms]
2023-04-10 23:18:46.427 [info] > git config --get commit.template [2415ms]
2023-04-10 23:18:46.963 [info] > git show --textconv :Adafruit_DHT/dht11.py [108ms]
2023-04-10 23:18:46.971 [info] > git for-each-ref --format=%(refname)%00%(upstream:short)%00%(objectname)%00%(upstream:track)%00%(upstream:remotename)%00%(upstream:remoteref) refs/heads/master refs/remotes/master [230ms]
2023-04-10 23:18:47.084 [info] > git ls-files --stage -- /home/pi/Adafruit_Python_DHT/Adafruit_DHT/dht11.py [128ms]
2023-04-10 23:18:49.914 [info] > git status -z -uall [2853ms]
2023-04-10 23:18:55.144 [info] > git config --get commit.template [46ms]
2023-04-10 23:18:55.219 [info] > git for-each-ref --format=%(refname)%00%(upstream:short)%00%(objectname)%00%(upstream:track)%00%(upstream:remotename)%00%(upstream:remoteref) refs/heads/master refs/remotes/master [7ms]
2023-04-10 23:18:55.266 [info] > git status -z -uall [8ms]
2023-04-10 23:19:05.060 [info] > git config --get commit.template [7ms]
2023-04-10 23:19:05.118 [info] > git for-each-ref --format=%(refname)%00%(upstream:short)%00%(objectname)%00%(upstream:track)%00%(upstream:remotename)%00%(upstream:remoteref) refs/heads/master refs/remotes/master [6ms]
2023-04-10 23:19:05.160 [info] > git status -z -uall [8ms]
2023-04-10 23:19:51.685 [info] > git config --get commit.template [15ms]
2023-04-10 23:19:51.749 [info] > git for-each-ref --format=%(refname)%00%(upstream:short)%00%(objectname)%00%(upstream:track)%00%(upstream:remotename)%00%(upstream:remoteref) refs/heads/master refs/remotes/master [8ms]
2023-04-10 23:19:51.818 [info] > git status -z -uall [16ms]
