실험 'pythonaa'이(가) 활성 상태입니다.
실험 'pythonPromptNewFormatterExt'이(가) 활성 상태입니다.
실험 'pythonPromptNewToolsExt'이(가) 활성 상태입니다.
실험 'pythonSurveyNotification'이(가) 활성 상태입니다.
실험 'pythonTerminalEnvVarActivationcf'이(가) 활성 상태입니다.
실험 'pythonTestAdapter'이(가) 활성 상태입니다.
LSP Notebooks experiment is enabled
LSP Notebooks interactive window support is enabled
> conda info --json
Python 인터프리터 경로: /bin/python3
> /bin/python -I ~/.vscode/extensions/ms-python.python-2023.4.1/pythonFiles/get_output_via_markers.py ~/.vscode/extensions/ms-python.python-2023.4.1/pythonFiles/interpreterInfo.py
> /bin/python3 -I ~/.vscode/extensions/ms-python.python-2023.4.1/pythonFiles/get_output_via_markers.py ~/.vscode/extensions/ms-python.python-2023.4.1/pythonFiles/interpreterInfo.py
[ERROR 2023-8-26 14:7:51.838]: Support for Python 2.7 has been dropped by the Python extension so certain features may not work, upgrade to using Python 3.
> /bin/python ~/.vscode/extensions/ms-python.python-2023.4.1/pythonFiles/get_output_via_markers.py ~/.vscode/extensions/ms-python.python-2023.4.1/pythonFiles/interpreterInfo.py
Send text to terminal: /bin/python3 "/home/pi/Desktop/python camera/python_camera.py"
> /usr/bin/python -I ~/.vscode/extensions/ms-python.python-2023.4.1/pythonFiles/get_output_via_markers.py ~/.vscode/extensions/ms-python.python-2023.4.1/pythonFiles/interpreterInfo.py
[ERROR 2023-8-26 14:7:54.728]: Support for Python 2.7 has been dropped by the Python extension so certain features may not work, upgrade to using Python 3.
> /usr/bin/python ~/.vscode/extensions/ms-python.python-2023.4.1/pythonFiles/get_output_via_markers.py ~/.vscode/extensions/ms-python.python-2023.4.1/pythonFiles/interpreterInfo.py
> /usr/bin/python3 -I ~/.vscode/extensions/ms-python.python-2023.4.1/pythonFiles/get_output_via_markers.py ~/.vscode/extensions/ms-python.python-2023.4.1/pythonFiles/interpreterInfo.py
> /usr/include/python3.7 -I ~/.vscode/extensions/ms-python.python-2023.4.1/pythonFiles/get_output_via_markers.py ~/.vscode/extensions/ms-python.python-2023.4.1/pythonFiles/interpreterInfo.py
[ERROR 2023-8-26 14:7:55.268]: [Error: Command failed: /usr/include/python3.7 -I /home/pi/.vscode/extensions/ms-python.python-2023.4.1/pythonFiles/get_output_via_markers.py /home/pi/.vscode/extensions/ms-python.python-2023.4.1/pythonFiles/interpreterInfo.py
/bin/sh: 1: /usr/include/python3.7: Permission denied

	at ChildProcess.exithandler (node:child_process:431:12)
	at ChildProcess.emit (node:events:513:28)
	at maybeClose (node:internal/child_process:1091:16)
	at Socket.<anonymous> (node:internal/child_process:449:11)
	at Socket.emit (node:events:513:28)
	at Pipe.<anonymous> (node:net:322:12)] {
  code: 126,
  killed: false,
  signal: null,
  cmd: '/usr/include/python3.7 -I /home/pi/.vscode/extensions/ms-python.python-2023.4.1/pythonFiles/get_output_via_markers.py /home/pi/.vscode/extensions/ms-python.python-2023.4.1/pythonFiles/interpreterInfo.py'
}
> ~/miniconda3/bin/python -I ~/.vscode/extensions/ms-python.python-2023.4.1/pythonFiles/get_output_via_markers.py ~/.vscode/extensions/ms-python.python-2023.4.1/pythonFiles/interpreterInfo.py
> /usr/include/python3.7 -I ~/.vscode/extensions/ms-python.python-2023.4.1/pythonFiles/get_output_via_markers.py ~/.vscode/extensions/ms-python.python-2023.4.1/pythonFiles/interpreterInfo.py
[ERROR 2023-8-26 14:7:57.738]: [Error: Command failed: /usr/include/python3.7 -I /home/pi/.vscode/extensions/ms-python.python-2023.4.1/pythonFiles/get_output_via_markers.py /home/pi/.vscode/extensions/ms-python.python-2023.4.1/pythonFiles/interpreterInfo.py
/bin/sh: 1: /usr/include/python3.7: Permission denied

	at ChildProcess.exithandler (node:child_process:431:12)
	at ChildProcess.emit (node:events:513:28)
	at maybeClose (node:internal/child_process:1091:16)
	at Socket.<anonymous> (node:internal/child_process:449:11)
	at Socket.emit (node:events:513:28)
	at Pipe.<anonymous> (node:net:322:12)] {
  code: 126,
  killed: false,
  signal: null,
  cmd: '/usr/include/python3.7 -I /home/pi/.vscode/extensions/ms-python.python-2023.4.1/pythonFiles/get_output_via_markers.py /home/pi/.vscode/extensions/ms-python.python-2023.4.1/pythonFiles/interpreterInfo.py'
}
> -I ~/.vscode/extensions/ms-python.python-2023.4.1/pythonFiles/get_output_via_markers.py ~/.vscode/extensions/ms-python.python-2023.4.1/pythonFiles/interpreterInfo.py
[ERROR 2023-8-26 14:8:0.210]: [Error: Command failed: -I /home/pi/.vscode/extensions/ms-python.python-2023.4.1/pythonFiles/get_output_via_markers.py /home/pi/.vscode/extensions/ms-python.python-2023.4.1/pythonFiles/interpreterInfo.py
/bin/sh: 0: Illegal option - 

	at ChildProcess.exithandler (node:child_process:431:12)
	at ChildProcess.emit (node:events:513:28)
	at maybeClose (node:internal/child_process:1091:16)
	at ChildProcess._handle.onexit (node:internal/child_process:302:5)] {
  code: 2,
  killed: false,
  signal: null,
  cmd: '-I /home/pi/.vscode/extensions/ms-python.python-2023.4.1/pythonFiles/get_output_via_markers.py /home/pi/.vscode/extensions/ms-python.python-2023.4.1/pythonFiles/interpreterInfo.py'
}
> -I ~/.vscode/extensions/ms-python.python-2023.4.1/pythonFiles/get_output_via_markers.py ~/.vscode/extensions/ms-python.python-2023.4.1/pythonFiles/interpreterInfo.py
[ERROR 2023-8-26 14:8:2.363]: [Error: Command failed: -I /home/pi/.vscode/extensions/ms-python.python-2023.4.1/pythonFiles/get_output_via_markers.py /home/pi/.vscode/extensions/ms-python.python-2023.4.1/pythonFiles/interpreterInfo.py
/bin/sh: 0: Illegal option - 

	at ChildProcess.exithandler (node:child_process:431:12)
	at ChildProcess.emit (node:events:513:28)
	at maybeClose (node:internal/child_process:1091:16)
	at Socket.<anonymous> (node:internal/child_process:449:11)
	at Socket.emit (node:events:513:28)
	at Pipe.<anonymous> (node:net:322:12)] {
  code: 2,
  killed: false,
  signal: null,
  cmd: '-I /home/pi/.vscode/extensions/ms-python.python-2023.4.1/pythonFiles/get_output_via_markers.py /home/pi/.vscode/extensions/ms-python.python-2023.4.1/pythonFiles/interpreterInfo.py'
}
Pylance 언어 서버를 시작하는 중입니다.
