Visual Studio Code (1.76.0, undefined, desktop)
Jupyter Extension Version: 2023.2.1200692131.
Python Extension Version: 2023.4.1.
Workspace folder /home/pi/Desktop/vsc_workspace
사용자가 실험 그룹 'jupyterEnhancedDataViewer'에 속함
사용자가 실험 그룹 'jupyterTestcf'에 속함
info 17:45:14.024: LSP Notebooks experiment is enabled
error 17:45:20.598: Failed to get activated conda env variables from Python for /home/pi/miniconda3/bin/python
                 in 5199ms
error 17:45:20.605: Unable to determine site packages path for python /home/pi/miniconda3/bin/python (Conda)
info 17:45:20.662: Process Execution: > ~/miniconda3/bin/python -m pip list
> ~/miniconda3/bin/python -m pip list
info 17:45:21.068: Process Execution: > ~/miniconda3/bin/python -c "import pip;print('6af208d0-cb9c-427f-b937-ff563e17efdf')"
> ~/miniconda3/bin/python -c "import pip;print('6af208d0-cb9c-427f-b937-ff563e17efdf')"
error 17:45:21.433: interpreterPackages getPackageInformation, Class name = Zd, completed in 6035ms, has a falsy return value, Arg 1: {"interpreter":{"id":"/home/pi/miniconda3/bin/python","sysPrefix":"/home/pi/miniconda3","envPath":{"$mid":1,"fsPath":"/home/pi/miniconda3","path":"/home/pi/miniconda3","scheme":"file"},"displayPath":{"$mid":1,"fsPath":"/home/pi/miniconda3","path":"/home/pi/miniconda3","scheme":"file"},"envName":"base","uri":{"$mid":1,"fsPath":"/home/pi/miniconda3/bin/python","external":"file:///home/pi/miniconda3/bin/python","path":"/home/pi/miniconda3/bin/python","scheme":"file"},"displayName":"base","envType":"Conda","version":{"major":3,"minor":4,"patch":3,"raw":"3.4.3 |Continuum Analytics, Inc.| (default, Aug 21 2015, 00:53:08) \n[GCC 4.6.3]"}}} [Sl [Error]: Module 'pip' not installed.
	at Cl.execModule (/home/pi/.vscode/extensions/ms-toolsai.jupyter-2023.2.1200692131/out/extension.node.js:2:1783549)
	at async Zd.getPackageInformation (/home/pi/.vscode/extensions/ms-toolsai.jupyter-2023.2.1200692131/out/extension.node.js:17:40189)] {
  category: 'notinstalled',
  moduleName: 'pip'
}
warn 17:45:23.682: Failed to get activated env vars with python /bin/python3 in 96ms
info 17:45:23.751: Process Execution: > /bin/python3 -c "import site;print("USER_BASE_VALUE");print(site.USER_SITE);print("USER_BASE_VALUE");"
> /bin/python3 -c "import site;print("USER_BASE_VALUE");print(site.USER_SITE);print("USER_BASE_VALUE");"
info 17:45:24.027: Process Execution: > /bin/python3 -m pip list
> /bin/python3 -m pip list
info 18:01:09.053: Shutting down notebooks for b030fb88-527d-4e9d-809e-35868bd9aa16
info 18:01:09.054: Disposing HostJupyterExecution 854c5f9f-e679-4694-bf20-dc825eef195f
info 18:01:09.056: Disposing HostJupyterExecution 854c5f9f-e679-4694-bf20-dc825eef195f
