[Info  - 오후 10:54:41] (4774) Pylance language server 2023.4.10 (pyright d7616109) starting
[Info  - 오후 10:54:42] (4774) Server root directory: /home/pi/.vscode/extensions/ms-python.vscode-pylance-2023.4.10/dist
[Info  - 오후 10:54:42] (4774) Starting service instance "vsc_workspace"
[Info  - 오후 10:54:42] (4774) Auto-indent enabled
[Info  - 오후 10:54:42] (4774) Setting pythonPath for service "vsc_workspace": "/bin/python3"
[Warn  - 오후 10:54:42] (4774) stubPath /home/pi/Desktop/vsc_workspace/typings is not a valid directory.
[Info  - 오후 10:54:42] (4774) Assuming Python version 3.7
[Info  - 오후 10:54:43] (4774) Found 8 source files
[Info  - 오후 10:54:43] (4774) Setting pythonPath for service "vsc_workspace": "/bin/python3"
[Warn  - 오후 10:54:43] (4774) stubPath /home/pi/Desktop/vsc_workspace/typings is not a valid directory.
[Info  - 오후 10:54:43] (4774) Assuming Python version 3.7
[Info  - 오후 10:54:44] (4774) Found 8 source files
[Info  - 오후 10:54:47] (4774) Background analysis(1) root directory: /home/pi/.vscode/extensions/ms-python.vscode-pylance-2023.4.10/dist
[Info  - 오후 10:54:47] (4774) Background analysis(1) started
[Info  - 오후 10:54:49] (4774) Indexer background runner(2) root directory: /home/pi/.vscode/extensions/ms-python.vscode-pylance-2023.4.10/dist (index)
[Info  - 오후 10:54:49] (4774) Indexing(2) started
[Info  - 오후 10:54:55] (4774) [BG(1)] Long operation: checking: /home/pi/Desktop/vsc_workspace/DHT11.py (3614ms)
[Info  - 오후 10:54:55] (4774) [BG(1)] Long operation: analyzing: /home/pi/Desktop/vsc_workspace/DHT11.py (5384ms)
[Info  - 오후 10:54:55] (4774) [IDX(2)] Long operation: scan packages /home/pi/Desktop/vsc_workspace (6351ms)
[Info  - 오후 10:54:55] (4774) scanned(2) 97 files over 1 exec env
[Info  - 오후 10:54:58] (4774) [IDX(2)] Long operation: index execution environment /home/pi/Desktop/vsc_workspace (2985ms)
[Info  - 오후 10:54:58] (4774) [IDX(2)] Long operation: index packages /home/pi/Desktop/vsc_workspace (3023ms)
[Info  - 오후 10:54:58] (4774) indexed(2) 39 files over 1 exec env
[Info  - 오후 10:54:58] (4774) Indexing finished(2).
[Info  - 오후 10:55:09] (4774) Setting pythonPath for service "vsc_workspace": "/home/pi/miniconda3/bin/python"
[Warn  - 오후 10:55:09] (4774) stubPath /home/pi/Desktop/vsc_workspace/typings is not a valid directory.
[Info  - 오후 10:55:10] (4774) Assuming Python version 3.4
[Info  - 오후 10:55:10] (4774) Found 8 source files
[Info  - 오후 10:55:13] (4774) Indexer background runner(3) root directory: /home/pi/.vscode/extensions/ms-python.vscode-pylance-2023.4.10/dist (index)
[Info  - 오후 10:55:13] (4774) Indexing(3) started
[Info  - 오후 10:55:14] (4774) scanned(3) 16 files over 1 exec env
[Info  - 오후 10:55:15] (4774) indexed(3) 4 files over 1 exec env
[Info  - 오후 10:55:15] (4774) Indexing finished(3).
