[Info  - 오전 1:18:18] (3292) Pylance language server 2023.4.10 (pyright d7616109) starting
[Info  - 오전 1:18:18] (3292) Server root directory: /home/pi/.vscode/extensions/ms-python.vscode-pylance-2023.4.10/dist
[Info  - 오전 1:18:18] (3292) Starting service instance "Raspi_DHT11_LED_"
[Info  - 오전 1:18:18] (3292) Auto-indent enabled
[Info  - 오전 1:18:18] (3292) Setting pythonPath for service "Raspi_DHT11_LED_": "/bin/python3"
[Warn  - 오전 1:18:19] (3292) stubPath /home/pi/Desktop/Raspi_DHT11_LED_/typings is not a valid directory.
[Info  - 오전 1:18:19] (3292) Assuming Python version 3.7
[Info  - 오전 1:18:20] (3292) Found 1 source file
[Info  - 오전 1:18:26] (3292) Background analysis(1) root directory: /home/pi/.vscode/extensions/ms-python.vscode-pylance-2023.4.10/dist
[Info  - 오전 1:18:26] (3292) Background analysis(1) started
[Info  - 오전 1:18:26] (3292) Indexer background runner(2) root directory: /home/pi/.vscode/extensions/ms-python.vscode-pylance-2023.4.10/dist (index)
[Info  - 오전 1:18:26] (3292) Indexing(2) started
[Info  - 오전 1:18:30] (3292) [BG(1)] Long operation: checking: /home/pi/Desktop/Raspi_DHT11_LED_/DHT11_LED_GPIOpin.py (3738ms)
[Info  - 오전 1:18:30] (3292) [BG(1)] Long operation: analyzing: /home/pi/Desktop/Raspi_DHT11_LED_/DHT11_LED_GPIOpin.py (7256ms)
[Info  - 오전 1:18:32] (3292) [IDX(2)] Long operation: scan packages /home/pi/Desktop/Raspi_DHT11_LED_ (6036ms)
[Info  - 오전 1:18:32] (3292) scanned(2) 97 files over 1 exec env
[Info  - 오전 1:18:37] (3292) [IDX(2)] Long operation: index execution environment /home/pi/Desktop/Raspi_DHT11_LED_ (4712ms)
[Info  - 오전 1:18:37] (3292) [IDX(2)] Long operation: index packages /home/pi/Desktop/Raspi_DHT11_LED_ (4817ms)
[Info  - 오전 1:18:37] (3292) indexed(2) 39 files over 1 exec env
[Info  - 오전 1:18:37] (3292) Indexing finished(2).
