2023-09-26 14:07:16.484 [info] Revived process, old id 09e2a4e3b76d8fb3c03bcea936e1ae1e-1 -> new id 1
2023-09-26 14:07:16.484 [info] Revived process, old id 09e2a4e3b76d8fb3c03bcea936e1ae1e-2 -> new id 2
2023-09-26 14:07:16.485 [info] Revived process, old id 09e2a4e3b76d8fb3c03bcea936e1ae1e-3 -> new id 3
2023-09-26 14:07:16.485 [info] Revived process, old id 09e2a4e3b76d8fb3c03bcea936e1ae1e-4 -> new id 4
2023-09-26 14:07:16.485 [info] Revived process, old id 09e2a4e3b76d8fb3c03bcea936e1ae1e-5 -> new id 5
2023-09-26 14:07:17.317 [info] Expanding terminal instance, old id 09e2a4e3b76d8fb3c03bcea936e1ae1e-5 -> new id 5
2023-09-26 14:07:17.318 [info] Expanding terminal instance, old id 09e2a4e3b76d8fb3c03bcea936e1ae1e-4 -> new id 4
2023-09-26 14:07:17.319 [info] Expanding terminal instance, old id 09e2a4e3b76d8fb3c03bcea936e1ae1e-1 -> new id 1
2023-09-26 14:07:17.319 [info] Expanding terminal instance, old id 09e2a4e3b76d8fb3c03bcea936e1ae1e-2 -> new id 2
2023-09-26 14:07:17.319 [info] Expanding terminal instance, old id 09e2a4e3b76d8fb3c03bcea936e1ae1e-3 -> new id 3
2023-09-26 14:07:20.948 [warning] Persistent process "5": Process had no disconnect runners but was an orphan
2023-09-26 14:07:20.949 [info] Persistent process reconnection "5"
2023-09-26 14:07:20.952 [warning] Persistent process "4": Process had no disconnect runners but was an orphan
2023-09-26 14:07:20.952 [info] Persistent process reconnection "4"
2023-09-26 14:07:20.953 [warning] Persistent process "1": Process had no disconnect runners but was an orphan
2023-09-26 14:07:20.953 [info] Persistent process reconnection "1"
2023-09-26 14:07:20.957 [warning] Persistent process "2": Process had no disconnect runners but was an orphan
2023-09-26 14:07:20.957 [info] Persistent process reconnection "2"
2023-09-26 14:07:20.959 [warning] Persistent process "3": Process had no disconnect runners but was an orphan
2023-09-26 14:07:20.959 [info] Persistent process reconnection "3"
2023-09-26 14:07:21.377 [info] Persistent process "5": Replaying 1449 chars and 1 size events
2023-09-26 14:07:21.464 [info] Persistent process "4": Replaying 1596 chars and 1 size events
2023-09-26 14:07:21.679 [info] Persistent process "1": Replaying 2017 chars and 1 size events
2023-09-26 14:07:21.707 [info] Persistent process "2": Replaying 1679 chars and 1 size events
2023-09-26 14:07:21.778 [info] Persistent process "3": Replaying 2116 chars and 1 size events
