Visual Studio Code (1.76.0, undefined, desktop)
Jupyter Extension Version: 2023.2.1200692131.
Python Extension Version: 2023.4.1.
Workspace folder /home/pi/Adafruit_Python_DHT
User belongs to experiment group 'jupyterEnhancedDataViewer'
User belongs to experiment group 'jupyterTestcf'
info 23:24:48.673: LSP Notebooks experiment is enabled
error 23:24:52.919: Failed to get activated conda env variables from Python for /home/pi/miniconda3/bin/python
                 in 4093ms
error 23:24:52.929: Unable to determine site packages path for python /home/pi/miniconda3/bin/python (Conda)
info 23:24:53.027: Process Execution: > ~/miniconda3/bin/python -m pip list
> ~/miniconda3/bin/python -m pip list
info 23:24:53.691: Process Execution: > ~/miniconda3/bin/python -c "import pip;print('6af208d0-cb9c-427f-b937-ff563e17efdf')"
> ~/miniconda3/bin/python -c "import pip;print('6af208d0-cb9c-427f-b937-ff563e17efdf')"
error 23:24:54.152: interpreterPackages getPackageInformation, Class name = Zd, completed in 5327ms, has a falsy return value, Arg 1: {"interpreter":{"id":"/home/pi/miniconda3/bin/python","sysPrefix":"/home/pi/miniconda3","envPath":{"$mid":1,"fsPath":"/home/pi/miniconda3","path":"/home/pi/miniconda3","scheme":"file"},"displayPath":{"$mid":1,"fsPath":"/home/pi/miniconda3","path":"/home/pi/miniconda3","scheme":"file"},"envName":"base","uri":{"$mid":1,"fsPath":"/home/pi/miniconda3/bin/python","external":"file:///home/pi/miniconda3/bin/python","path":"/home/pi/miniconda3/bin/python","scheme":"file"},"displayName":"base","envType":"Conda","version":{"major":3,"minor":4,"patch":3,"raw":"3.4.3 |Continuum Analytics, Inc.| (default, Aug 21 2015, 00:53:08) \n[GCC 4.6.3]"}}} [Sl [Error]: Module 'pip' not installed.
	at Cl.execModule (/home/pi/.vscode/extensions/ms-toolsai.jupyter-2023.2.1200692131/out/extension.node.js:2:1783549)
	at async Zd.getPackageInformation (/home/pi/.vscode/extensions/ms-toolsai.jupyter-2023.2.1200692131/out/extension.node.js:17:40189)] {
  category: 'notinstalled',
  moduleName: 'pip'
}
info 23:25:10.622: Shutting down notebooks for e0b31cb5-2b8b-4536-a67d-154131304dab
info 23:25:10.629: Disposing HostJupyterExecution d18bf2b4-440b-472a-bd24-5a3a8fd682db
info 23:25:10.630: Disposing HostJupyterExecution d18bf2b4-440b-472a-bd24-5a3a8fd682db
