Visual Studio Code (1.76.0, undefined, desktop)
Jupyter Extension Version: 2023.2.1200692131.
Python Extension Version: 2023.4.1.
No workspace folder opened.
사용자가 실험 그룹 'jupyterEnhancedDataViewer'에 속함
사용자가 실험 그룹 'jupyterTestcf'에 속함
info 18:07:53.521: LSP Notebooks experiment is enabled
error 18:07:59.323: Failed to get activated conda env variables from Python for /home/pi/miniconda3/bin/python
                 in 4682ms
error 18:07:59.332: Unable to determine site packages path for python /home/pi/miniconda3/bin/python (Conda)
info 18:07:59.426: Process Execution: > ~/miniconda3/bin/python -m pip list
> ~/miniconda3/bin/python -m pip list
info 18:07:59.983: Process Execution: > ~/miniconda3/bin/python -c "import pip;print('6af208d0-cb9c-427f-b937-ff563e17efdf')"
> ~/miniconda3/bin/python -c "import pip;print('6af208d0-cb9c-427f-b937-ff563e17efdf')"
error 18:08:00.144: interpreterPackages getPackageInformation, Class name = Zd, completed in 5510ms, has a falsy return value, Arg 1: {"interpreter":{"id":"/home/pi/miniconda3/bin/python","sysPrefix":"/home/pi/miniconda3","envPath":{"$mid":1,"fsPath":"/home/pi/miniconda3","path":"/home/pi/miniconda3","scheme":"file"},"displayPath":{"$mid":1,"fsPath":"/home/pi/miniconda3","path":"/home/pi/miniconda3","scheme":"file"},"envName":"base","uri":{"$mid":1,"fsPath":"/home/pi/miniconda3/bin/python","external":"file:///home/pi/miniconda3/bin/python","path":"/home/pi/miniconda3/bin/python","scheme":"file"},"displayName":"base","envType":"Conda","version":{"major":3,"minor":4,"patch":3,"raw":"3.4.3 |Continuum Analytics, Inc.| (default, Aug 21 2015, 00:53:08) \n[GCC 4.6.3]"}}} [Sl [Error]: Module 'pip' not installed.
	at Cl.execModule (/home/pi/.vscode/extensions/ms-toolsai.jupyter-2023.2.1200692131/out/extension.node.js:2:1783549)
	at async Zd.getPackageInformation (/home/pi/.vscode/extensions/ms-toolsai.jupyter-2023.2.1200692131/out/extension.node.js:17:40189)] {
  category: 'notinstalled',
  moduleName: 'pip'
}
warn 18:10:10.933: Failed to get activated env vars with python /bin/python3 in 478ms
info 18:10:11.021: Process Execution: > /bin/python3 -c "import site;print("USER_BASE_VALUE");print(site.USER_SITE);print("USER_BASE_VALUE");"
> /bin/python3 -c "import site;print("USER_BASE_VALUE");print(site.USER_SITE);print("USER_BASE_VALUE");"
info 18:10:11.438: Process Execution: > /bin/python3 -m pip list
> /bin/python3 -m pip list
error 18:17:16.375: Failed to get activated conda env variables from Python for /home/pi/miniconda3/bin/python
                 in 2078ms
error 18:17:16.379: Unable to determine site packages path for python /home/pi/miniconda3/bin/python (Conda)
info 18:17:16.421: Process Execution: > ~/miniconda3/bin/python -m pip list
> ~/miniconda3/bin/python -m pip list
info 18:17:16.622: Process Execution: > ~/miniconda3/bin/python -c "import pip;print('6af208d0-cb9c-427f-b937-ff563e17efdf')"
> ~/miniconda3/bin/python -c "import pip;print('6af208d0-cb9c-427f-b937-ff563e17efdf')"
error 18:17:16.739: interpreterPackages getPackageInformation, Class name = Zd, completed in 2438ms, has a falsy return value, Arg 1: {"interpreter":{"id":"/home/pi/miniconda3/bin/python","sysPrefix":"/home/pi/miniconda3","envPath":{"$mid":1,"fsPath":"/home/pi/miniconda3","path":"/home/pi/miniconda3","scheme":"file"},"displayPath":{"$mid":1,"fsPath":"/home/pi/miniconda3","path":"/home/pi/miniconda3","scheme":"file"},"envName":"base","uri":{"$mid":1,"fsPath":"/home/pi/miniconda3/bin/python","external":"file:///home/pi/miniconda3/bin/python","path":"/home/pi/miniconda3/bin/python","scheme":"file"},"displayName":"base","envType":"Conda","version":{"major":3,"minor":4,"patch":3,"raw":"3.4.3 |Continuum Analytics, Inc.| (default, Aug 21 2015, 00:53:08) \n[GCC 4.6.3]"}}} [Sl [Error]: Module 'pip' not installed.
	at Cl.execModule (/home/pi/.vscode/extensions/ms-toolsai.jupyter-2023.2.1200692131/out/extension.node.js:2:1783549)
	at async Zd.getPackageInformation (/home/pi/.vscode/extensions/ms-toolsai.jupyter-2023.2.1200692131/out/extension.node.js:17:40189)] {
  category: 'notinstalled',
  moduleName: 'pip'
}
warn 18:17:24.072: Failed to get activated env vars with python /bin/python3 in 118ms
info 18:17:24.126: Process Execution: > /bin/python3 -m pip list
> /bin/python3 -m pip list
info 19:09:58.676: Shutting down notebooks for 9c1bf13d-4e18-4fdb-a22a-299fa7670b2c
info 19:09:58.676: Disposing HostJupyterExecution 079c20ea-8534-48b4-9fcf-47ea24785905
info 19:09:58.678: Disposing HostJupyterExecution 079c20ea-8534-48b4-9fcf-47ea24785905
