2023-09-26 14:07:54.497 [info] 로그 수준: Info
2023-09-26 14:07:54.497 [info] "git"에서 찾은 git 유효성을 검사하는 중
2023-09-26 14:07:54.497 [info] "2.20.1"에서 git "git"을(를) 사용하는 중
2023-09-26 14:07:54.498 [info] > git rev-parse --show-toplevel [970ms]
2023-09-26 14:07:54.498 [info] fatal: detected dubious ownership in repository at '/home/pi'
To add an exception for this directory, call:

	git config --global --add safe.directory /home/pi
2023-09-26 14:07:54.511 [info] > git rev-parse --show-toplevel [51ms]
2023-09-26 14:07:54.511 [info] fatal: detected dubious ownership in repository at '/home/pi'
To add an exception for this directory, call:

	git config --global --add safe.directory /home/pi
2023-09-26 14:07:54.618 [info] > git rev-parse --show-toplevel [11ms]
2023-09-26 14:07:54.618 [info] fatal: detected dubious ownership in repository at '/home/pi'
To add an exception for this directory, call:

	git config --global --add safe.directory /home/pi
2023-09-26 14:08:00.115 [info] > git rev-parse --show-toplevel [10ms]
2023-09-26 14:08:00.116 [info] fatal: detected dubious ownership in repository at '/home/pi'
To add an exception for this directory, call:

	git config --global --add safe.directory /home/pi
2023-09-26 14:08:06.178 [info] > git rev-parse --show-toplevel [97ms]
2023-09-26 14:08:06.179 [info] fatal: detected dubious ownership in repository at '/home/pi'
To add an exception for this directory, call:

	git config --global --add safe.directory /home/pi
