2023-04-27 01:18:11.284 [info] 로그 수준: Info
2023-04-27 01:18:11.284 [info] "git"에서 찾은 git 유효성을 검사하는 중
2023-04-27 01:18:11.284 [info] "2.20.1"에서 git "git"을(를) 사용하는 중
2023-04-27 01:18:11.284 [info] > git rev-parse --show-toplevel [44ms]
2023-04-27 01:18:11.284 [info] fatal: detected dubious ownership in repository at '/home/pi'
To add an exception for this directory, call:

	git config --global --add safe.directory /home/pi
2023-04-27 01:18:11.284 [info] > git rev-parse --show-toplevel [205ms]
2023-04-27 01:18:11.284 [info] fatal: detected dubious ownership in repository at '/home/pi'
To add an exception for this directory, call:

	git config --global --add safe.directory /home/pi
2023-04-27 01:18:11.284 [info] > git rev-parse --show-toplevel [93ms]
2023-04-27 01:18:11.284 [info] fatal: detected dubious ownership in repository at '/home/pi'
To add an exception for this directory, call:

	git config --global --add safe.directory /home/pi
2023-04-27 01:18:18.716 [info] > git rev-parse --show-toplevel [180ms]
2023-04-27 01:18:18.716 [info] fatal: detected dubious ownership in repository at '/home/pi'
To add an exception for this directory, call:

	git config --global --add safe.directory /home/pi
2023-04-27 01:18:22.385 [info] > git rev-parse --show-toplevel [70ms]
2023-04-27 01:18:22.385 [info] fatal: detected dubious ownership in repository at '/home/pi'
To add an exception for this directory, call:

	git config --global --add safe.directory /home/pi
