2023-04-12 19:43:11.693 [info] 로그 수준: Info
2023-04-12 19:43:11.694 [info] "git"에서 찾은 git 유효성을 검사하는 중
2023-04-12 19:43:11.694 [info] "2.20.1"에서 git "git"을(를) 사용하는 중
2023-04-12 19:43:11.694 [info] > git rev-parse --show-toplevel [502ms]
2023-04-12 19:43:11.694 [info] fatal: detected dubious ownership in repository at '/home/pi'
To add an exception for this directory, call:

	git config --global --add safe.directory /home/pi
2023-04-12 19:43:11.694 [info] > git rev-parse --show-toplevel [206ms]
2023-04-12 19:43:11.694 [info] fatal: detected dubious ownership in repository at '/home/pi'
To add an exception for this directory, call:

	git config --global --add safe.directory /home/pi
2023-04-12 19:43:11.694 [info] > git rev-parse --show-toplevel [195ms]
2023-04-12 19:43:11.694 [info] fatal: detected dubious ownership in repository at '/home/pi'
To add an exception for this directory, call:

	git config --global --add safe.directory /home/pi
2023-04-12 19:43:13.296 [info] > git rev-parse --show-toplevel [26ms]
2023-04-12 19:43:13.296 [info] fatal: detected dubious ownership in repository at '/home/pi'
To add an exception for this directory, call:

	git config --global --add safe.directory /home/pi
2023-04-12 19:43:18.305 [info] > git rev-parse --show-toplevel [23ms]
2023-04-12 19:43:18.306 [info] fatal: detected dubious ownership in repository at '/home/pi'
To add an exception for this directory, call:

	git config --global --add safe.directory /home/pi
2023-04-12 19:43:20.569 [info] > git rev-parse --show-toplevel [29ms]
2023-04-12 19:43:20.569 [info] fatal: detected dubious ownership in repository at '/home/pi'
To add an exception for this directory, call:

	git config --global --add safe.directory /home/pi
