** Message: 22:33:41.599: environement.vala:58: Exporting primary_variable
** Message: 22:33:41.599: environement.vala:59: desktop_environnement XDG_CURRENT_DESKTOP
** Message: 22:33:41.599: environement.vala:150: confir_dirs is null, export : /etc/xdg
** Message: 22:33:41.599: environement.vala:184: Exporting XDG_CONFIG_DIRS
** Message: 22:33:41.599: environement.vala:218: custom_data :
** Message: 22:33:41.599: environement.vala:219: data_dirs :/usr/share/fkms:/usr/local/share:/usr/share/raspi-ui-overrides:/usr/share:/usr/share/gdm:/var/lib/menu-xdg
** Message: 22:33:41.599: environement.vala:220: data_dirs not null, export : /usr/share/fkms:/usr/local/share:/usr/share/raspi-ui-overrides:/usr/share:/usr/share/gdm:/var/lib/menu-xdg
** Message: 22:33:41.599: environement.vala:225: Exporting XDG_DATA_DIRS
** Message: 22:33:41.600: utils.vala:138: Config system location : /etc/xdg/lxsession/LXDE-pi
** Message: 22:33:41.603: utils.vala:144: System system path location : /etc/xdg/lxsession/LXDE-pi/desktop.conf
** Message: 22:33:41.603: utils.vala:148: Final file used : /etc/xdg/lxsession/LXDE-pi/desktop.conf
** Message: 22:33:41.603: utils.vala:39: Config system location : /etc/xdg/lxsession/LXDE-pi
** Message: 22:33:41.603: utils.vala:45: System system path location : /etc/xdg/lxsession/LXDE-pi/desktop.conf

** (lxsession:636): WARNING **: 22:33:41.606: utils.vala:70: 그런 파일이나 디렉터리가 없습니다
** Message: 22:33:41.606: settings.vala:540: 키 파일에 있는 “GTK” 그룹의 “iGtk/ColorScheme” 키가 없습니다
** Message: 22:33:41.606: settings.vala:540: 키 파일에 있는 “Session” 그룹의 “windows_manager/command” 키가 없습니다
** Message: 22:33:41.606: settings.vala:540: 키 파일에 있는 “Session” 그룹의 “panel/command” 키가 없습니다
** Message: 22:33:41.606: settings.vala:540: 키 파일에 있는 “Session” 그룹의 “dock/command” 키가 없습니다
** Message: 22:33:41.607: settings.vala:540: 키 파일에 있는 “Session” 그룹의 “file_manager/command” 키가 없습니다
** Message: 22:33:41.607: settings.vala:540: 키 파일에 있는 “Session” 그룹의 “desktop_manager/command” 키가 없습니다
** Message: 22:33:41.607: settings.vala:540: 키 파일에 있는 “Session” 그룹의 “launcher_manager/autostart” 키가 없습니다
** Message: 22:33:41.607: settings.vala:540: 키 파일에 있는 “Session” 그룹의 “composite_manager/command” 키가 없습니다
** Message: 22:33:41.607: settings.vala:540: 키 파일에 있는 “Session” 그룹의 “im1/command” 키가 없습니다
** Message: 22:33:41.607: settings.vala:540: 키 파일에 있는 “Session” 그룹의 “im2/command” 키가 없습니다
** Message: 22:33:41.607: settings.vala:540: 키 파일에 있는 “Session” 그룹의 “widget1/command” 키가 없습니다
** Message: 22:33:41.607: settings.vala:540: 키 파일에 있는 “Session” 그룹의 “notification/command” 키가 없습니다
** Message: 22:33:41.607: settings.vala:540: 키 파일에 있는 “Session” 그룹의 “keybindings/command” 키가 없습니다
** Message: 22:33:41.607: settings.vala:540: 키 파일에 있는 “Session” 그룹의 “im_manager/command” 키가 없습니다
** Message: 22:33:41.607: settings.vala:540: 키 파일에 있는 “Session” 그룹의 “screensaver/command” 키가 없습니다
** Message: 22:33:41.607: settings.vala:540: 키 파일에 있는 “Session” 그룹의 “power_manager/command” 키가 없습니다
** Message: 22:33:41.607: settings.vala:540: 키 파일에 있는 “Session” 그룹의 “audio_manager/command” 키가 없습니다
** Message: 22:33:41.607: settings.vala:540: 키 파일에 있는 “Session” 그룹의 “workspace_manager/command” 키가 없습니다
** Message: 22:33:41.607: settings.vala:540: 키 파일에 있는 “Session” 그룹의 “screenshot_manager/command” 키가 없습니다
** Message: 22:33:41.608: settings.vala:540: 키 파일에 있는 “Session” 그룹의 “message_manager/command” 키가 없습니다
** Message: 22:33:41.608: settings.vala:540: 키 파일에 있는 “Session” 그룹의 “upgrade_manager/command” 키가 없습니다
** Message: 22:33:41.608: settings.vala:540: 키 파일에 있는 “Session” 그룹의 “updates_manager/command” 키가 없습니다
** Message: 22:33:41.608: settings.vala:540: 키 파일에 있는 “Session” 그룹의 “updates_manager/timeout” 키가 없습니다
** Message: 22:33:41.608: settings.vala:540: 키 파일에 있는 “Session” 그룹의 “crash_manager/command” 키가 없습니다
** Message: 22:33:41.608: settings.vala:540: 키 파일에 있는 “Session” 그룹의 “crash_manager/dev_mode” 키가 없습니다
** Message: 22:33:41.608: settings.vala:540: 키 파일에 있는 “Session” 그룹의 “crash_manager/timeout” 키가 없습니다
** Message: 22:33:41.608: settings.vala:540: 키 파일에 있는 “Session” 그룹의 “upstart_user_session” 키가 없습니다
** Message: 22:33:41.608: settings.vala:540: 키 파일에 있는 “Session” 그룹의 “proxy_manager/http” 키가 없습니다
** Message: 22:33:41.608: settings.vala:540: 키 파일에 있는 “Session” 그룹의 “a11y/command” 키가 없습니다
** Message: 22:33:41.608: settings.vala:540: 키 파일에 있는 “Session” 그룹의 “xrandr/command” 키가 없습니다
** Message: 22:33:41.608: settings.vala:540: 키 파일에 있는 “Session” 그룹의 “network_gui/command” 키가 없습니다
** Message: 22:33:41.608: settings.vala:540: 키 파일에 있는 “Session” 그룹의 “webbrowser/command” 키가 없습니다
** Message: 22:33:41.608: settings.vala:540: 키 파일에 있는 “Session” 그룹의 “email/command” 키가 없습니다
** Message: 22:33:41.610: settings.vala:540: 키 파일에 있는 “Session” 그룹의 “pdf_reader/command” 키가 없습니다
** Message: 22:33:41.610: settings.vala:540: 키 파일에 있는 “Session” 그룹의 “video_player/command” 키가 없습니다
** Message: 22:33:41.610: settings.vala:540: 키 파일에 있는 “Session” 그룹의 “audio_player/command” 키가 없습니다
** Message: 22:33:41.610: settings.vala:540: 키 파일에 있는 “Session” 그룹의 “images_display/command” 키가 없습니다
** Message: 22:33:41.610: settings.vala:540: 키 파일에 있는 “Session” 그룹의 “text_editor/command” 키가 없습니다
** Message: 22:33:41.610: settings.vala:540: 키 파일에 있는 “Session” 그룹의 “archive/command” 키가 없습니다
** Message: 22:33:41.610: settings.vala:540: 키 파일에 있는 “Session” 그룹의 “charmap/command” 키가 없습니다
** Message: 22:33:41.610: settings.vala:540: 키 파일에 있는 “Session” 그룹의 “calculator/command” 키가 없습니다
** Message: 22:33:41.611: settings.vala:540: 키 파일에 있는 “Session” 그룹의 “spreadsheet/command” 키가 없습니다
** Message: 22:33:41.611: settings.vala:540: 키 파일에 있는 “Session” 그룹의 “bittorent/command” 키가 없습니다
** Message: 22:33:41.611: settings.vala:540: 키 파일에 있는 “Session” 그룹의 “document/command” 키가 없습니다
** Message: 22:33:41.611: settings.vala:540: 키 파일에 있는 “Session” 그룹의 “webcam/command” 키가 없습니다
** Message: 22:33:41.611: settings.vala:540: 키 파일에 있는 “Session” 그룹의 “burn/command” 키가 없습니다
** Message: 22:33:41.611: settings.vala:540: 키 파일에 있는 “Session” 그룹의 “notes/command” 키가 없습니다
** Message: 22:33:41.611: settings.vala:540: 키 파일에 있는 “Session” 그룹의 “disk_utility/command” 키가 없습니다
** Message: 22:33:41.611: settings.vala:540: 키 파일에 있는 “Session” 그룹의 “tasks/command” 키가 없습니다
** Message: 22:33:41.611: settings.vala:540: 키 파일에 “Keymap” 그룹이 없습니다
** Message: 22:33:41.611: settings.vala:540: 키 파일에 있는 “State” 그룹의 “laptop_mode” 키가 없습니다
** Message: 22:33:41.611: settings.vala:540: 키 파일에 있는 “Dbus” 그룹의 “gnome” 키가 없습니다
** Message: 22:33:41.611: settings.vala:540: 키 파일에 있는 “Environment” 그룹의 “type” 키가 없습니다
** Message: 22:33:41.611: settings.vala:540: 키 파일에 있는 “Environment” 그룹의 “ubuntu_menuproxy” 키가 없습니다
** Message: 22:33:41.611: settings.vala:540: 키 파일에 있는 “Environment” 그룹의 “toolkit_integration” 키가 없습니다
** Message: 22:33:41.611: settings.vala:540: 키 파일에 있는 “Environment” 그룹의 “gtk/overlay_scrollbar_disable” 키가 없습니다
** Message: 22:33:41.611: settings.vala:540: 키 파일에 있는 “Environment” 그룹의 “qt/force_theme” 키가 없습니다
** Message: 22:33:41.611: settings.vala:540: 키 파일에 있는 “Environment” 그룹의 “qt/platform” 키가 없습니다
** Message: 22:33:41.612: settings.vala:462: Monitoring: /etc/xdg/lxsession/LXDE-pi/desktop.conf
** Message: 22:33:41.612: settings.vala:470: Desktop file is not in config home, monitoring creation of it
** Message: 22:33:41.612: settings.vala:485: Monitoring home path: /home/pi/.config/lxsession/LXDE-pi/desktop.conf
** Message: 22:33:41.612: environement.vala:79: Exporting variable
** Message: 22:33:41.612: environement.vala:80: desktop_environnement XDG_CURRENT_DESKTOP
** Message: 22:33:41.612: environement.vala:177: custom_config :
** Message: 22:33:41.612: environement.vala:178: config_dirs :/etc/xdg
** Message: 22:33:41.612: environement.vala:179: confir_dirs not null, export : /etc/xdg
** Message: 22:33:41.612: environement.vala:184: Exporting XDG_CONFIG_DIRS
** Message: 22:33:41.613: environement.vala:218: custom_data :
** Message: 22:33:41.613: environement.vala:219: data_dirs :/usr/share/fkms:/usr/local/share:/usr/share/raspi-ui-overrides:/usr/share:/usr/share/gdm:/var/lib/menu-xdg
** Message: 22:33:41.613: environement.vala:220: data_dirs not null, export : /usr/share/fkms:/usr/local/share:/usr/share/raspi-ui-overrides:/usr/share:/usr/share/gdm:/var/lib/menu-xdg
** Message: 22:33:41.613: environement.vala:225: Exporting XDG_DATA_DIRS
** Message: 22:33:41.613: utils.vala:39: Config system location : /etc/xdg/lxsession/LXDE-pi
** Message: 22:33:41.613: utils.vala:45: System system path location : /etc/xdg/lxsession/LXDE-pi/desktop.conf

** (lxsession:636): WARNING **: 22:33:41.613: utils.vala:70: 그런 파일이나 디렉터리가 없습니다
** Message: 22:33:41.613: environement.vala:254: No entry in [Environment_variable]. 키 파일에 “Environment_variable” 그룹이 없습니다
** Message: 22:33:41.619: utils.vala:138: Config system location : /etc/xdg/lxsession/LXDE-pi
** Message: 22:33:41.619: utils.vala:144: System system path location : /etc/xdg/lxsession/LXDE-pi/conffiles.conf
** Message: 22:33:41.619: utils.vala:148: Final file used : /etc/xdg/lxsession/LXDE-pi/conffiles.conf
** Message: 22:33:41.619: options.vala:164: Activate xsettings_manager build-in
** Message: 22:33:41.619: utils.vala:39: Config system location : /etc/xdg/lxsession/LXDE-pi
** Message: 22:33:41.619: utils.vala:45: System system path location : /etc/xdg/lxsession/LXDE-pi/desktop.conf

** (lxsession:636): WARNING **: 22:33:41.619: utils.vala:70: 그런 파일이나 디렉터리가 없습니다
xprop:  no such property "_NET_NUMBER_OF_DESKTOPS"
xprop:  no such property "_NET_DESKTOP_NAMES"
** Message: 22:33:41.660: app.vala:721: polkit separate
** Message: 22:33:41.660: app.vala:721: polkit separate
** Message: 22:33:41.671: app.vala:76: Launching lxpolkit 
** Message: 22:33:41.671: utils.vala:138: Config system location : /etc/xdg/lxsession/LXDE-pi
** Message: 22:33:41.672: utils.vala:144: System system path location : /etc/xdg/lxsession/LXDE-pi/autostart
** Message: 22:33:41.672: utils.vala:148: Final file used : /etc/xdg/lxsession/LXDE-pi/autostart
** Message: 22:33:41.672: autostart.vala:42: Autostart path : /etc/xdg/lxsession/LXDE-pi/autostart
** Message: 22:33:41.691: app.vala:76: Launching lxpanel 
** Message: 22:33:41.706: app.vala:76: Launching pcmanfm 

** (lxsession:636): WARNING **: 22:33:41.720: app.vala:86: 하위 프로세스 “xscreensaver”을(를) 실행하기 실패 (그런 파일이나 디렉터리가 없습니다)

** (lxsession:636): WARNING **: 22:33:41.720: app.vala:87: Error when launching xscreensaver
** Message: 22:33:41.728: options.vala:107: Create build-in Clipboard
** Message: 22:33:41.730: main.vala:441: Check keymap_mode (null)
** Message: 22:33:41.738: app.vala:76: Launching /usr/bin/ssh-agent 
SSH_AUTH_SOCK=/tmp/ssh-w0M1ApvPbAWA/agent.739; export SSH_AUTH_SOCK;
SSH_AGENT_PID=744; export SSH_AGENT_PID;
echo Agent pid 744;
** Message: 22:33:41.992: app.vala:130: /usr/bin/ssh-agent exit with this type of exit: 0
** Message: 22:33:42.007: x-terminal-emulator has very limited support, consider choose another terminal
Obt-Message: Failed to open an Input Method
** Message: 22:33:42.082: x-terminal-emulator has very limited support, consider choose another terminal
grep: /home/pi/.config/lxpanel/LXDE-pi/panels/*: 그런 파일이나 디렉터리가 없습니다
Openbox-Message: Unable to find a valid menu file "/usr/share/lxde/openbox/menu.xml"
** Message: 22:33:43.751: Connecting ...
** Message: 22:33:43.751: Status changed to down
Unit pt-device-manager.service could not be found.

** (lxpanel:734): WARNING **: 22:33:43.981: Battery 0 not found
** Message: 22:33:44.753: Status changed to opened
** Message: 22:33:44.753: Connected to dhcpcd-8.1.2
** Message: 22:33:44.754: Status changed to connecting
** Message: 22:33:44.754: eth0: Link is down
** Message: 22:33:44.754: wlan0: Associated with U+Net1410_5G
** Message: 22:33:44.756: wlan0: WPA status connected
** Message: 22:33:44.756: wlan0: Received scan results
** Message: 22:33:48.637: wlan0: Configured 192.168.219.103/24
** Message: 22:33:48.637: Status changed to connected
** Message: 23:23:04.774: wlan0: Received scan results
** Message: 23:23:05.046: wlan0: Disassociated from U+Net1410_5G
** Message: 23:23:05.050: Status changed to disconnected
** Message: 23:23:07.729: wlan0: Associated with U+Net1410
** Message: 23:23:07.739: Status changed to connecting
** Message: 23:23:13.229: wlan0: Configured 192.168.219.103/24
** Message: 23:23:13.230: Status changed to connected
** Message: 23:24:04.725: wlan0: Received scan results
** Message: 23:24:04.938: wlan0: Disassociated from U+Net1410
** Message: 23:24:04.940: Status changed to disconnected
** Message: 23:24:07.670: wlan0: Associated with U+Net1410_5G
** Message: 23:24:07.676: Status changed to connecting
** Message: 23:24:14.039: wlan0: Configured 192.168.219.103/24
** Message: 23:24:14.040: Status changed to connected
** Message: 23:25:04.795: wlan0: Received scan results
** Message: 23:25:05.028: wlan0: Disassociated from U+Net1410_5G
** Message: 23:25:05.031: Status changed to disconnected
** Message: 23:25:07.766: wlan0: Associated with U+Net1410
** Message: 23:25:07.772: Status changed to connecting
** Message: 23:25:12.789: wlan0: Configured 192.168.219.103/24
** Message: 23:25:12.790: Status changed to connected
** Message: 23:26:04.809: wlan0: Received scan results
