2023-09-26 04:00:52.080 [info] 로그 수준: Info
2023-09-26 04:00:52.080 [info] "git"에서 찾은 git 유효성을 검사하는 중
2023-09-26 04:00:52.080 [info] "2.20.1"에서 git "git"을(를) 사용하는 중
2023-09-26 04:00:52.086 [info] > git rev-parse --show-toplevel [198ms]
2023-09-26 04:00:52.086 [info] fatal: detected dubious ownership in repository at '/home/pi'
To add an exception for this directory, call:

	git config --global --add safe.directory /home/pi
2023-09-26 04:00:52.378 [info] > git rev-parse --show-toplevel [84ms]
2023-09-26 04:00:52.378 [info] fatal: detected dubious ownership in repository at '/home/pi'
To add an exception for this directory, call:

	git config --global --add safe.directory /home/pi
2023-09-26 04:00:57.066 [info] > git rev-parse --show-toplevel [117ms]
2023-09-26 04:00:57.066 [info] fatal: detected dubious ownership in repository at '/home/pi'
To add an exception for this directory, call:

	git config --global --add safe.directory /home/pi
2023-09-26 04:01:01.368 [info] > git rev-parse --show-toplevel [173ms]
2023-09-26 04:01:01.368 [info] fatal: detected dubious ownership in repository at '/home/pi'
To add an exception for this directory, call:

	git config --global --add safe.directory /home/pi
2023-09-26 04:01:05.521 [info] > git rev-parse --show-toplevel [35ms]
2023-09-26 04:01:05.522 [info] fatal: detected dubious ownership in repository at '/home/pi'
To add an exception for this directory, call:

	git config --global --add safe.directory /home/pi
2023-09-26 04:01:08.087 [info] > git rev-parse --show-toplevel [31ms]
2023-09-26 04:01:08.087 [info] fatal: detected dubious ownership in repository at '/home/pi'
To add an exception for this directory, call:

	git config --global --add safe.directory /home/pi
