2023-04-10 23:23:49.940 [info] Extension host with pid 6159 started
2023-04-10 23:23:49.941 [info] Skipping acquiring lock for /home/pi/.config/Code/User/workspaceStorage/a6ac638020f6bfa374711ef3a55fd693.
2023-04-10 23:23:50.682 [info] ExtensionService#_doActivateExtension vscode.emmet, startup: false, activationEvent: 'onLanguage'
2023-04-10 23:23:50.700 [info] ExtensionService#_doActivateExtension vscode.git-base, startup: true, activationEvent: '*', root cause: vscode.git
2023-04-10 23:23:50.772 [info] ExtensionService#_doActivateExtension ms-python.python, startup: true, activationEvent: 'workspaceContains:setup.py'
2023-04-10 23:23:51.369 [warning] Using default string since no string found in i18n bundle that has the key: You need to select a Python interpreter before you start debugging.

Tip: click on "Select Interpreter" in the status bar.
2023-04-10 23:23:51.374 [warning] Using default string since no string found in i18n bundle that has the key: The Python extension now includes Pylance to improve completions, code navigation, overall performance and much more! You can learn more about the update and learn how to change your language server [here](https://aka.ms/new-python-bundle).

Read Pylance's license [here](https://marketplace.visualstudio.com/items/ms-python.vscode-pylance/license).
2023-04-10 23:23:51.378 [warning] Using default string since no string found in i18n bundle that has the key: cwd:
2023-04-10 23:23:51.381 [warning] Using default string since no string found in i18n bundle that has the key: The Microsoft Python Language Server has reached end of life. Your language server has been set to the default for Python in VS Code, Pylance.

If you'd like to change your language server, you can learn about how to do so [here](https://devblogs.microsoft.com/python/python-in-visual-studio-code-may-2021-release/#configuring-your-language-server).

Read Pylance's license [here](https://marketplace.visualstudio.com/items/ms-python.vscode-pylance/license).
2023-04-10 23:23:53.586 [info] ExtensionService#_doActivateExtension vscode.git, startup: true, activationEvent: '*'
2023-04-10 23:23:53.598 [info] ExtensionService#_doActivateExtension vscode.github, startup: true, activationEvent: '*'
2023-04-10 23:23:55.864 [info] Eager extensions activated
2023-04-10 23:23:56.139 [info] Extension host terminating: renderer closed the MessagePort
2023-04-10 23:23:56.224 [error] Canceled: Canceled
	at Object.P [as canceled] (/usr/share/code/resources/app/out/vs/workbench/api/node/extensionHostProcess.js:7:1192)
	at /usr/share/code/resources/app/out/vs/workbench/api/node/extensionHostProcess.js:106:7884
	at Array.forEach (<anonymous>)
	at c.dispose (/usr/share/code/resources/app/out/vs/workbench/api/node/extensionHostProcess.js:106:7849)
	at f.terminate (/usr/share/code/resources/app/out/vs/workbench/api/node/extensionHostProcess.js:108:9323)
	at u.terminate (/usr/share/code/resources/app/out/vs/workbench/api/node/extensionHostProcess.js:112:1397)
	at p (/usr/share/code/resources/app/out/vs/workbench/api/node/extensionHostProcess.js:122:18592)
	at MessagePortMain.<anonymous> (/usr/share/code/resources/app/out/vs/workbench/api/node/extensionHostProcess.js:122:14731)
	at MessagePortMain.emit (node:events:526:28)
	at MessagePortMain._internalPort.emit (node:electron/js2c/utility_init:5:364) setContext undefined
2023-04-10 23:23:56.225 [error] Canceled: Canceled
	at Object.P [as canceled] (/usr/share/code/resources/app/out/vs/workbench/api/node/extensionHostProcess.js:7:1192)
	at /usr/share/code/resources/app/out/vs/workbench/api/node/extensionHostProcess.js:106:7884
	at Array.forEach (<anonymous>)
	at c.dispose (/usr/share/code/resources/app/out/vs/workbench/api/node/extensionHostProcess.js:106:7849)
	at f.terminate (/usr/share/code/resources/app/out/vs/workbench/api/node/extensionHostProcess.js:108:9323)
	at u.terminate (/usr/share/code/resources/app/out/vs/workbench/api/node/extensionHostProcess.js:112:1397)
	at p (/usr/share/code/resources/app/out/vs/workbench/api/node/extensionHostProcess.js:122:18592)
	at MessagePortMain.<anonymous> (/usr/share/code/resources/app/out/vs/workbench/api/node/extensionHostProcess.js:122:14731)
	at MessagePortMain.emit (node:events:526:28)
	at MessagePortMain._internalPort.emit (node:electron/js2c/utility_init:5:364) setContext undefined
2023-04-10 23:23:56.226 [error] Canceled: Canceled
	at Object.P [as canceled] (/usr/share/code/resources/app/out/vs/workbench/api/node/extensionHostProcess.js:7:1192)
	at /usr/share/code/resources/app/out/vs/workbench/api/node/extensionHostProcess.js:106:7884
	at Array.forEach (<anonymous>)
	at c.dispose (/usr/share/code/resources/app/out/vs/workbench/api/node/extensionHostProcess.js:106:7849)
	at f.terminate (/usr/share/code/resources/app/out/vs/workbench/api/node/extensionHostProcess.js:108:9323)
	at u.terminate (/usr/share/code/resources/app/out/vs/workbench/api/node/extensionHostProcess.js:112:1397)
	at p (/usr/share/code/resources/app/out/vs/workbench/api/node/extensionHostProcess.js:122:18592)
	at MessagePortMain.<anonymous> (/usr/share/code/resources/app/out/vs/workbench/api/node/extensionHostProcess.js:122:14731)
	at MessagePortMain.emit (node:events:526:28)
	at MessagePortMain._internalPort.emit (node:electron/js2c/utility_init:5:364) setContext undefined
2023-04-10 23:23:56.227 [error] Canceled: Canceled
	at Object.P [as canceled] (/usr/share/code/resources/app/out/vs/workbench/api/node/extensionHostProcess.js:7:1192)
	at /usr/share/code/resources/app/out/vs/workbench/api/node/extensionHostProcess.js:106:7884
	at Array.forEach (<anonymous>)
	at c.dispose (/usr/share/code/resources/app/out/vs/workbench/api/node/extensionHostProcess.js:106:7849)
	at f.terminate (/usr/share/code/resources/app/out/vs/workbench/api/node/extensionHostProcess.js:108:9323)
	at u.terminate (/usr/share/code/resources/app/out/vs/workbench/api/node/extensionHostProcess.js:112:1397)
	at p (/usr/share/code/resources/app/out/vs/workbench/api/node/extensionHostProcess.js:122:18592)
	at MessagePortMain.<anonymous> (/usr/share/code/resources/app/out/vs/workbench/api/node/extensionHostProcess.js:122:14731)
	at MessagePortMain.emit (node:events:526:28)
	at MessagePortMain._internalPort.emit (node:electron/js2c/utility_init:5:364) setContext undefined
2023-04-10 23:23:56.230 [error] Canceled: Canceled
	at Object.P [as canceled] (/usr/share/code/resources/app/out/vs/workbench/api/node/extensionHostProcess.js:7:1192)
	at /usr/share/code/resources/app/out/vs/workbench/api/node/extensionHostProcess.js:106:7884
	at Array.forEach (<anonymous>)
	at c.dispose (/usr/share/code/resources/app/out/vs/workbench/api/node/extensionHostProcess.js:106:7849)
	at f.terminate (/usr/share/code/resources/app/out/vs/workbench/api/node/extensionHostProcess.js:108:9323)
	at u.terminate (/usr/share/code/resources/app/out/vs/workbench/api/node/extensionHostProcess.js:112:1397)
	at p (/usr/share/code/resources/app/out/vs/workbench/api/node/extensionHostProcess.js:122:18592)
	at MessagePortMain.<anonymous> (/usr/share/code/resources/app/out/vs/workbench/api/node/extensionHostProcess.js:122:14731)
	at MessagePortMain.emit (node:events:526:28)
	at MessagePortMain._internalPort.emit (node:electron/js2c/utility_init:5:364) setContext undefined
2023-04-10 23:23:56.235 [error] Canceled: Canceled
	at Object.P [as canceled] (/usr/share/code/resources/app/out/vs/workbench/api/node/extensionHostProcess.js:7:1192)
	at /usr/share/code/resources/app/out/vs/workbench/api/node/extensionHostProcess.js:106:7884
	at Array.forEach (<anonymous>)
	at c.dispose (/usr/share/code/resources/app/out/vs/workbench/api/node/extensionHostProcess.js:106:7849)
	at f.terminate (/usr/share/code/resources/app/out/vs/workbench/api/node/extensionHostProcess.js:108:9323)
	at u.terminate (/usr/share/code/resources/app/out/vs/workbench/api/node/extensionHostProcess.js:112:1397)
	at p (/usr/share/code/resources/app/out/vs/workbench/api/node/extensionHostProcess.js:122:18592)
	at MessagePortMain.<anonymous> (/usr/share/code/resources/app/out/vs/workbench/api/node/extensionHostProcess.js:122:14731)
	at MessagePortMain.emit (node:events:526:28)
	at MessagePortMain._internalPort.emit (node:electron/js2c/utility_init:5:364) setContext undefined
2023-04-10 23:23:56.239 [error] Canceled: Canceled
	at Object.P [as canceled] (/usr/share/code/resources/app/out/vs/workbench/api/node/extensionHostProcess.js:7:1192)
	at /usr/share/code/resources/app/out/vs/workbench/api/node/extensionHostProcess.js:106:7884
	at Array.forEach (<anonymous>)
	at c.dispose (/usr/share/code/resources/app/out/vs/workbench/api/node/extensionHostProcess.js:106:7849)
	at f.terminate (/usr/share/code/resources/app/out/vs/workbench/api/node/extensionHostProcess.js:108:9323)
	at u.terminate (/usr/share/code/resources/app/out/vs/workbench/api/node/extensionHostProcess.js:112:1397)
	at p (/usr/share/code/resources/app/out/vs/workbench/api/node/extensionHostProcess.js:122:18592)
	at MessagePortMain.<anonymous> (/usr/share/code/resources/app/out/vs/workbench/api/node/extensionHostProcess.js:122:14731)
	at MessagePortMain.emit (node:events:526:28)
	at MessagePortMain._internalPort.emit (node:electron/js2c/utility_init:5:364) setContext undefined
2023-04-10 23:23:56.251 [error] Canceled: Canceled
	at Object.P [as canceled] (/usr/share/code/resources/app/out/vs/workbench/api/node/extensionHostProcess.js:7:1192)
	at /usr/share/code/resources/app/out/vs/workbench/api/node/extensionHostProcess.js:106:7884
	at Array.forEach (<anonymous>)
	at c.dispose (/usr/share/code/resources/app/out/vs/workbench/api/node/extensionHostProcess.js:106:7849)
	at f.terminate (/usr/share/code/resources/app/out/vs/workbench/api/node/extensionHostProcess.js:108:9323)
	at u.terminate (/usr/share/code/resources/app/out/vs/workbench/api/node/extensionHostProcess.js:112:1397)
	at p (/usr/share/code/resources/app/out/vs/workbench/api/node/extensionHostProcess.js:122:18592)
	at MessagePortMain.<anonymous> (/usr/share/code/resources/app/out/vs/workbench/api/node/extensionHostProcess.js:122:14731)
	at MessagePortMain.emit (node:events:526:28)
	at MessagePortMain._internalPort.emit (node:electron/js2c/utility_init:5:364) setContext undefined
2023-04-10 23:23:56.254 [error] Canceled: Canceled
	at Object.P [as canceled] (/usr/share/code/resources/app/out/vs/workbench/api/node/extensionHostProcess.js:7:1192)
	at /usr/share/code/resources/app/out/vs/workbench/api/node/extensionHostProcess.js:106:7884
	at Array.forEach (<anonymous>)
	at c.dispose (/usr/share/code/resources/app/out/vs/workbench/api/node/extensionHostProcess.js:106:7849)
	at f.terminate (/usr/share/code/resources/app/out/vs/workbench/api/node/extensionHostProcess.js:108:9323)
	at u.terminate (/usr/share/code/resources/app/out/vs/workbench/api/node/extensionHostProcess.js:112:1397)
	at p (/usr/share/code/resources/app/out/vs/workbench/api/node/extensionHostProcess.js:122:18592)
	at MessagePortMain.<anonymous> (/usr/share/code/resources/app/out/vs/workbench/api/node/extensionHostProcess.js:122:14731)
	at MessagePortMain.emit (node:events:526:28)
	at MessagePortMain._internalPort.emit (node:electron/js2c/utility_init:5:364) setContext undefined
2023-04-10 23:23:56.255 [error] Canceled: Canceled
	at Object.P [as canceled] (/usr/share/code/resources/app/out/vs/workbench/api/node/extensionHostProcess.js:7:1192)
	at /usr/share/code/resources/app/out/vs/workbench/api/node/extensionHostProcess.js:106:7884
	at Array.forEach (<anonymous>)
	at c.dispose (/usr/share/code/resources/app/out/vs/workbench/api/node/extensionHostProcess.js:106:7849)
	at f.terminate (/usr/share/code/resources/app/out/vs/workbench/api/node/extensionHostProcess.js:108:9323)
	at u.terminate (/usr/share/code/resources/app/out/vs/workbench/api/node/extensionHostProcess.js:112:1397)
	at p (/usr/share/code/resources/app/out/vs/workbench/api/node/extensionHostProcess.js:122:18592)
	at MessagePortMain.<anonymous> (/usr/share/code/resources/app/out/vs/workbench/api/node/extensionHostProcess.js:122:14731)
	at MessagePortMain.emit (node:events:526:28)
	at MessagePortMain._internalPort.emit (node:electron/js2c/utility_init:5:364) setContext undefined
2023-04-10 23:23:56.274 [error] Canceled: Canceled
	at new a (/usr/share/code/resources/app/out/vs/workbench/api/node/extensionHostProcess.js:96:88793)
	at c.O (/usr/share/code/resources/app/out/vs/workbench/api/node/extensionHostProcess.js:106:11260)
	at V.<computed>.Q.charCodeAt.V.<computed> (/usr/share/code/resources/app/out/vs/workbench/api/node/extensionHostProcess.js:106:8550)
	at l.g (/usr/share/code/resources/app/out/vs/workbench/api/node/extensionHostProcess.js:96:108198)
	at l.executeCommand (/usr/share/code/resources/app/out/vs/workbench/api/node/extensionHostProcess.js:96:107574)
	at O.registerCommand.description (/usr/share/code/resources/app/out/vs/workbench/api/node/extensionHostProcess.js:96:106867)
	at l.h (/usr/share/code/resources/app/out/vs/workbench/api/node/extensionHostProcess.js:96:108784)
	at l.g (/usr/share/code/resources/app/out/vs/workbench/api/node/extensionHostProcess.js:96:107674)
	at l.executeCommand (/usr/share/code/resources/app/out/vs/workbench/api/node/extensionHostProcess.js:96:107574)
	at Object.executeCommand (/usr/share/code/resources/app/out/vs/workbench/api/node/extensionHostProcess.js:117:30781)
	at D (/usr/share/code/resources/app/extensions/git/dist/main.js:2:1467127)
	at f.invoke (/usr/share/code/resources/app/out/vs/workbench/api/node/extensionHostProcess.js:63:145)
	at g.deliver (/usr/share/code/resources/app/out/vs/workbench/api/node/extensionHostProcess.js:63:2066)
	at h.fire (/usr/share/code/resources/app/out/vs/workbench/api/node/extensionHostProcess.js:63:1704)
	at Object.m [as dispose] (/usr/share/code/resources/app/extensions/git/dist/main.js:2:1481856)
	at /usr/share/code/resources/app/extensions/git/dist/main.js:2:1485923
	at Array.forEach (<anonymous>)
	at g.dispose (/usr/share/code/resources/app/extensions/git/dist/main.js:2:1485909)
	at C.<anonymous> (/usr/share/code/resources/app/out/vs/workbench/api/node/extensionHostProcess.js:94:12431)
	at C.dispose (/usr/share/code/resources/app/out/vs/workbench/api/node/extensionHostProcess.js:94:12566)
	at C.<anonymous> (/usr/share/code/resources/app/extensions/git/dist/main.js:2:1469257)
	at C.dispose (/usr/share/code/resources/app/out/vs/workbench/api/node/extensionHostProcess.js:94:12566)
	at k (/usr/share/code/resources/app/out/vs/workbench/api/node/extensionHostProcess.js:10:12074)
	at f.X (/usr/share/code/resources/app/out/vs/workbench/api/node/extensionHostProcess.js:108:11284)
	at /usr/share/code/resources/app/out/vs/workbench/api/node/extensionHostProcess.js:108:9088
	at Array.map (<anonymous>)
	at f.Q (/usr/share/code/resources/app/out/vs/workbench/api/node/extensionHostProcess.js:108:9075)
	at f.terminate (/usr/share/code/resources/app/out/vs/workbench/api/node/extensionHostProcess.js:108:9347)
	at u.terminate (/usr/share/code/resources/app/out/vs/workbench/api/node/extensionHostProcess.js:112:1397)
	at p (/usr/share/code/resources/app/out/vs/workbench/api/node/extensionHostProcess.js:122:18592)
	at MessagePortMain.<anonymous> (/usr/share/code/resources/app/out/vs/workbench/api/node/extensionHostProcess.js:122:14731)
	at MessagePortMain.emit (node:events:526:28)
	at MessagePortMain._internalPort.emit (node:electron/js2c/utility_init:5:364) setContext undefined
2023-04-10 23:23:56.300 [info] Extension host with pid 6159 exiting with code 0
